{"level":"error","message":"404 - The requested resource couldn't be found. - /api/parks/1 - GET - ::1","timestamp":"2022-05-07T10:53:10.134Z"}
{"level":"error","message":"404 - The requested resource couldn't be found. - /api/parks/1 - GET - ::1","timestamp":"2022-05-07T10:53:10.143Z"}
{"level":"error","message":"404 - The requested resource couldn't be found. - /api/parks/random_picture - GET - ::1","timestamp":"2022-05-07T10:53:20.162Z"}
{"level":"error","message":"403 - invalid csrf token - /api/session - POST - ::ffff:127.0.0.1","timestamp":"2022-05-07T12:45:53.863Z"}
{"level":"error","message":"403 - invalid csrf token - /api/session - POST - ::ffff:127.0.0.1","timestamp":"2022-05-07T12:46:28.988Z"}
{"level":"error","message":"403 - invalid csrf token - /api/session - POST - ::1","timestamp":"2022-05-07T12:47:31.943Z"}
{"level":"error","message":"403 - invalid csrf token - /api/session - POST - ::1","timestamp":"2022-05-07T12:48:03.217Z"}
{"level":"error","message":"403 - invalid csrf token - /api/session - POST - ::1","timestamp":"2022-05-07T12:53:48.466Z"}
{"level":"error","message":"403 - invalid csrf token - /api/session - POST - ::1","timestamp":"2022-05-07T12:54:08.255Z"}
{"level":"error","message":"403 - invalid csrf token - /api/session - POST - ::1","timestamp":"2022-05-07T12:56:22.450Z"}
{"level":"error","message":"403 - invalid csrf token - /api/session - POST - ::1","timestamp":"2022-05-07T12:57:24.368Z"}
{"level":"error","message":"403 - invalid csrf token - /api/session - POST - ::1","timestamp":"2022-05-07T13:01:00.473Z"}
{"level":"error","message":"403 - invalid csrf token - /api/session - POST - ::1","timestamp":"2022-05-07T13:02:15.661Z"}
{"level":"error","message":"403 - invalid csrf token - /api/session - POST - ::1","timestamp":"2022-05-07T13:02:31.027Z"}
{"level":"error","message":"403 - invalid csrf token - /api/session - POST - ::1","timestamp":"2022-05-07T13:03:43.468Z"}
{"level":"error","message":"403 - invalid csrf token - /api/session - POST - ::1","timestamp":"2022-05-07T13:03:54.810Z"}
{"level":"error","message":"403 - invalid csrf token - /api/session - POST - ::1","timestamp":"2022-05-07T13:04:02.176Z"}
{"level":"error","message":"403 - invalid csrf token - /api/session - POST - ::1","timestamp":"2022-05-07T13:04:02.843Z"}
{"level":"error","message":"403 - invalid csrf token - /api/session - POST - ::1","timestamp":"2022-05-07T13:04:03.748Z"}
{"level":"error","message":"403 - invalid csrf token - /api/session - POST - ::1","timestamp":"2022-05-07T13:04:05.175Z"}
{"level":"error","message":"403 - invalid csrf token - /api/session - POST - ::1","timestamp":"2022-05-07T13:04:05.695Z"}
{"level":"error","message":"403 - invalid csrf token - /api/session - POST - ::1","timestamp":"2022-05-07T13:13:42.676Z"}
{"level":"error","message":"403 - invalid csrf token - /api/session - POST - ::1","timestamp":"2022-05-07T13:14:37.501Z"}
{"level":"error","message":"403 - invalid csrf token - /api/session - POST - ::1","timestamp":"2022-05-07T13:17:13.718Z"}
{"level":"error","message":"403 - invalid csrf token - /api/session - POST - ::1","timestamp":"2022-05-07T13:18:47.630Z"}
{"level":"error","message":"403 - invalid csrf token - /api/session - POST - ::1","timestamp":"2022-05-07T13:19:15.299Z"}
{"level":"error","message":"403 - invalid csrf token - /api/session - POST - ::1","timestamp":"2022-05-07T13:19:30.088Z"}
{"date":"Sat May 07 2022 09:20:17 GMT-0400 (Eastern Daylight Time)","error":{},"exception":true,"level":"error","message":"uncaughtException: ContentSecurity is not defined\nReferenceError: ContentSecurity is not defined\n    at Object.<anonymous> (/Users/seancotter/Desktop/lfg_project/backend/app.js:30:3)\n    at Module._compile (internal/modules/cjs/loader.js:1072:14)\n    at Object.Module._extensions..js (internal/modules/cjs/loader.js:1101:10)\n    at Module.load (internal/modules/cjs/loader.js:937:32)\n    at Function.Module._load (internal/modules/cjs/loader.js:778:12)\n    at Module.require (internal/modules/cjs/loader.js:961:19)\n    at require (internal/modules/cjs/helpers.js:92:18)\n    at Object.<anonymous> (/Users/seancotter/Desktop/lfg_project/backend/bin/www:8:13)\n    at Module._compile (internal/modules/cjs/loader.js:1072:14)\n    at Object.Module._extensions..js (internal/modules/cjs/loader.js:1101:10)","os":{"loadavg":[2.05029296875,1.5439453125,1.5537109375],"uptime":7638},"process":{"argv":["/Users/seancotter/.nvm/versions/node/v14.17.5/bin/node","/Users/seancotter/Desktop/lfg_project/backend/bin/www"],"cwd":"/Users/seancotter/Desktop/lfg_project/backend","execPath":"/Users/seancotter/.nvm/versions/node/v14.17.5/bin/node","gid":20,"memoryUsage":{"arrayBuffers":518858,"external":2017411,"heapTotal":33701888,"heapUsed":16884424,"rss":62078976},"pid":8028,"uid":501,"version":"v14.17.5"},"stack":"ReferenceError: ContentSecurity is not defined\n    at Object.<anonymous> (/Users/seancotter/Desktop/lfg_project/backend/app.js:30:3)\n    at Module._compile (internal/modules/cjs/loader.js:1072:14)\n    at Object.Module._extensions..js (internal/modules/cjs/loader.js:1101:10)\n    at Module.load (internal/modules/cjs/loader.js:937:32)\n    at Function.Module._load (internal/modules/cjs/loader.js:778:12)\n    at Module.require (internal/modules/cjs/loader.js:961:19)\n    at require (internal/modules/cjs/helpers.js:92:18)\n    at Object.<anonymous> (/Users/seancotter/Desktop/lfg_project/backend/bin/www:8:13)\n    at Module._compile (internal/modules/cjs/loader.js:1072:14)\n    at Object.Module._extensions..js (internal/modules/cjs/loader.js:1101:10)","timestamp":"2022-05-07T13:20:17.576Z","trace":[{"column":3,"file":"/Users/seancotter/Desktop/lfg_project/backend/app.js","function":null,"line":30,"method":null,"native":false},{"column":14,"file":"internal/modules/cjs/loader.js","function":"Module._compile","line":1072,"method":"_compile","native":false},{"column":10,"file":"internal/modules/cjs/loader.js","function":"Module._extensions..js","line":1101,"method":".js","native":false},{"column":32,"file":"internal/modules/cjs/loader.js","function":"Module.load","line":937,"method":"load","native":false},{"column":12,"file":"internal/modules/cjs/loader.js","function":"Module._load","line":778,"method":"_load","native":false},{"column":19,"file":"internal/modules/cjs/loader.js","function":"Module.require","line":961,"method":"require","native":false},{"column":18,"file":"internal/modules/cjs/helpers.js","function":"require","line":92,"method":null,"native":false},{"column":13,"file":"/Users/seancotter/Desktop/lfg_project/backend/bin/www","function":null,"line":8,"method":null,"native":false},{"column":14,"file":"internal/modules/cjs/loader.js","function":"Module._compile","line":1072,"method":"_compile","native":false},{"column":10,"file":"internal/modules/cjs/loader.js","function":"Module._extensions..js","line":1101,"method":".js","native":false}]}
{"level":"error","message":"403 - invalid csrf token - /api/session - POST - ::1","timestamp":"2022-05-07T13:20:29.604Z"}
{"level":"error","message":"403 - invalid csrf token - /api/session - POST - ::1","timestamp":"2022-05-07T13:23:19.344Z"}
{"level":"error","message":"403 - invalid csrf token - /api/session - POST - ::1","timestamp":"2022-05-07T13:24:17.643Z"}
{"level":"error","message":"403 - invalid csrf token - /api/session - POST - ::1","timestamp":"2022-05-07T13:24:41.022Z"}
{"level":"error","message":"403 - invalid csrf token - /api/session - POST - ::1","timestamp":"2022-05-07T13:26:15.900Z"}
{"level":"error","message":"403 - invalid csrf token - /api/session - POST - ::1","timestamp":"2022-05-07T13:26:20.371Z"}
{"level":"error","message":"403 - invalid csrf token - /api/session - POST - ::1","timestamp":"2022-05-07T13:26:50.171Z"}
{"level":"error","message":"403 - invalid csrf token - /api/session - POST - ::1","timestamp":"2022-05-07T13:28:21.851Z"}
{"level":"error","message":"403 - invalid csrf token - /api/session - POST - ::1","timestamp":"2022-05-07T13:28:39.098Z"}
{"level":"error","message":"401 - Login failed - /api/session - POST - ::ffff:127.0.0.1","timestamp":"2022-05-07T13:30:08.815Z"}
