{"level":"info","message":"GET /api/csrf/restore 201 2 - 6.019 ms","timestamp":"2022-05-14T16:16:24.246Z"}
{"level":"info","message":"GET /static/trip_gif.webp 304 - - 3.315 ms","timestamp":"2022-05-14T16:16:24.247Z"}
{"level":"info","message":"GET /api/session 200 240 - 39.362 ms","timestamp":"2022-05-14T16:16:24.304Z"}
{"level":"info","message":"GET /static/no_profile_pic.jpeg 304 - - 1.343 ms","timestamp":"2022-05-14T16:16:26.379Z"}
{"level":"info","message":"DELETE /api/session 200 21 - 25.425 ms","timestamp":"2022-05-14T16:16:28.641Z"}
{"level":"info","message":"POST /api/session 200 240 - 136.903 ms","timestamp":"2022-05-14T16:16:29.801Z"}
{"level":"info","message":"GET /api/csrf/restore 201 2 - 10.566 ms","timestamp":"2022-05-14T16:29:10.731Z"}
{"level":"info","message":"GET /static/trip_gif.webp 304 - - 6.746 ms","timestamp":"2022-05-14T16:29:10.736Z"}
{"level":"info","message":"GET /api/session 200 240 - 45.585 ms","timestamp":"2022-05-14T16:29:10.792Z"}
{"level":"info","message":"GET /static/no_profile_pic.jpeg 304 - - 1.038 ms","timestamp":"2022-05-14T16:29:12.245Z"}
{"level":"info","message":"GET /static/trip_gif.webp 304 - - 5.362 ms","timestamp":"2022-05-14T16:54:28.895Z"}
{"level":"info","message":"GET /api/csrf/restore 201 2 - 4.576 ms","timestamp":"2022-05-14T16:54:28.899Z"}
{"level":"info","message":"GET /api/session 304 - - 63.966 ms","timestamp":"2022-05-14T16:54:28.966Z"}
{"level":"info","message":"GET /api/csrf/restore 201 2 - 5.823 ms","timestamp":"2022-05-14T18:07:40.750Z"}
{"level":"info","message":"GET /static/trip_gif.webp 304 - - 5.641 ms","timestamp":"2022-05-14T18:07:40.749Z"}
{"level":"info","message":"GET /api/session 304 - - 25.425 ms","timestamp":"2022-05-14T18:07:40.806Z"}
{"level":"info","message":"POST /test/category 201 116 - 22.512 ms","timestamp":"2022-05-14T18:07:47.693Z"}
{"level":"info","message":"GET /test/category/testCategory 200 151 - 24.648 ms","timestamp":"2022-05-14T18:07:47.721Z"}
{"level":"info","message":"PUT /test/category/testCategory 200 123 - 16.485 ms","timestamp":"2022-05-14T18:07:47.741Z"}
{"level":"info","message":"DELETE /test/category/testCategoryUpdated 200 30 - 4.968 ms","timestamp":"2022-05-14T18:07:47.748Z"}
{"level":"info","message":"POST /test/game 201 221 - 4.007 ms","timestamp":"2022-05-14T18:07:47.754Z"}
{"level":"info","message":"GET /test/game/123456789 200 264 - 4.739 ms","timestamp":"2022-05-14T18:07:47.761Z"}
{"level":"info","message":"PUT /test/game/123456789 200 217 - 3.666 ms","timestamp":"2022-05-14T18:07:47.767Z"}
{"level":"info","message":"DELETE /test/game/80247 200 26 - 8.401 ms","timestamp":"2022-05-14T18:07:47.777Z"}
{"level":"info","message":"POST /test/genre 201 114 - 1.769 ms","timestamp":"2022-05-14T18:07:47.780Z"}
{"level":"info","message":"GET /test/genre/testGenre 200 145 - 3.207 ms","timestamp":"2022-05-14T18:07:47.785Z"}
{"level":"info","message":"PUT /test/genre/testGenre 200 121 - 3.331 ms","timestamp":"2022-05-14T18:07:47.790Z"}
{"level":"info","message":"DELETE /test/genre/testGenreUpdated 200 27 - 2.295 ms","timestamp":"2022-05-14T18:07:47.794Z"}
{"level":"info","message":"POST /test/user_game 404 154 - 5.317 ms","timestamp":"2022-05-14T18:07:47.801Z"}
{"level":"info","message":"POST /test/looking_for_game 404 161 - 7.754 ms","timestamp":"2022-05-14T18:07:47.811Z"}
{"level":"info","message":"GET /test/looking_for_game/testLookingForGame 200 4 - 6.564 ms","timestamp":"2022-05-14T18:07:47.819Z"}
{"level":"info","message":"PUT /test/looking_for_game/testLookingForGame 404 179 - 6.811 ms","timestamp":"2022-05-14T18:07:47.828Z"}
{"level":"info","message":"DELETE /test/looking_for_game/updateTestLookingForGame 404 188 - 4.295 ms","timestamp":"2022-05-14T18:07:47.835Z"}
{"level":"info","message":"DELETE /test/user_game/testGame 404 165 - 2.225 ms","timestamp":"2022-05-14T18:07:47.839Z"}
{"level":"info","message":"POST /test/user_game 404 154 - 5.296 ms","timestamp":"2022-05-14T18:07:47.846Z"}
{"level":"info","message":"GET /test/user_game/testGame 200 4 - 3.864 ms","timestamp":"2022-05-14T18:07:47.852Z"}
{"level":"info","message":"PUT /test/user_game/testGame 404 162 - 1.766 ms","timestamp":"2022-05-14T18:07:47.855Z"}
{"level":"info","message":"DELETE /test/user_game/testGameUpdated 404 172 - 1.834 ms","timestamp":"2022-05-14T18:07:47.859Z"}
{"level":"info","message":"POST /test/user 201 477 - 3.854 ms","timestamp":"2022-05-14T18:07:47.864Z"}
{"level":"info","message":"GET /test/user/testUser 200 370 - 10.266 ms","timestamp":"2022-05-14T18:07:47.876Z"}
{"level":"info","message":"PUT /test/user/testUser 200 242 - 3.615 ms","timestamp":"2022-05-14T18:07:47.881Z"}
{"level":"info","message":"DELETE /test/user/testUserUpdated 200 26 - 8.227 ms","timestamp":"2022-05-14T18:07:47.891Z"}
{"level":"info","message":"POST /test/category 201 116 - 20.582 ms","timestamp":"2022-05-14T18:11:17.516Z"}
{"level":"info","message":"GET /test/category/testCategory 200 151 - 15.049 ms","timestamp":"2022-05-14T18:11:17.538Z"}
{"level":"info","message":"PUT /test/category/testCategory 200 123 - 9.168 ms","timestamp":"2022-05-14T18:11:17.551Z"}
{"level":"info","message":"DELETE /test/category/testCategoryUpdated 200 30 - 14.089 ms","timestamp":"2022-05-14T18:11:17.574Z"}
{"level":"info","message":"POST /test/game 201 221 - 2.807 ms","timestamp":"2022-05-14T18:11:17.579Z"}
{"level":"info","message":"GET /test/game/123456789 200 264 - 3.243 ms","timestamp":"2022-05-14T18:11:17.584Z"}
{"level":"info","message":"PUT /test/game/123456789 200 217 - 5.153 ms","timestamp":"2022-05-14T18:11:17.591Z"}
{"level":"info","message":"DELETE /test/game/80247 200 26 - 2.679 ms","timestamp":"2022-05-14T18:11:17.595Z"}
{"level":"info","message":"POST /test/genre 201 114 - 1.526 ms","timestamp":"2022-05-14T18:11:17.598Z"}
{"level":"info","message":"GET /test/genre/testGenre 200 145 - 8.670 ms","timestamp":"2022-05-14T18:11:17.608Z"}
{"level":"info","message":"PUT /test/genre/testGenre 200 121 - 3.018 ms","timestamp":"2022-05-14T18:11:17.613Z"}
{"level":"info","message":"DELETE /test/genre/testGenreUpdated 200 27 - 2.135 ms","timestamp":"2022-05-14T18:11:17.617Z"}
{"level":"info","message":"POST /test/user_game 404 154 - 4.974 ms","timestamp":"2022-05-14T18:11:17.623Z"}
{"level":"info","message":"POST /test/looking_for_game 404 161 - 4.051 ms","timestamp":"2022-05-14T18:11:17.629Z"}
{"level":"info","message":"GET /test/looking_for_game/testLookingForGame 200 4 - 5.679 ms","timestamp":"2022-05-14T18:11:17.637Z"}
{"level":"info","message":"PUT /test/looking_for_game/testLookingForGame 404 179 - 1.968 ms","timestamp":"2022-05-14T18:11:17.641Z"}
{"level":"info","message":"DELETE /test/looking_for_game/updateTestLookingForGame 404 188 - 2.182 ms","timestamp":"2022-05-14T18:11:17.646Z"}
{"level":"info","message":"DELETE /test/user_game/testGame 404 165 - 1.242 ms","timestamp":"2022-05-14T18:11:17.648Z"}
{"level":"info","message":"POST /test/user_game 404 154 - 1.819 ms","timestamp":"2022-05-14T18:11:17.652Z"}
{"level":"info","message":"GET /test/user_game/testGame 200 4 - 3.750 ms","timestamp":"2022-05-14T18:11:17.658Z"}
{"level":"info","message":"PUT /test/user_game/testGame 404 162 - 1.221 ms","timestamp":"2022-05-14T18:11:17.660Z"}
{"level":"info","message":"DELETE /test/user_game/testGameUpdated 404 172 - 1.096 ms","timestamp":"2022-05-14T18:11:17.664Z"}
{"level":"info","message":"POST /test/user 201 475 - 2.599 ms","timestamp":"2022-05-14T18:11:17.668Z"}
{"level":"info","message":"GET /test/user/testUser 200 370 - 6.703 ms","timestamp":"2022-05-14T18:11:17.676Z"}
{"level":"info","message":"PUT /test/user/testUser 200 242 - 2.588 ms","timestamp":"2022-05-14T18:11:17.681Z"}
{"level":"info","message":"DELETE /test/user/testUserUpdated 200 26 - 9.161 ms","timestamp":"2022-05-14T18:11:17.691Z"}
{"level":"info","message":"GET /api/csrf/restore 201 2 - 5.024 ms","timestamp":"2022-05-14T18:16:10.289Z"}
{"level":"info","message":"GET /static/trip_gif.webp 304 - - 11.385 ms","timestamp":"2022-05-14T18:16:10.298Z"}
{"level":"info","message":"GET /api/session 304 - - 34.442 ms","timestamp":"2022-05-14T18:16:10.351Z"}
{"level":"info","message":"POST /test/category 201 116 - 29.520 ms","timestamp":"2022-05-14T18:17:48.028Z"}
{"level":"info","message":"GET /test/category/testCategory 200 151 - 18.338 ms","timestamp":"2022-05-14T18:17:48.054Z"}
{"level":"info","message":"PUT /test/category/testCategory 200 123 - 22.702 ms","timestamp":"2022-05-14T18:17:48.082Z"}
{"level":"info","message":"DELETE /test/category/testCategoryUpdated 200 30 - 13.393 ms","timestamp":"2022-05-14T18:17:48.103Z"}
{"level":"info","message":"POST /test/game 201 221 - 3.500 ms","timestamp":"2022-05-14T18:17:48.108Z"}
{"level":"info","message":"GET /test/game/123456789 200 264 - 3.965 ms","timestamp":"2022-05-14T18:17:48.114Z"}
{"level":"info","message":"PUT /test/game/123456789 200 217 - 3.692 ms","timestamp":"2022-05-14T18:17:48.119Z"}
{"level":"info","message":"DELETE /test/game/80247 200 26 - 4.527 ms","timestamp":"2022-05-14T18:17:48.126Z"}
{"level":"info","message":"POST /test/genre 201 114 - 2.054 ms","timestamp":"2022-05-14T18:17:48.130Z"}
{"level":"info","message":"GET /test/genre/testGenre 200 145 - 2.938 ms","timestamp":"2022-05-14T18:17:48.135Z"}
{"level":"info","message":"PUT /test/genre/testGenre 200 121 - 3.299 ms","timestamp":"2022-05-14T18:17:48.140Z"}
{"level":"info","message":"DELETE /test/genre/testGenreUpdated 200 27 - 2.484 ms","timestamp":"2022-05-14T18:17:48.145Z"}
{"level":"info","message":"POST /test/user_game 404 154 - 4.295 ms","timestamp":"2022-05-14T18:17:48.151Z"}
{"level":"info","message":"POST /test/looking_for_game 404 161 - 7.695 ms","timestamp":"2022-05-14T18:17:48.160Z"}
{"level":"info","message":"GET /test/looking_for_game/testLookingForGame 200 4 - 5.853 ms","timestamp":"2022-05-14T18:17:48.168Z"}
{"level":"info","message":"PUT /test/looking_for_game/testLookingForGame 404 179 - 6.329 ms","timestamp":"2022-05-14T18:17:48.176Z"}
{"level":"info","message":"DELETE /test/looking_for_game/updateTestLookingForGame 404 188 - 3.923 ms","timestamp":"2022-05-14T18:17:48.183Z"}
{"level":"info","message":"DELETE /test/user_game/testGame 404 165 - 2.141 ms","timestamp":"2022-05-14T18:17:48.186Z"}
{"level":"info","message":"POST /test/user_game 404 154 - 4.287 ms","timestamp":"2022-05-14T18:17:48.192Z"}
{"level":"info","message":"GET /test/user_game/testGame 200 4 - 4.606 ms","timestamp":"2022-05-14T18:17:48.199Z"}
{"level":"info","message":"PUT /test/user_game/testGame 404 162 - 3.307 ms","timestamp":"2022-05-14T18:17:48.204Z"}
{"level":"info","message":"DELETE /test/user_game/testGameUpdated 404 172 - 3.238 ms","timestamp":"2022-05-14T18:17:48.213Z"}
{"level":"info","message":"POST /test/user 201 480 - 12.126 ms","timestamp":"2022-05-14T18:17:48.231Z"}
{"level":"info","message":"GET /test/user/testUser 200 370 - 11.091 ms","timestamp":"2022-05-14T18:17:48.245Z"}
{"level":"info","message":"PUT /test/user/testUser 200 242 - 3.817 ms","timestamp":"2022-05-14T18:17:48.251Z"}
{"level":"info","message":"DELETE /test/user/testUserUpdated 200 26 - 9.253 ms","timestamp":"2022-05-14T18:17:48.262Z"}
{"level":"info","message":"POST /test/category 201 116 - 21.604 ms","timestamp":"2022-05-14T18:18:50.783Z"}
{"level":"info","message":"GET /test/category/testCategory 200 151 - 18.612 ms","timestamp":"2022-05-14T18:18:50.808Z"}
{"level":"info","message":"PUT /test/category/testCategory 200 123 - 19.016 ms","timestamp":"2022-05-14T18:18:50.831Z"}
{"level":"info","message":"DELETE /test/category/testCategoryUpdated 200 30 - 12.187 ms","timestamp":"2022-05-14T18:18:50.848Z"}
{"level":"info","message":"POST /test/game 201 221 - 2.554 ms","timestamp":"2022-05-14T18:18:50.852Z"}
{"level":"info","message":"GET /test/game/123456789 200 264 - 4.302 ms","timestamp":"2022-05-14T18:18:50.861Z"}
{"level":"info","message":"PUT /test/game/123456789 200 217 - 3.728 ms","timestamp":"2022-05-14T18:18:50.867Z"}
{"level":"info","message":"DELETE /test/game/80247 200 26 - 5.976 ms","timestamp":"2022-05-14T18:18:50.874Z"}
{"level":"info","message":"POST /test/genre 201 114 - 2.042 ms","timestamp":"2022-05-14T18:18:50.879Z"}
{"level":"info","message":"GET /test/genre/testGenre 200 145 - 3.893 ms","timestamp":"2022-05-14T18:18:50.887Z"}
{"level":"info","message":"PUT /test/genre/testGenre 200 121 - 2.452 ms","timestamp":"2022-05-14T18:18:50.897Z"}
{"level":"info","message":"DELETE /test/genre/testGenreUpdated 200 27 - 2.242 ms","timestamp":"2022-05-14T18:18:50.901Z"}
{"level":"info","message":"POST /test/user_game 404 154 - 4.779 ms","timestamp":"2022-05-14T18:18:50.907Z"}
{"level":"info","message":"POST /test/looking_for_game 404 161 - 7.107 ms","timestamp":"2022-05-14T18:18:50.916Z"}
{"level":"info","message":"GET /test/looking_for_game/testLookingForGame 200 4 - 7.781 ms","timestamp":"2022-05-14T18:18:50.926Z"}
{"level":"info","message":"PUT /test/looking_for_game/testLookingForGame 404 179 - 5.683 ms","timestamp":"2022-05-14T18:18:50.934Z"}
{"level":"info","message":"DELETE /test/looking_for_game/updateTestLookingForGame 404 188 - 4.579 ms","timestamp":"2022-05-14T18:18:50.940Z"}
{"level":"info","message":"DELETE /test/user_game/testGame 404 165 - 2.192 ms","timestamp":"2022-05-14T18:18:50.945Z"}
{"level":"info","message":"POST /test/user_game 404 154 - 3.335 ms","timestamp":"2022-05-14T18:18:50.950Z"}
{"level":"info","message":"GET /test/user_game/testGame 200 4 - 5.061 ms","timestamp":"2022-05-14T18:18:50.956Z"}
{"level":"info","message":"PUT /test/user_game/testGame 404 162 - 2.201 ms","timestamp":"2022-05-14T18:18:50.961Z"}
{"level":"info","message":"DELETE /test/user_game/testGameUpdated 404 172 - 1.347 ms","timestamp":"2022-05-14T18:18:50.964Z"}
{"level":"info","message":"POST /test/user 201 481 - 2.902 ms","timestamp":"2022-05-14T18:18:50.969Z"}
{"level":"info","message":"GET /test/user/testUser 200 370 - 8.565 ms","timestamp":"2022-05-14T18:18:50.979Z"}
{"level":"info","message":"PUT /test/user/testUser 200 242 - 3.662 ms","timestamp":"2022-05-14T18:18:50.986Z"}
{"level":"info","message":"DELETE /test/user/testUserUpdated 200 26 - 8.720 ms","timestamp":"2022-05-14T18:18:50.996Z"}
{"level":"info","message":"POST /test/category 201 116 - 26.153 ms","timestamp":"2022-05-14T18:21:11.452Z"}
{"level":"info","message":"GET /test/category/testCategory 200 151 - 20.820 ms","timestamp":"2022-05-14T18:21:11.482Z"}
{"level":"info","message":"PUT /test/category/testCategory 200 123 - 20.404 ms","timestamp":"2022-05-14T18:21:11.508Z"}
{"level":"info","message":"DELETE /test/category/testCategoryUpdated 200 30 - 20.498 ms","timestamp":"2022-05-14T18:21:11.536Z"}
{"level":"info","message":"POST /test/game 201 221 - 2.935 ms","timestamp":"2022-05-14T18:21:11.540Z"}
{"level":"info","message":"GET /test/game/123456789 200 264 - 3.581 ms","timestamp":"2022-05-14T18:21:11.545Z"}
{"level":"info","message":"PUT /test/game/123456789 200 217 - 4.186 ms","timestamp":"2022-05-14T18:21:11.552Z"}
{"level":"info","message":"DELETE /test/game/80247 200 26 - 4.424 ms","timestamp":"2022-05-14T18:21:11.558Z"}
{"level":"info","message":"POST /test/genre 201 114 - 2.109 ms","timestamp":"2022-05-14T18:21:11.562Z"}
{"level":"info","message":"GET /test/genre/testGenre 200 145 - 2.943 ms","timestamp":"2022-05-14T18:21:11.566Z"}
{"level":"info","message":"PUT /test/genre/testGenre 200 121 - 2.176 ms","timestamp":"2022-05-14T18:21:11.570Z"}
{"level":"info","message":"DELETE /test/genre/testGenreUpdated 200 27 - 2.962 ms","timestamp":"2022-05-14T18:21:11.574Z"}
{"level":"info","message":"POST /test/user_game 404 154 - 4.749 ms","timestamp":"2022-05-14T18:21:11.584Z"}
{"level":"info","message":"POST /test/looking_for_game 404 161 - 8.901 ms","timestamp":"2022-05-14T18:21:11.594Z"}
{"level":"info","message":"GET /test/looking_for_game/testLookingForGame 200 4 - 6.027 ms","timestamp":"2022-05-14T18:21:11.603Z"}
{"level":"info","message":"PUT /test/looking_for_game/testLookingForGame 404 179 - 7.030 ms","timestamp":"2022-05-14T18:21:11.612Z"}
{"level":"info","message":"DELETE /test/looking_for_game/updateTestLookingForGame 404 188 - 4.063 ms","timestamp":"2022-05-14T18:21:11.618Z"}
{"level":"info","message":"DELETE /test/user_game/testGame 404 165 - 2.402 ms","timestamp":"2022-05-14T18:21:11.622Z"}
{"level":"info","message":"POST /test/user_game 404 154 - 4.134 ms","timestamp":"2022-05-14T18:21:11.628Z"}
{"level":"info","message":"GET /test/user_game/testGame 200 4 - 4.403 ms","timestamp":"2022-05-14T18:21:11.634Z"}
{"level":"info","message":"PUT /test/user_game/testGame 404 162 - 1.729 ms","timestamp":"2022-05-14T18:21:11.638Z"}
{"level":"info","message":"DELETE /test/user_game/testGameUpdated 404 172 - 2.142 ms","timestamp":"2022-05-14T18:21:11.642Z"}
{"level":"info","message":"POST /test/user 201 481 - 2.958 ms","timestamp":"2022-05-14T18:21:11.647Z"}
{"level":"info","message":"GET /test/user/testUser 200 370 - 6.519 ms","timestamp":"2022-05-14T18:21:11.655Z"}
{"level":"info","message":"PUT /test/user/testUser 200 242 - 4.044 ms","timestamp":"2022-05-14T18:21:11.662Z"}
{"level":"info","message":"DELETE /test/user/testUserUpdated 200 26 - 6.758 ms","timestamp":"2022-05-14T18:21:11.670Z"}
{"level":"info","message":"POST /test/category 201 116 - 18.815 ms","timestamp":"2022-05-14T18:22:35.696Z"}
{"level":"info","message":"GET /test/category/testCategory 200 151 - 11.284 ms","timestamp":"2022-05-14T18:22:35.714Z"}
{"level":"info","message":"PUT /test/category/testCategory 200 123 - 12.189 ms","timestamp":"2022-05-14T18:22:35.730Z"}
{"level":"info","message":"DELETE /test/category/testCategoryUpdated 200 30 - 10.027 ms","timestamp":"2022-05-14T18:22:35.745Z"}
{"level":"info","message":"POST /test/game 201 221 - 2.291 ms","timestamp":"2022-05-14T18:22:35.748Z"}
{"level":"info","message":"GET /test/game/123456789 200 264 - 3.453 ms","timestamp":"2022-05-14T18:22:35.754Z"}
{"level":"info","message":"PUT /test/game/123456789 200 217 - 4.674 ms","timestamp":"2022-05-14T18:22:35.761Z"}
{"level":"info","message":"DELETE /test/game/80247 200 26 - 2.802 ms","timestamp":"2022-05-14T18:22:35.765Z"}
{"level":"info","message":"POST /test/genre 201 114 - 3.669 ms","timestamp":"2022-05-14T18:22:35.770Z"}
{"level":"info","message":"GET /test/genre/testGenre 200 145 - 3.328 ms","timestamp":"2022-05-14T18:22:35.778Z"}
{"level":"info","message":"PUT /test/genre/testGenre 200 121 - 2.117 ms","timestamp":"2022-05-14T18:22:35.782Z"}
{"level":"info","message":"DELETE /test/genre/testGenreUpdated 200 27 - 2.134 ms","timestamp":"2022-05-14T18:22:35.785Z"}
{"level":"info","message":"POST /test/user_game 404 154 - 4.288 ms","timestamp":"2022-05-14T18:22:35.791Z"}
{"level":"info","message":"POST /test/looking_for_game 404 161 - 7.018 ms","timestamp":"2022-05-14T18:22:35.800Z"}
{"level":"info","message":"GET /test/looking_for_game/testLookingForGame 200 4 - 6.728 ms","timestamp":"2022-05-14T18:22:35.809Z"}
{"level":"info","message":"PUT /test/looking_for_game/testLookingForGame 404 179 - 5.366 ms","timestamp":"2022-05-14T18:22:35.816Z"}
{"level":"info","message":"DELETE /test/looking_for_game/updateTestLookingForGame 404 188 - 4.083 ms","timestamp":"2022-05-14T18:22:35.822Z"}
{"level":"info","message":"DELETE /test/user_game/testGame 404 165 - 2.467 ms","timestamp":"2022-05-14T18:22:35.827Z"}
{"level":"info","message":"POST /test/user_game 404 154 - 3.129 ms","timestamp":"2022-05-14T18:22:35.832Z"}
{"level":"info","message":"GET /test/user_game/testGame 200 4 - 10.040 ms","timestamp":"2022-05-14T18:22:35.844Z"}
{"level":"info","message":"PUT /test/user_game/testGame 404 162 - 1.285 ms","timestamp":"2022-05-14T18:22:35.847Z"}
{"level":"info","message":"DELETE /test/user_game/testGameUpdated 404 172 - 0.998 ms","timestamp":"2022-05-14T18:22:35.849Z"}
{"level":"info","message":"POST /test/user 201 474 - 2.779 ms","timestamp":"2022-05-14T18:22:35.853Z"}
{"level":"info","message":"GET /test/user/testUser 200 370 - 7.301 ms","timestamp":"2022-05-14T18:22:35.862Z"}
{"level":"info","message":"PUT /test/user/testUser 200 242 - 3.397 ms","timestamp":"2022-05-14T18:22:35.868Z"}
{"level":"info","message":"DELETE /test/user/testUserUpdated 200 26 - 8.603 ms","timestamp":"2022-05-14T18:22:35.878Z"}
{"level":"info","message":"POST /test/category 201 116 - 17.426 ms","timestamp":"2022-05-14T18:24:15.493Z"}
{"level":"info","message":"GET /test/category/testCategory 200 151 - 10.944 ms","timestamp":"2022-05-14T18:24:15.510Z"}
{"level":"info","message":"PUT /test/category/testCategory 200 123 - 12.335 ms","timestamp":"2022-05-14T18:24:15.527Z"}
{"level":"info","message":"POST /test/game 201 221 - 7.130 ms","timestamp":"2022-05-14T18:24:17.547Z"}
{"level":"info","message":"GET /test/game/123456789 200 264 - 8.441 ms","timestamp":"2022-05-14T18:24:17.561Z"}
{"level":"info","message":"PUT /test/game/123456789 200 217 - 6.244 ms","timestamp":"2022-05-14T18:24:17.571Z"}
{"level":"info","message":"DELETE /test/game/80247 200 26 - 6.605 ms","timestamp":"2022-05-14T18:24:17.582Z"}
{"level":"info","message":"POST /test/user_game 404 154 - 11.512 ms","timestamp":"2022-05-14T18:24:25.621Z"}
{"level":"info","message":"POST /test/looking_for_game 404 161 - 19.128 ms","timestamp":"2022-05-14T18:24:25.644Z"}
{"level":"info","message":"GET /test/looking_for_game/testLookingForGame 404 179 - 8.039 ms","timestamp":"2022-05-14T18:24:25.656Z"}
{"level":"info","message":"PUT /test/looking_for_game/testLookingForGame 404 179 - 9.113 ms","timestamp":"2022-05-14T18:24:25.669Z"}
{"level":"info","message":"DELETE /test/looking_for_game/updateTestLookingForGame 404 188 - 7.006 ms","timestamp":"2022-05-14T18:24:25.678Z"}
{"level":"info","message":"DELETE /test/user_game/testGame 404 165 - 2.458 ms","timestamp":"2022-05-14T18:24:25.683Z"}
{"level":"info","message":"POST /test/user_game 404 154 - 3.728 ms","timestamp":"2022-05-14T18:24:25.689Z"}
{"level":"info","message":"GET /test/user_game/testGame 404 162 - 6.362 ms","timestamp":"2022-05-14T18:24:25.697Z"}
{"level":"info","message":"PUT /test/user_game/testGame 404 162 - 1.615 ms","timestamp":"2022-05-14T18:24:25.700Z"}
{"level":"info","message":"DELETE /test/user_game/testGameUpdated 404 172 - 1.098 ms","timestamp":"2022-05-14T18:24:25.703Z"}
{"level":"info","message":"POST /test/user 201 480 - 4.180 ms","timestamp":"2022-05-14T18:24:25.709Z"}
{"level":"info","message":"GET /test/user/testUser 200 370 - 6.508 ms","timestamp":"2022-05-14T18:24:25.718Z"}
{"level":"info","message":"PUT /test/user/testUser 200 242 - 4.322 ms","timestamp":"2022-05-14T18:24:25.724Z"}
{"level":"info","message":"DELETE /test/user/testUserUpdated 200 26 - 9.622 ms","timestamp":"2022-05-14T18:24:25.736Z"}
{"level":"info","message":"GET /test/genre/testGenre - - - - ms","timestamp":"2022-05-14T18:24:25.741Z"}
{"level":"info","message":"DELETE /test/category/testCategoryUpdated - - - - ms","timestamp":"2022-05-14T18:24:25.741Z"}
{"level":"info","message":"PUT /test/genre/testGenre - - - - ms","timestamp":"2022-05-14T18:24:25.741Z"}
{"level":"info","message":"POST /test/genre - - - - ms","timestamp":"2022-05-14T18:24:25.742Z"}
{"level":"info","message":"DELETE /test/genre/testGenreUpdated - - - - ms","timestamp":"2022-05-14T18:24:25.742Z"}
{"level":"info","message":"POST /test/category 201 116 - 12.976 ms","timestamp":"2022-05-14T18:26:10.472Z"}
{"level":"info","message":"GET /test/category/testCategory 200 151 - 9.723 ms","timestamp":"2022-05-14T18:26:10.488Z"}
{"level":"info","message":"PUT /test/category/testCategory 200 123 - 11.595 ms","timestamp":"2022-05-14T18:26:10.503Z"}
{"level":"info","message":"DELETE /test/category/testCategoryUpdated 200 30 - 11.283 ms","timestamp":"2022-05-14T18:26:10.521Z"}
{"level":"info","message":"POST /test/game 201 221 - 2.681 ms","timestamp":"2022-05-14T18:26:10.526Z"}
{"level":"info","message":"GET /test/game/123456789 200 264 - 3.536 ms","timestamp":"2022-05-14T18:26:10.531Z"}
{"level":"info","message":"PUT /test/game/123456789 200 217 - 3.543 ms","timestamp":"2022-05-14T18:26:10.537Z"}
{"level":"info","message":"DELETE /test/game/80247 200 26 - 3.508 ms","timestamp":"2022-05-14T18:26:10.542Z"}
{"level":"info","message":"POST /test/genre 201 114 - 1.580 ms","timestamp":"2022-05-14T18:26:10.546Z"}
{"level":"info","message":"GET /test/genre/testGenre 200 145 - 2.475 ms","timestamp":"2022-05-14T18:26:10.550Z"}
{"level":"info","message":"PUT /test/genre/testGenre 200 121 - 2.277 ms","timestamp":"2022-05-14T18:26:10.554Z"}
{"level":"info","message":"DELETE /test/genre/testGenreUpdated 200 27 - 3.800 ms","timestamp":"2022-05-14T18:26:10.559Z"}
{"level":"info","message":"POST /test/user_game 404 154 - 4.215 ms","timestamp":"2022-05-14T18:26:10.565Z"}
{"level":"info","message":"POST /test/looking_for_game 404 161 - 7.541 ms","timestamp":"2022-05-14T18:26:10.574Z"}
{"level":"info","message":"GET /test/looking_for_game/testLookingForGame 200 4 - 5.901 ms","timestamp":"2022-05-14T18:26:10.583Z"}
{"level":"info","message":"PUT /test/looking_for_game/testLookingForGame 404 179 - 6.198 ms","timestamp":"2022-05-14T18:26:10.590Z"}
{"level":"info","message":"DELETE /test/looking_for_game/updateTestLookingForGame 404 188 - 5.900 ms","timestamp":"2022-05-14T18:26:10.599Z"}
{"level":"info","message":"DELETE /test/user_game/testGame 404 165 - 1.930 ms","timestamp":"2022-05-14T18:26:10.602Z"}
{"level":"info","message":"POST /test/user_game 404 154 - 3.682 ms","timestamp":"2022-05-14T18:26:10.608Z"}
{"level":"info","message":"GET /test/user_game/testGame 200 4 - 4.614 ms","timestamp":"2022-05-14T18:26:10.614Z"}
{"level":"info","message":"PUT /test/user_game/testGame 404 162 - 1.453 ms","timestamp":"2022-05-14T18:26:10.617Z"}
{"level":"info","message":"DELETE /test/user_game/testGameUpdated 404 172 - 1.103 ms","timestamp":"2022-05-14T18:26:10.620Z"}
{"level":"info","message":"POST /test/user 201 480 - 3.457 ms","timestamp":"2022-05-14T18:26:10.625Z"}
{"level":"info","message":"GET /test/user/testUser 200 370 - 6.453 ms","timestamp":"2022-05-14T18:26:10.633Z"}
{"level":"info","message":"PUT /test/user/testUser 200 242 - 3.859 ms","timestamp":"2022-05-14T18:26:10.639Z"}
{"level":"info","message":"DELETE /test/user/testUserUpdated 200 26 - 7.371 ms","timestamp":"2022-05-14T18:26:10.648Z"}
{"level":"info","message":"POST /test/category 201 116 - 14.900 ms","timestamp":"2022-05-14T18:30:32.628Z"}
{"level":"info","message":"GET /test/category/testCategory 200 151 - 14.403 ms","timestamp":"2022-05-14T18:30:32.649Z"}
{"level":"info","message":"PUT /test/category/testCategory 200 123 - 12.320 ms","timestamp":"2022-05-14T18:30:32.665Z"}
{"level":"info","message":"DELETE /test/category/testCategoryUpdated 200 30 - 8.959 ms","timestamp":"2022-05-14T18:30:32.678Z"}
{"level":"info","message":"POST /test/game 201 221 - 4.058 ms","timestamp":"2022-05-14T18:30:32.684Z"}
{"level":"info","message":"GET /test/game/123456789 200 264 - 7.401 ms","timestamp":"2022-05-14T18:30:32.699Z"}
{"level":"info","message":"PUT /test/game/123456789 200 217 - 9.188 ms","timestamp":"2022-05-14T18:30:32.713Z"}
{"level":"info","message":"DELETE /test/game/80247 200 26 - 3.696 ms","timestamp":"2022-05-14T18:30:32.719Z"}
{"level":"info","message":"POST /test/genre 201 114 - 2.527 ms","timestamp":"2022-05-14T18:30:32.726Z"}
{"level":"info","message":"GET /test/genre/testGenre 200 145 - 2.445 ms","timestamp":"2022-05-14T18:30:32.730Z"}
{"level":"info","message":"PUT /test/genre/testGenre 200 121 - 2.221 ms","timestamp":"2022-05-14T18:30:32.734Z"}
{"level":"info","message":"DELETE /test/genre/testGenreUpdated 200 27 - 2.213 ms","timestamp":"2022-05-14T18:30:32.738Z"}
{"level":"info","message":"POST /test/user_game 404 154 - 4.789 ms","timestamp":"2022-05-14T18:30:32.745Z"}
{"level":"info","message":"GET /test/user_game/testGame 200 4 - 3.134 ms","timestamp":"2022-05-14T18:30:32.751Z"}
{"level":"info","message":"PUT /test/user_game/testGame 404 162 - 2.231 ms","timestamp":"2022-05-14T18:30:32.755Z"}
{"level":"info","message":"DELETE /test/user_game/testGameUpdated 404 172 - 2.407 ms","timestamp":"2022-05-14T18:30:32.759Z"}
{"level":"info","message":"POST /test/user 201 473 - 3.071 ms","timestamp":"2022-05-14T18:30:32.764Z"}
{"level":"info","message":"GET /test/user/testUser 200 371 - 5.380 ms","timestamp":"2022-05-14T18:30:32.771Z"}
{"level":"info","message":"PUT /test/user/testUser 200 243 - 3.645 ms","timestamp":"2022-05-14T18:30:32.776Z"}
{"level":"info","message":"DELETE /test/user/testUserUpdated 200 26 - 6.393 ms","timestamp":"2022-05-14T18:30:32.784Z"}
{"level":"info","message":"POST /test/category 201 116 - 21.880 ms","timestamp":"2022-05-14T18:36:22.808Z"}
{"level":"info","message":"GET /test/category/testCategory 200 151 - 22.007 ms","timestamp":"2022-05-14T18:36:22.841Z"}
{"level":"info","message":"PUT /test/category/testCategory 200 123 - 23.783 ms","timestamp":"2022-05-14T18:36:22.871Z"}
{"level":"info","message":"DELETE /test/category/testCategoryUpdated 200 30 - 18.564 ms","timestamp":"2022-05-14T18:36:22.898Z"}
{"level":"info","message":"POST /test/game 201 221 - 2.577 ms","timestamp":"2022-05-14T18:36:22.901Z"}
{"level":"info","message":"GET /test/game/123456789 200 264 - 4.502 ms","timestamp":"2022-05-14T18:36:22.908Z"}
{"level":"info","message":"PUT /test/game/123456789 200 217 - 6.532 ms","timestamp":"2022-05-14T18:36:22.916Z"}
{"level":"info","message":"DELETE /test/game/80247 200 26 - 2.854 ms","timestamp":"2022-05-14T18:36:22.921Z"}
{"level":"info","message":"POST /test/genre 201 114 - 2.456 ms","timestamp":"2022-05-14T18:36:22.925Z"}
{"level":"info","message":"GET /test/genre/testGenre 200 145 - 2.713 ms","timestamp":"2022-05-14T18:36:22.930Z"}
{"level":"info","message":"PUT /test/genre/testGenre 200 121 - 2.296 ms","timestamp":"2022-05-14T18:36:22.934Z"}
{"level":"info","message":"DELETE /test/genre/testGenreUpdated 200 27 - 2.134 ms","timestamp":"2022-05-14T18:36:22.937Z"}
{"level":"info","message":"POST /test/user_game 404 154 - 5.708 ms","timestamp":"2022-05-14T18:36:22.945Z"}
{"level":"info","message":"POST /test/looking_for_game 404 161 - 7.802 ms","timestamp":"2022-05-14T18:36:22.954Z"}
{"level":"info","message":"GET /test/looking_for_game/testLookingForGame 200 4 - 6.168 ms","timestamp":"2022-05-14T18:36:22.962Z"}
{"level":"info","message":"PUT /test/looking_for_game/testLookingForGame 404 179 - 6.323 ms","timestamp":"2022-05-14T18:36:22.970Z"}
{"level":"info","message":"DELETE /test/looking_for_game/updateTestLookingForGame 404 188 - 5.005 ms","timestamp":"2022-05-14T18:36:22.977Z"}
{"level":"info","message":"DELETE /test/user_game/testGame 404 165 - 2.372 ms","timestamp":"2022-05-14T18:36:22.981Z"}
{"level":"info","message":"POST /test/user_game 404 154 - 3.449 ms","timestamp":"2022-05-14T18:36:22.987Z"}
{"level":"info","message":"GET /test/user_game/testGame 200 4 - 6.545 ms","timestamp":"2022-05-14T18:36:22.995Z"}
{"level":"info","message":"PUT /test/user_game/testGame 404 162 - 1.536 ms","timestamp":"2022-05-14T18:36:22.998Z"}
{"level":"info","message":"DELETE /test/user_game/testGameUpdated 404 172 - 1.175 ms","timestamp":"2022-05-14T18:36:23.001Z"}
{"level":"info","message":"POST /test/user 201 478 - 3.005 ms","timestamp":"2022-05-14T18:36:23.005Z"}
{"level":"info","message":"GET /test/user/testUser 200 371 - 6.673 ms","timestamp":"2022-05-14T18:36:23.014Z"}
{"level":"info","message":"PUT /test/user/testUser 200 243 - 3.733 ms","timestamp":"2022-05-14T18:36:23.020Z"}
{"level":"info","message":"DELETE /test/user/testUserUpdated 200 26 - 8.122 ms","timestamp":"2022-05-14T18:36:23.029Z"}
{"level":"info","message":"POST /test/category 201 116 - 14.365 ms","timestamp":"2022-05-14T18:38:07.526Z"}
{"level":"info","message":"GET /test/category/testCategory 200 151 - 9.623 ms","timestamp":"2022-05-14T18:38:07.542Z"}
{"level":"info","message":"PUT /test/category/testCategory 200 123 - 12.313 ms","timestamp":"2022-05-14T18:38:07.559Z"}
{"level":"info","message":"DELETE /test/category/testCategoryUpdated 200 30 - 7.762 ms","timestamp":"2022-05-14T18:38:07.570Z"}
{"level":"info","message":"POST /test/game 201 221 - 3.447 ms","timestamp":"2022-05-14T18:38:07.575Z"}
{"level":"info","message":"GET /test/game/123456789 200 264 - 3.711 ms","timestamp":"2022-05-14T18:38:07.581Z"}
{"level":"info","message":"PUT /test/game/123456789 200 217 - 3.512 ms","timestamp":"2022-05-14T18:38:07.586Z"}
{"level":"info","message":"DELETE /test/game/80247 200 26 - 2.853 ms","timestamp":"2022-05-14T18:38:07.591Z"}
{"level":"info","message":"POST /test/genre 201 114 - 1.726 ms","timestamp":"2022-05-14T18:38:07.595Z"}
{"level":"info","message":"GET /test/genre/testGenre 200 145 - 2.945 ms","timestamp":"2022-05-14T18:38:07.600Z"}
{"level":"info","message":"PUT /test/genre/testGenre 200 121 - 2.511 ms","timestamp":"2022-05-14T18:38:07.605Z"}
{"level":"info","message":"DELETE /test/genre/testGenreUpdated 200 27 - 3.307 ms","timestamp":"2022-05-14T18:38:07.610Z"}
{"level":"info","message":"POST /test/user_game 404 154 - 6.651 ms","timestamp":"2022-05-14T18:38:07.620Z"}
{"level":"info","message":"POST /test/looking_for_game 404 161 - 16.939 ms","timestamp":"2022-05-14T18:38:07.645Z"}
{"level":"info","message":"GET /test/looking_for_game/testLookingForGame 200 4 - 22.682 ms","timestamp":"2022-05-14T18:38:07.673Z"}
{"level":"info","message":"PUT /test/looking_for_game/testLookingForGame 404 179 - 7.347 ms","timestamp":"2022-05-14T18:38:07.687Z"}
{"level":"info","message":"DELETE /test/looking_for_game/updateTestLookingForGame 404 188 - 4.471 ms","timestamp":"2022-05-14T18:38:07.694Z"}
{"level":"info","message":"DELETE /test/user_game/testGame 404 165 - 2.943 ms","timestamp":"2022-05-14T18:38:07.699Z"}
{"level":"info","message":"POST /test/user_game 404 154 - 9.084 ms","timestamp":"2022-05-14T18:38:07.712Z"}
{"level":"info","message":"GET /test/user_game/testGame 200 4 - 4.779 ms","timestamp":"2022-05-14T18:38:07.719Z"}
{"level":"info","message":"PUT /test/user_game/testGame 404 162 - 1.442 ms","timestamp":"2022-05-14T18:38:07.722Z"}
{"level":"info","message":"DELETE /test/user_game/testGameUpdated 404 172 - 2.289 ms","timestamp":"2022-05-14T18:38:07.726Z"}
{"level":"info","message":"POST /test/user 201 478 - 2.873 ms","timestamp":"2022-05-14T18:38:07.731Z"}
{"level":"info","message":"GET /test/user/testUser 200 371 - 5.921 ms","timestamp":"2022-05-14T18:38:07.738Z"}
{"level":"info","message":"PUT /test/user/testUser 200 243 - 4.471 ms","timestamp":"2022-05-14T18:38:07.745Z"}
{"level":"info","message":"DELETE /test/user/testUserUpdated 200 26 - 6.776 ms","timestamp":"2022-05-14T18:38:07.753Z"}
{"level":"info","message":"POST /test/category 201 116 - 12.359 ms","timestamp":"2022-05-14T18:38:49.634Z"}
{"level":"info","message":"GET /test/category/testCategory 200 151 - 11.058 ms","timestamp":"2022-05-14T18:38:49.652Z"}
{"level":"info","message":"PUT /test/category/testCategory 200 123 - 12.083 ms","timestamp":"2022-05-14T18:38:49.669Z"}
{"level":"info","message":"DELETE /test/category/testCategoryUpdated 200 30 - 7.939 ms","timestamp":"2022-05-14T18:38:49.683Z"}
{"level":"info","message":"POST /test/game 201 221 - 2.542 ms","timestamp":"2022-05-14T18:38:49.686Z"}
{"level":"info","message":"GET /test/game/123456789 200 264 - 3.915 ms","timestamp":"2022-05-14T18:38:49.692Z"}
{"level":"info","message":"PUT /test/game/123456789 200 217 - 3.566 ms","timestamp":"2022-05-14T18:38:49.698Z"}
{"level":"info","message":"DELETE /test/game/80247 200 26 - 2.822 ms","timestamp":"2022-05-14T18:38:49.702Z"}
{"level":"info","message":"POST /test/genre 201 114 - 2.611 ms","timestamp":"2022-05-14T18:38:49.706Z"}
{"level":"info","message":"GET /test/genre/testGenre 200 145 - 2.540 ms","timestamp":"2022-05-14T18:38:49.711Z"}
{"level":"info","message":"PUT /test/genre/testGenre 200 121 - 2.251 ms","timestamp":"2022-05-14T18:38:49.715Z"}
{"level":"info","message":"DELETE /test/genre/testGenreUpdated 200 27 - 2.160 ms","timestamp":"2022-05-14T18:38:49.718Z"}
{"level":"info","message":"POST /test/user_game 404 154 - 5.470 ms","timestamp":"2022-05-14T18:38:49.725Z"}
{"level":"info","message":"POST /test/looking_for_game 404 161 - 7.440 ms","timestamp":"2022-05-14T18:38:49.734Z"}
{"level":"info","message":"GET /test/looking_for_game/testLookingForGame 200 4 - 5.864 ms","timestamp":"2022-05-14T18:38:49.742Z"}
{"level":"info","message":"PUT /test/looking_for_game/testLookingForGame 404 179 - 7.939 ms","timestamp":"2022-05-14T18:38:49.752Z"}
{"level":"info","message":"DELETE /test/looking_for_game/updateTestLookingForGame 404 188 - 4.783 ms","timestamp":"2022-05-14T18:38:49.759Z"}
{"level":"info","message":"DELETE /test/user_game/testGame 404 165 - 1.847 ms","timestamp":"2022-05-14T18:38:49.763Z"}
{"level":"info","message":"POST /test/user_game 404 154 - 3.281 ms","timestamp":"2022-05-14T18:38:49.767Z"}
{"level":"info","message":"GET /test/user_game/testGame 200 4 - 5.149 ms","timestamp":"2022-05-14T18:38:49.774Z"}
{"level":"info","message":"PUT /test/user_game/testGame 404 162 - 1.246 ms","timestamp":"2022-05-14T18:38:49.777Z"}
{"level":"info","message":"DELETE /test/user_game/testGameUpdated 404 172 - 1.037 ms","timestamp":"2022-05-14T18:38:49.779Z"}
{"level":"info","message":"POST /test/user 201 480 - 2.846 ms","timestamp":"2022-05-14T18:38:49.784Z"}
{"level":"info","message":"GET /test/user/testUser 200 371 - 6.920 ms","timestamp":"2022-05-14T18:38:49.792Z"}
{"level":"info","message":"PUT /test/user/testUser 200 243 - 3.204 ms","timestamp":"2022-05-14T18:38:49.797Z"}
{"level":"info","message":"DELETE /test/user/testUserUpdated 200 26 - 8.428 ms","timestamp":"2022-05-14T18:38:49.807Z"}
{"level":"info","message":"POST /test/category 201 116 - 16.621 ms","timestamp":"2022-05-14T18:39:25.455Z"}
{"level":"info","message":"GET /test/category/testCategory 200 151 - 11.930 ms","timestamp":"2022-05-14T18:39:25.475Z"}
{"level":"info","message":"PUT /test/category/testCategory 200 123 - 14.143 ms","timestamp":"2022-05-14T18:39:25.495Z"}
{"level":"info","message":"DELETE /test/category/testCategoryUpdated 200 30 - 8.651 ms","timestamp":"2022-05-14T18:39:25.510Z"}
{"level":"info","message":"POST /test/game 201 221 - 2.528 ms","timestamp":"2022-05-14T18:39:25.514Z"}
{"level":"info","message":"GET /test/game/123456789 200 264 - 3.548 ms","timestamp":"2022-05-14T18:39:25.519Z"}
{"level":"info","message":"PUT /test/game/123456789 200 217 - 3.645 ms","timestamp":"2022-05-14T18:39:25.525Z"}
{"level":"info","message":"DELETE /test/game/80247 200 26 - 3.887 ms","timestamp":"2022-05-14T18:39:25.530Z"}
{"level":"info","message":"POST /test/genre 201 114 - 1.549 ms","timestamp":"2022-05-14T18:39:25.534Z"}
{"level":"info","message":"GET /test/genre/testGenre 200 145 - 5.654 ms","timestamp":"2022-05-14T18:39:25.541Z"}
{"level":"info","message":"PUT /test/genre/testGenre 200 121 - 3.185 ms","timestamp":"2022-05-14T18:39:25.547Z"}
{"level":"info","message":"DELETE /test/genre/testGenreUpdated 200 27 - 2.242 ms","timestamp":"2022-05-14T18:39:25.551Z"}
{"level":"info","message":"POST /test/user_game 404 154 - 4.017 ms","timestamp":"2022-05-14T18:39:25.557Z"}
{"level":"info","message":"POST /test/looking_for_game 404 161 - 7.670 ms","timestamp":"2022-05-14T18:39:25.566Z"}
{"level":"info","message":"GET /test/looking_for_game/testLookingForGame 200 4 - 5.640 ms","timestamp":"2022-05-14T18:39:25.574Z"}
{"level":"info","message":"PUT /test/looking_for_game/testLookingForGame 404 179 - 5.822 ms","timestamp":"2022-05-14T18:39:25.581Z"}
{"level":"info","message":"DELETE /test/looking_for_game/updateTestLookingForGame 404 188 - 3.975 ms","timestamp":"2022-05-14T18:39:25.587Z"}
{"level":"info","message":"DELETE /test/user_game/testGame 404 165 - 2.027 ms","timestamp":"2022-05-14T18:39:25.591Z"}
{"level":"info","message":"POST /test/user_game 404 154 - 3.233 ms","timestamp":"2022-05-14T18:39:25.602Z"}
{"level":"info","message":"GET /test/user_game/testGame 200 4 - 4.565 ms","timestamp":"2022-05-14T18:39:25.608Z"}
{"level":"info","message":"PUT /test/user_game/testGame 404 162 - 1.648 ms","timestamp":"2022-05-14T18:39:25.611Z"}
{"level":"info","message":"DELETE /test/user_game/testGameUpdated 404 172 - 1.166 ms","timestamp":"2022-05-14T18:39:25.614Z"}
{"level":"info","message":"POST /test/user 201 479 - 2.797 ms","timestamp":"2022-05-14T18:39:25.618Z"}
{"level":"info","message":"GET /test/user/testUser 200 371 - 6.542 ms","timestamp":"2022-05-14T18:39:25.626Z"}
{"level":"info","message":"PUT /test/user/testUser 200 243 - 12.026 ms","timestamp":"2022-05-14T18:39:25.644Z"}
{"level":"info","message":"DELETE /test/user/testUserUpdated 200 26 - 17.458 ms","timestamp":"2022-05-14T18:39:25.668Z"}
{"level":"info","message":"POST /test/category 201 116 - 12.531 ms","timestamp":"2022-05-14T18:40:43.424Z"}
{"level":"info","message":"GET /test/category/testCategory 200 151 - 10.527 ms","timestamp":"2022-05-14T18:40:43.441Z"}
{"level":"info","message":"PUT /test/category/testCategory 200 123 - 12.939 ms","timestamp":"2022-05-14T18:40:43.459Z"}
{"level":"info","message":"DELETE /test/category/testCategoryUpdated 200 30 - 8.378 ms","timestamp":"2022-05-14T18:40:43.473Z"}
{"level":"info","message":"POST /test/game 201 221 - 2.396 ms","timestamp":"2022-05-14T18:40:43.476Z"}
{"level":"info","message":"GET /test/game/123456789 200 264 - 6.668 ms","timestamp":"2022-05-14T18:40:43.485Z"}
{"level":"info","message":"PUT /test/game/123456789 200 217 - 3.892 ms","timestamp":"2022-05-14T18:40:43.490Z"}
{"level":"info","message":"DELETE /test/game/80247 200 26 - 3.779 ms","timestamp":"2022-05-14T18:40:43.496Z"}
{"level":"info","message":"POST /test/genre 201 114 - 1.680 ms","timestamp":"2022-05-14T18:40:43.499Z"}
{"level":"info","message":"GET /test/genre/testGenre 200 145 - 2.285 ms","timestamp":"2022-05-14T18:40:43.503Z"}
{"level":"info","message":"PUT /test/genre/testGenre 200 121 - 2.298 ms","timestamp":"2022-05-14T18:40:43.507Z"}
{"level":"info","message":"DELETE /test/genre/testGenreUpdated 200 27 - 2.783 ms","timestamp":"2022-05-14T18:40:43.511Z"}
{"level":"info","message":"POST /test/user_game 404 154 - 4.321 ms","timestamp":"2022-05-14T18:40:43.518Z"}
{"level":"info","message":"POST /test/lookingForGame 404 159 - 7.479 ms","timestamp":"2022-05-14T18:40:43.527Z"}
{"level":"info","message":"GET /test/lookingForGame/testLookingForGame 200 4 - 5.718 ms","timestamp":"2022-05-14T18:40:43.536Z"}
{"level":"info","message":"PUT /test/lookingForGame/testLookingForGame 404 177 - 5.257 ms","timestamp":"2022-05-14T18:40:43.543Z"}
{"level":"info","message":"DELETE /test/lookingForGame/updateTestLookingForGame 404 186 - 4.785 ms","timestamp":"2022-05-14T18:40:43.549Z"}
{"level":"info","message":"DELETE /test/user_game/testGame 404 165 - 1.845 ms","timestamp":"2022-05-14T18:40:43.553Z"}
{"level":"info","message":"POST /test/user_game 404 154 - 3.073 ms","timestamp":"2022-05-14T18:40:43.558Z"}
{"level":"info","message":"GET /test/user_game/testGame 200 4 - 5.195 ms","timestamp":"2022-05-14T18:40:43.565Z"}
{"level":"info","message":"PUT /test/user_game/testGame 404 162 - 1.448 ms","timestamp":"2022-05-14T18:40:43.568Z"}
{"level":"info","message":"DELETE /test/user_game/testGameUpdated 404 172 - 1.203 ms","timestamp":"2022-05-14T18:40:43.571Z"}
{"level":"info","message":"POST /test/user 201 480 - 2.870 ms","timestamp":"2022-05-14T18:40:43.576Z"}
{"level":"info","message":"GET /test/user/testUser 200 371 - 10.737 ms","timestamp":"2022-05-14T18:40:43.588Z"}
{"level":"info","message":"PUT /test/user/testUser 200 243 - 4.967 ms","timestamp":"2022-05-14T18:40:43.595Z"}
{"level":"info","message":"DELETE /test/user/testUserUpdated 200 26 - 7.659 ms","timestamp":"2022-05-14T18:40:43.605Z"}
{"level":"info","message":"POST /test/category 201 116 - 26.773 ms","timestamp":"2022-05-14T18:41:55.806Z"}
{"level":"info","message":"GET /test/category/testCategory 200 151 - 11.241 ms","timestamp":"2022-05-14T18:41:55.826Z"}
{"level":"info","message":"PUT /test/category/testCategory 200 123 - 13.994 ms","timestamp":"2022-05-14T18:41:55.844Z"}
{"level":"info","message":"DELETE /test/category/testCategoryUpdated 200 30 - 7.431 ms","timestamp":"2022-05-14T18:41:55.860Z"}
{"level":"info","message":"POST /test/game 201 221 - 2.803 ms","timestamp":"2022-05-14T18:41:55.865Z"}
{"level":"info","message":"GET /test/game/123456789 200 264 - 3.506 ms","timestamp":"2022-05-14T18:41:55.870Z"}
{"level":"info","message":"PUT /test/game/123456789 200 217 - 3.547 ms","timestamp":"2022-05-14T18:41:55.875Z"}
{"level":"info","message":"DELETE /test/game/80247 200 26 - 4.304 ms","timestamp":"2022-05-14T18:41:55.881Z"}
{"level":"info","message":"POST /test/genre 201 114 - 1.678 ms","timestamp":"2022-05-14T18:41:55.885Z"}
{"level":"info","message":"GET /test/genre/testGenre 200 145 - 2.344 ms","timestamp":"2022-05-14T18:41:55.888Z"}
{"level":"info","message":"PUT /test/genre/testGenre 200 121 - 2.456 ms","timestamp":"2022-05-14T18:41:55.892Z"}
{"level":"info","message":"DELETE /test/genre/testGenreUpdated 200 27 - 3.947 ms","timestamp":"2022-05-14T18:41:55.898Z"}
{"level":"info","message":"POST /test/userGame 404 153 - 4.267 ms","timestamp":"2022-05-14T18:41:55.904Z"}
{"level":"info","message":"POST /test/lookingForGame 404 159 - 7.486 ms","timestamp":"2022-05-14T18:41:55.913Z"}
{"level":"info","message":"GET /test/lookingForGame/testLookingForGame 200 4 - 5.634 ms","timestamp":"2022-05-14T18:41:55.921Z"}
{"level":"info","message":"PUT /test/lookingForGame/testLookingForGame 404 177 - 5.506 ms","timestamp":"2022-05-14T18:41:55.929Z"}
{"level":"info","message":"DELETE /test/lookingForGame/updateTestLookingForGame 404 186 - 4.060 ms","timestamp":"2022-05-14T18:41:55.935Z"}
{"level":"info","message":"DELETE /test/user_game/testGame 404 165 - 0.941 ms","timestamp":"2022-05-14T18:41:55.937Z"}
{"level":"info","message":"POST /test/userGame 404 153 - 3.005 ms","timestamp":"2022-05-14T18:41:55.942Z"}
{"level":"info","message":"GET /test/userGame/testGame 200 4 - 5.255 ms","timestamp":"2022-05-14T18:41:55.949Z"}
{"level":"info","message":"PUT /test/userGame/testGame 404 161 - 1.399 ms","timestamp":"2022-05-14T18:41:55.952Z"}
{"level":"info","message":"DELETE /test/userGame/testGameUpdated 404 171 - 1.795 ms","timestamp":"2022-05-14T18:41:55.955Z"}
{"level":"info","message":"POST /test/user 201 483 - 2.978 ms","timestamp":"2022-05-14T18:41:55.960Z"}
{"level":"info","message":"GET /test/user/testUser 200 371 - 7.699 ms","timestamp":"2022-05-14T18:41:55.969Z"}
{"level":"info","message":"PUT /test/user/testUser 200 243 - 3.631 ms","timestamp":"2022-05-14T18:41:55.974Z"}
{"level":"info","message":"DELETE /test/user/testUserUpdated 200 26 - 7.930 ms","timestamp":"2022-05-14T18:41:55.984Z"}
{"level":"info","message":"POST /test/category 201 116 - 12.135 ms","timestamp":"2022-05-14T18:42:40.566Z"}
{"level":"info","message":"GET /test/category/testCategory 200 151 - 16.841 ms","timestamp":"2022-05-14T18:42:40.589Z"}
{"level":"info","message":"PUT /test/category/testCategory 200 123 - 12.454 ms","timestamp":"2022-05-14T18:42:40.605Z"}
{"level":"info","message":"DELETE /test/category/testCategoryUpdated 200 30 - 8.820 ms","timestamp":"2022-05-14T18:42:40.618Z"}
{"level":"info","message":"POST /test/game 201 221 - 2.429 ms","timestamp":"2022-05-14T18:42:40.622Z"}
{"level":"info","message":"GET /test/game/123456789 200 264 - 3.690 ms","timestamp":"2022-05-14T18:42:40.627Z"}
{"level":"info","message":"PUT /test/game/123456789 200 217 - 7.427 ms","timestamp":"2022-05-14T18:42:40.637Z"}
{"level":"info","message":"DELETE /test/game/80247 200 26 - 2.880 ms","timestamp":"2022-05-14T18:42:40.642Z"}
{"level":"info","message":"POST /test/genre 201 114 - 2.348 ms","timestamp":"2022-05-14T18:42:40.646Z"}
{"level":"info","message":"GET /test/genre/testGenre 200 145 - 2.741 ms","timestamp":"2022-05-14T18:42:40.651Z"}
{"level":"info","message":"PUT /test/genre/testGenre 200 121 - 2.515 ms","timestamp":"2022-05-14T18:42:40.655Z"}
{"level":"info","message":"DELETE /test/genre/testGenreUpdated 200 27 - 3.345 ms","timestamp":"2022-05-14T18:42:40.660Z"}
{"level":"info","message":"POST /test/userGame 404 153 - 4.590 ms","timestamp":"2022-05-14T18:42:40.666Z"}
{"level":"info","message":"POST /test/lookingForGame 404 159 - 7.994 ms","timestamp":"2022-05-14T18:42:40.676Z"}
{"level":"info","message":"GET /test/lookingForGame/testLookingForGame 200 4 - 6.153 ms","timestamp":"2022-05-14T18:42:40.684Z"}
{"level":"info","message":"PUT /test/lookingForGame/testLookingForGame 404 177 - 5.706 ms","timestamp":"2022-05-14T18:42:40.692Z"}
{"level":"info","message":"DELETE /test/lookingForGame/updateTestLookingForGame 404 186 - 4.834 ms","timestamp":"2022-05-14T18:42:40.699Z"}
{"level":"info","message":"DELETE /test/user_game/testGame 404 165 - 0.990 ms","timestamp":"2022-05-14T18:42:40.701Z"}
{"level":"info","message":"POST /test/userGame 404 153 - 4.656 ms","timestamp":"2022-05-14T18:42:40.707Z"}
{"level":"info","message":"GET /test/userGame/testGame 200 4 - 5.573 ms","timestamp":"2022-05-14T18:42:40.715Z"}
{"level":"info","message":"PUT /test/userGame/testGame 404 161 - 1.418 ms","timestamp":"2022-05-14T18:42:40.718Z"}
{"level":"info","message":"DELETE /test/userGame/testGameUpdated 404 171 - 1.153 ms","timestamp":"2022-05-14T18:42:40.720Z"}
{"level":"info","message":"POST /test/user 201 480 - 2.778 ms","timestamp":"2022-05-14T18:42:40.725Z"}
{"level":"info","message":"GET /test/user/testUser 200 371 - 7.442 ms","timestamp":"2022-05-14T18:42:40.733Z"}
{"level":"info","message":"PUT /test/user/testUser 200 243 - 3.492 ms","timestamp":"2022-05-14T18:42:40.739Z"}
{"level":"info","message":"DELETE /test/user/testUserUpdated 200 26 - 8.842 ms","timestamp":"2022-05-14T18:42:40.749Z"}
{"level":"info","message":"POST /test/category 201 116 - 53.394 ms","timestamp":"2022-05-14T18:45:33.127Z"}
{"level":"info","message":"GET /test/category/testCategory 200 151 - 12.027 ms","timestamp":"2022-05-14T18:45:33.146Z"}
{"level":"info","message":"PUT /test/category/testCategory 200 123 - 13.827 ms","timestamp":"2022-05-14T18:45:33.164Z"}
{"level":"info","message":"DELETE /test/category/testCategoryUpdated 200 30 - 8.023 ms","timestamp":"2022-05-14T18:45:33.181Z"}
{"level":"info","message":"POST /test/game 201 221 - 2.530 ms","timestamp":"2022-05-14T18:45:33.185Z"}
{"level":"info","message":"GET /test/game/123456789 200 264 - 3.631 ms","timestamp":"2022-05-14T18:45:33.190Z"}
{"level":"info","message":"PUT /test/game/123456789 200 217 - 3.568 ms","timestamp":"2022-05-14T18:45:33.196Z"}
{"level":"info","message":"DELETE /test/game/80247 200 26 - 3.902 ms","timestamp":"2022-05-14T18:45:33.201Z"}
{"level":"info","message":"POST /test/genre 201 114 - 1.805 ms","timestamp":"2022-05-14T18:45:33.205Z"}
{"level":"info","message":"GET /test/genre/testGenre 200 145 - 2.418 ms","timestamp":"2022-05-14T18:45:33.209Z"}
{"level":"info","message":"PUT /test/genre/testGenre 200 121 - 2.532 ms","timestamp":"2022-05-14T18:45:33.213Z"}
{"level":"info","message":"DELETE /test/genre/testGenreUpdated 200 27 - 2.535 ms","timestamp":"2022-05-14T18:45:33.218Z"}
{"level":"info","message":"POST /test/userGame 404 153 - 4.959 ms","timestamp":"2022-05-14T18:45:33.224Z"}
{"level":"info","message":"POST /test/lookingForGame 404 159 - 7.726 ms","timestamp":"2022-05-14T18:45:33.233Z"}
{"level":"info","message":"GET /test/lookingForGame/testLookingForGame 200 4 - 5.768 ms","timestamp":"2022-05-14T18:45:33.242Z"}
{"level":"info","message":"PUT /test/lookingForGame/testLookingForGame 404 177 - 6.005 ms","timestamp":"2022-05-14T18:45:33.249Z"}
{"level":"info","message":"DELETE /test/lookingForGame/updateTestLookingForGame 404 186 - 3.967 ms","timestamp":"2022-05-14T18:45:33.255Z"}
{"level":"info","message":"DELETE /test/userGame/testGame 404 164 - 1.858 ms","timestamp":"2022-05-14T18:45:33.258Z"}
{"level":"info","message":"POST /test/userGame 404 153 - 3.851 ms","timestamp":"2022-05-14T18:45:33.264Z"}
{"level":"info","message":"GET /test/userGame/testGame 200 4 - 4.445 ms","timestamp":"2022-05-14T18:45:33.270Z"}
{"level":"info","message":"PUT /test/userGame/testGame 404 161 - 1.277 ms","timestamp":"2022-05-14T18:45:33.273Z"}
{"level":"info","message":"DELETE /test/userGame/testGameUpdated 404 171 - 1.065 ms","timestamp":"2022-05-14T18:45:33.275Z"}
{"level":"info","message":"POST /test/user 201 486 - 2.878 ms","timestamp":"2022-05-14T18:45:33.279Z"}
{"level":"info","message":"GET /test/user/testUser 200 371 - 6.127 ms","timestamp":"2022-05-14T18:45:33.288Z"}
{"level":"info","message":"PUT /test/user/testUser 200 243 - 3.222 ms","timestamp":"2022-05-14T18:45:33.293Z"}
{"level":"info","message":"DELETE /test/user/testUserUpdated 200 26 - 11.108 ms","timestamp":"2022-05-14T18:45:33.305Z"}
{"level":"info","message":"POST /test/category 201 116 - 10.815 ms","timestamp":"2022-05-14T18:46:58.524Z"}
{"level":"info","message":"GET /test/category/testCategory 200 151 - 13.850 ms","timestamp":"2022-05-14T18:46:58.543Z"}
{"level":"info","message":"PUT /test/category/testCategory 200 123 - 12.043 ms","timestamp":"2022-05-14T18:46:58.559Z"}
{"level":"info","message":"DELETE /test/category/testCategoryUpdated 200 30 - 11.917 ms","timestamp":"2022-05-14T18:46:58.575Z"}
{"level":"info","message":"POST /test/game 201 221 - 2.425 ms","timestamp":"2022-05-14T18:46:58.578Z"}
{"level":"info","message":"GET /test/game/123456789 200 264 - 8.503 ms","timestamp":"2022-05-14T18:46:58.589Z"}
{"level":"info","message":"PUT /test/game/123456789 200 217 - 4.729 ms","timestamp":"2022-05-14T18:46:58.595Z"}
{"level":"info","message":"DELETE /test/game/80247 200 26 - 4.164 ms","timestamp":"2022-05-14T18:46:58.601Z"}
{"level":"info","message":"POST /test/genre 201 114 - 1.785 ms","timestamp":"2022-05-14T18:46:58.605Z"}
{"level":"info","message":"GET /test/genre/testGenre 200 145 - 2.857 ms","timestamp":"2022-05-14T18:46:58.610Z"}
{"level":"info","message":"PUT /test/genre/testGenre 200 121 - 2.861 ms","timestamp":"2022-05-14T18:46:58.615Z"}
{"level":"info","message":"DELETE /test/genre/testGenreUpdated 200 27 - 2.516 ms","timestamp":"2022-05-14T18:46:58.619Z"}
{"level":"info","message":"POST /test/userGame 404 153 - 4.992 ms","timestamp":"2022-05-14T18:46:58.627Z"}
{"level":"info","message":"POST /test/lookingForGame 404 159 - 7.457 ms","timestamp":"2022-05-14T18:46:58.636Z"}
{"level":"info","message":"GET /test/lookingForGame/testLookingForGame 200 4 - 6.644 ms","timestamp":"2022-05-14T18:46:58.645Z"}
{"level":"info","message":"PUT /test/lookingForGame/testLookingForGame 404 177 - 5.617 ms","timestamp":"2022-05-14T18:46:58.652Z"}
{"level":"info","message":"DELETE /test/lookingForGame/updateTestLookingForGame 404 186 - 4.080 ms","timestamp":"2022-05-14T18:46:58.659Z"}
{"level":"info","message":"DELETE /test/userGame/testGame 404 164 - 2.552 ms","timestamp":"2022-05-14T18:46:58.663Z"}
{"level":"info","message":"POST /test/userGame 404 153 - 4.090 ms","timestamp":"2022-05-14T18:46:58.669Z"}
{"level":"info","message":"GET /test/userGame/testGame 200 4 - 4.549 ms","timestamp":"2022-05-14T18:46:58.675Z"}
{"level":"info","message":"PUT /test/userGame/testGame 404 161 - 1.447 ms","timestamp":"2022-05-14T18:46:58.678Z"}
{"level":"info","message":"DELETE /test/userGame/testGameUpdated 404 171 - 1.608 ms","timestamp":"2022-05-14T18:46:58.681Z"}
{"level":"info","message":"GET /test/user/testUser 200 371 - 6.388 ms","timestamp":"2022-05-14T18:46:58.694Z"}
{"level":"info","message":"POST /test/user 201 478 - 3.042 ms","timestamp":"2022-05-14T18:46:58.686Z"}
{"level":"info","message":"DELETE /test/user/testUserUpdated 200 26 - 6.865 ms","timestamp":"2022-05-14T18:46:58.709Z"}
{"level":"info","message":"PUT /test/user/testUser 200 243 - 4.162 ms","timestamp":"2022-05-14T18:46:58.701Z"}
{"level":"info","message":"POST /test/category 201 116 - 12.663 ms","timestamp":"2022-05-14T18:47:32.996Z"}
{"level":"info","message":"GET /test/category/testCategory 200 151 - 9.730 ms","timestamp":"2022-05-14T18:47:33.012Z"}
{"level":"info","message":"PUT /test/category/testCategory 200 123 - 11.588 ms","timestamp":"2022-05-14T18:47:33.027Z"}
{"level":"info","message":"DELETE /test/category/testCategoryUpdated 200 30 - 7.970 ms","timestamp":"2022-05-14T18:47:33.041Z"}
{"level":"info","message":"POST /test/game 201 221 - 2.213 ms","timestamp":"2022-05-14T18:47:33.044Z"}
{"level":"info","message":"GET /test/game/123456789 200 264 - 4.043 ms","timestamp":"2022-05-14T18:47:33.050Z"}
{"level":"info","message":"PUT /test/game/123456789 200 217 - 3.558 ms","timestamp":"2022-05-14T18:47:33.055Z"}
{"level":"info","message":"DELETE /test/game/80247 200 26 - 2.723 ms","timestamp":"2022-05-14T18:47:33.059Z"}
{"level":"info","message":"POST /test/genre 201 114 - 1.591 ms","timestamp":"2022-05-14T18:47:33.063Z"}
{"level":"info","message":"GET /test/genre/testGenre 200 145 - 3.079 ms","timestamp":"2022-05-14T18:47:33.067Z"}
{"level":"info","message":"PUT /test/genre/testGenre 200 121 - 2.254 ms","timestamp":"2022-05-14T18:47:33.071Z"}
{"level":"info","message":"DELETE /test/genre/testGenreUpdated 200 27 - 2.080 ms","timestamp":"2022-05-14T18:47:33.075Z"}
{"level":"info","message":"POST /test/userGame 404 153 - 4.255 ms","timestamp":"2022-05-14T18:47:33.081Z"}
{"level":"info","message":"POST /test/lookingForGame 404 159 - 7.198 ms","timestamp":"2022-05-14T18:47:33.090Z"}
{"level":"info","message":"GET /test/lookingForGame/testLookingForGame 200 4 - 5.734 ms","timestamp":"2022-05-14T18:47:33.098Z"}
{"level":"info","message":"PUT /test/lookingForGame/testLookingForGame 404 177 - 5.231 ms","timestamp":"2022-05-14T18:47:33.105Z"}
{"level":"info","message":"DELETE /test/lookingForGame/updateTestLookingForGame 404 186 - 3.863 ms","timestamp":"2022-05-14T18:47:33.111Z"}
{"level":"info","message":"DELETE /test/userGame/testGame 404 164 - 1.938 ms","timestamp":"2022-05-14T18:47:33.114Z"}
{"level":"info","message":"POST /test/userGame 404 153 - 3.810 ms","timestamp":"2022-05-14T18:47:33.120Z"}
{"level":"info","message":"GET /test/userGame/testGame 200 4 - 4.308 ms","timestamp":"2022-05-14T18:47:33.126Z"}
{"level":"info","message":"PUT /test/userGame/testGame 404 161 - 1.242 ms","timestamp":"2022-05-14T18:47:33.129Z"}
{"level":"info","message":"DELETE /test/userGame/testGameUpdated 404 171 - 1.242 ms","timestamp":"2022-05-14T18:47:33.131Z"}
{"level":"info","message":"POST /test/user 201 484 - 2.843 ms","timestamp":"2022-05-14T18:47:33.136Z"}
{"level":"info","message":"GET /test/user/testUser 200 371 - 5.914 ms","timestamp":"2022-05-14T18:47:33.144Z"}
{"level":"info","message":"PUT /test/user/testUser 200 243 - 7.634 ms","timestamp":"2022-05-14T18:47:33.153Z"}
{"level":"info","message":"DELETE /test/user/testUserUpdated 200 26 - 7.568 ms","timestamp":"2022-05-14T18:47:33.163Z"}
{"level":"info","message":"POST /test/category 201 116 - 15.035 ms","timestamp":"2022-05-14T18:49:45.092Z"}
{"level":"info","message":"GET /test/category/testCategory 200 151 - 10.491 ms","timestamp":"2022-05-14T18:49:45.109Z"}
{"level":"info","message":"PUT /test/category/testCategory 200 123 - 11.989 ms","timestamp":"2022-05-14T18:49:45.125Z"}
{"level":"info","message":"DELETE /test/category/testCategoryUpdated 200 30 - 9.451 ms","timestamp":"2022-05-14T18:49:45.139Z"}
{"level":"info","message":"POST /test/game 201 221 - 3.023 ms","timestamp":"2022-05-14T18:49:45.143Z"}
{"level":"info","message":"GET /test/game/123456789 200 264 - 4.099 ms","timestamp":"2022-05-14T18:49:45.149Z"}
{"level":"info","message":"PUT /test/game/123456789 200 217 - 4.339 ms","timestamp":"2022-05-14T18:49:45.156Z"}
{"level":"info","message":"DELETE /test/game/80247 200 26 - 2.855 ms","timestamp":"2022-05-14T18:49:45.161Z"}
{"level":"info","message":"POST /test/genre 201 114 - 1.575 ms","timestamp":"2022-05-14T18:49:45.164Z"}
{"level":"info","message":"GET /test/genre/testGenre 200 145 - 3.583 ms","timestamp":"2022-05-14T18:49:45.169Z"}
{"level":"info","message":"PUT /test/genre/testGenre 200 121 - 2.269 ms","timestamp":"2022-05-14T18:49:45.173Z"}
{"level":"info","message":"DELETE /test/genre/testGenreUpdated 200 27 - 2.098 ms","timestamp":"2022-05-14T18:49:45.177Z"}
{"level":"info","message":"POST /test/userGame 404 153 - 5.895 ms","timestamp":"2022-05-14T18:49:45.184Z"}
{"level":"info","message":"POST /test/lookingForGame 404 159 - 7.043 ms","timestamp":"2022-05-14T18:49:45.193Z"}
{"level":"info","message":"GET /test/lookingForGame/testLookingForGame 200 4 - 7.133 ms","timestamp":"2022-05-14T18:49:45.202Z"}
{"level":"info","message":"PUT /test/lookingForGame/testLookingForGame 404 177 - 5.454 ms","timestamp":"2022-05-14T18:49:45.209Z"}
{"level":"info","message":"DELETE /test/lookingForGame/updateTestLookingForGame 404 186 - 9.601 ms","timestamp":"2022-05-14T18:49:45.222Z"}
{"level":"info","message":"DELETE /test/userGame/testGame 404 164 - 1.907 ms","timestamp":"2022-05-14T18:49:45.226Z"}
{"level":"info","message":"POST /test/userGame 404 153 - 3.735 ms","timestamp":"2022-05-14T18:49:45.231Z"}
{"level":"info","message":"GET /test/userGame/testGame 200 4 - 5.058 ms","timestamp":"2022-05-14T18:49:45.238Z"}
{"level":"info","message":"PUT /test/userGame/testGame 404 161 - 1.302 ms","timestamp":"2022-05-14T18:49:45.241Z"}
{"level":"info","message":"DELETE /test/userGame/testGameUpdated 404 171 - 1.083 ms","timestamp":"2022-05-14T18:49:45.243Z"}
{"level":"info","message":"POST /test/user 201 480 - 2.848 ms","timestamp":"2022-05-14T18:49:45.247Z"}
{"level":"info","message":"GET /test/user/testUser 200 371 - 9.185 ms","timestamp":"2022-05-14T18:49:45.259Z"}
{"level":"info","message":"PUT /test/user/testUser 200 243 - 3.388 ms","timestamp":"2022-05-14T18:49:45.264Z"}
{"level":"info","message":"DELETE /test/user/testUserUpdated 200 26 - 7.097 ms","timestamp":"2022-05-14T18:49:45.273Z"}
{"level":"info","message":"POST /test/category 201 116 - 14.014 ms","timestamp":"2022-05-14T18:50:44.269Z"}
{"level":"info","message":"GET /test/category/testCategory 200 151 - 15.714 ms","timestamp":"2022-05-14T18:50:44.291Z"}
{"level":"info","message":"PUT /test/category/testCategory 200 123 - 12.904 ms","timestamp":"2022-05-14T18:50:44.307Z"}
{"level":"info","message":"DELETE /test/category/testCategoryUpdated 200 30 - 9.046 ms","timestamp":"2022-05-14T18:50:44.321Z"}
{"level":"info","message":"POST /test/game 201 221 - 2.364 ms","timestamp":"2022-05-14T18:50:44.325Z"}
{"level":"info","message":"GET /test/game/123456789 200 264 - 3.510 ms","timestamp":"2022-05-14T18:50:44.330Z"}
{"level":"info","message":"PUT /test/game/123456789 200 217 - 7.916 ms","timestamp":"2022-05-14T18:50:44.346Z"}
{"level":"info","message":"DELETE /test/game/80247 200 26 - 11.372 ms","timestamp":"2022-05-14T18:50:44.367Z"}
{"level":"info","message":"POST /test/genre 201 114 - 5.462 ms","timestamp":"2022-05-14T18:50:44.377Z"}
{"level":"info","message":"GET /test/genre/testGenre 200 145 - 5.694 ms","timestamp":"2022-05-14T18:50:44.385Z"}
{"level":"info","message":"PUT /test/genre/testGenre 200 121 - 10.818 ms","timestamp":"2022-05-14T18:50:44.403Z"}
{"level":"info","message":"DELETE /test/genre/testGenreUpdated 200 27 - 3.243 ms","timestamp":"2022-05-14T18:50:44.408Z"}
{"level":"info","message":"POST /test/userGame 404 153 - 5.083 ms","timestamp":"2022-05-14T18:50:44.416Z"}
{"level":"info","message":"POST /test/lookingForGame 404 159 - 10.235 ms","timestamp":"2022-05-14T18:50:44.429Z"}
{"level":"info","message":"GET /test/lookingForGame/testLookingForGame 200 4 - 7.031 ms","timestamp":"2022-05-14T18:50:44.440Z"}
{"level":"info","message":"PUT /test/lookingForGame/testLookingForGame 404 177 - 7.573 ms","timestamp":"2022-05-14T18:50:44.450Z"}
{"level":"info","message":"DELETE /test/lookingForGame/updateTestLookingForGame 404 186 - 4.823 ms","timestamp":"2022-05-14T18:50:44.457Z"}
{"level":"info","message":"DELETE /test/userGame/testGame 404 164 - 2.033 ms","timestamp":"2022-05-14T18:50:44.461Z"}
{"level":"info","message":"POST /test/userGame 404 153 - 3.911 ms","timestamp":"2022-05-14T18:50:44.466Z"}
{"level":"info","message":"GET /test/userGame/testGame 200 4 - 5.015 ms","timestamp":"2022-05-14T18:50:44.473Z"}
{"level":"info","message":"PUT /test/userGame/testGame 404 161 - 1.337 ms","timestamp":"2022-05-14T18:50:44.476Z"}
{"level":"info","message":"DELETE /test/userGame/testGameUpdated 404 171 - 1.080 ms","timestamp":"2022-05-14T18:50:44.478Z"}
{"level":"info","message":"POST /test/user 201 475 - 2.919 ms","timestamp":"2022-05-14T18:50:44.483Z"}
{"level":"info","message":"GET /test/user/testUser 200 371 - 6.810 ms","timestamp":"2022-05-14T18:50:44.492Z"}
{"level":"info","message":"PUT /test/user/testUser 200 243 - 4.088 ms","timestamp":"2022-05-14T18:50:44.501Z"}
{"level":"info","message":"DELETE /test/user/testUserUpdated 200 26 - 7.588 ms","timestamp":"2022-05-14T18:50:44.510Z"}
{"level":"info","message":"POST /test/category 201 116 - 16.093 ms","timestamp":"2022-05-14T18:51:42.691Z"}
{"level":"info","message":"GET /test/category/testCategory 200 151 - 11.419 ms","timestamp":"2022-05-14T18:51:42.709Z"}
{"level":"info","message":"PUT /test/category/testCategory 200 123 - 14.781 ms","timestamp":"2022-05-14T18:51:42.727Z"}
{"level":"info","message":"DELETE /test/category/testCategoryUpdated 200 30 - 9.392 ms","timestamp":"2022-05-14T18:51:42.741Z"}
{"level":"info","message":"POST /test/game 201 221 - 2.277 ms","timestamp":"2022-05-14T18:51:42.745Z"}
{"level":"info","message":"GET /test/game/123456789 200 264 - 3.678 ms","timestamp":"2022-05-14T18:51:42.750Z"}
{"level":"info","message":"PUT /test/game/123456789 200 217 - 4.393 ms","timestamp":"2022-05-14T18:51:42.757Z"}
{"level":"info","message":"DELETE /test/game/80247 200 26 - 2.911 ms","timestamp":"2022-05-14T18:51:42.762Z"}
{"level":"info","message":"POST /test/genre 201 114 - 1.634 ms","timestamp":"2022-05-14T18:51:42.765Z"}
{"level":"info","message":"GET /test/genre/testGenre 200 145 - 3.372 ms","timestamp":"2022-05-14T18:51:42.770Z"}
{"level":"info","message":"PUT /test/genre/testGenre 200 121 - 2.348 ms","timestamp":"2022-05-14T18:51:42.775Z"}
{"level":"info","message":"DELETE /test/genre/testGenreUpdated 200 27 - 2.311 ms","timestamp":"2022-05-14T18:51:42.778Z"}
{"level":"info","message":"POST /test/userGame 404 153 - 3.946 ms","timestamp":"2022-05-14T18:51:42.784Z"}
{"level":"info","message":"POST /test/lookingForGame 404 159 - 7.247 ms","timestamp":"2022-05-14T18:51:42.793Z"}
{"level":"info","message":"GET /test/lookingForGame/testLookingForGame 200 4 - 5.957 ms","timestamp":"2022-05-14T18:51:42.801Z"}
{"level":"info","message":"PUT /test/lookingForGame/testLookingForGame 404 177 - 5.661 ms","timestamp":"2022-05-14T18:51:42.809Z"}
{"level":"info","message":"DELETE /test/lookingForGame/updateTestLookingForGame 404 186 - 3.848 ms","timestamp":"2022-05-14T18:51:42.815Z"}
{"level":"info","message":"DELETE /test/userGame/testGame 404 164 - 2.245 ms","timestamp":"2022-05-14T18:51:42.819Z"}
{"level":"info","message":"POST /test/userGame 404 153 - 3.258 ms","timestamp":"2022-05-14T18:51:42.824Z"}
{"level":"info","message":"GET /test/userGame/testGame 200 4 - 4.546 ms","timestamp":"2022-05-14T18:51:42.830Z"}
{"level":"info","message":"PUT /test/userGame/testGame 404 161 - 1.465 ms","timestamp":"2022-05-14T18:51:42.833Z"}
{"level":"info","message":"DELETE /test/userGame/testGameUpdated 404 171 - 1.444 ms","timestamp":"2022-05-14T18:51:42.836Z"}
{"level":"info","message":"POST /test/user 201 476 - 2.924 ms","timestamp":"2022-05-14T18:51:42.841Z"}
{"level":"info","message":"GET /test/user/testUser 200 371 - 6.916 ms","timestamp":"2022-05-14T18:51:42.850Z"}
{"level":"info","message":"PUT /test/user/testUser 200 243 - 4.293 ms","timestamp":"2022-05-14T18:51:42.856Z"}
{"level":"info","message":"DELETE /test/user/testUserUpdated 200 26 - 6.712 ms","timestamp":"2022-05-14T18:51:42.865Z"}
{"level":"info","message":"POST /test/category 201 116 - 19.951 ms","timestamp":"2022-05-14T18:56:15.552Z"}
{"level":"info","message":"GET /test/category/testCategory 200 151 - 15.932 ms","timestamp":"2022-05-14T18:56:15.575Z"}
{"level":"info","message":"PUT /test/category/testCategory 200 123 - 22.708 ms","timestamp":"2022-05-14T18:56:15.601Z"}
{"level":"info","message":"DELETE /test/category/testCategoryUpdated 200 30 - 12.563 ms","timestamp":"2022-05-14T18:56:15.622Z"}
{"level":"info","message":"POST /test/game 201 221 - 2.474 ms","timestamp":"2022-05-14T18:56:15.626Z"}
{"level":"info","message":"GET /test/game/123456789 200 264 - 7.408 ms","timestamp":"2022-05-14T18:56:15.635Z"}
{"level":"info","message":"PUT /test/game/123456789 200 217 - 4.520 ms","timestamp":"2022-05-14T18:56:15.641Z"}
{"level":"info","message":"DELETE /test/game/80247 200 26 - 2.780 ms","timestamp":"2022-05-14T18:56:15.646Z"}
{"level":"info","message":"POST /test/genre 201 114 - 1.780 ms","timestamp":"2022-05-14T18:56:15.649Z"}
{"level":"info","message":"GET /test/genre/testGenre 200 145 - 3.117 ms","timestamp":"2022-05-14T18:56:15.654Z"}
{"level":"info","message":"PUT /test/genre/testGenre 200 121 - 2.369 ms","timestamp":"2022-05-14T18:56:15.659Z"}
{"level":"info","message":"DELETE /test/genre/testGenreUpdated 200 27 - 2.199 ms","timestamp":"2022-05-14T18:56:15.662Z"}
{"level":"info","message":"POST /test/userGame 201 237 - 3.893 ms","timestamp":"2022-05-14T18:56:15.668Z"}
{"level":"info","message":"POST /test/lookingForGame 201 171 - 9.430 ms","timestamp":"2022-05-14T18:56:15.679Z"}
{"level":"info","message":"GET /test/lookingForGame/testLookingForGame 200 442 - 6.780 ms","timestamp":"2022-05-14T18:56:15.687Z"}
{"level":"info","message":"PUT /test/lookingForGame/testLookingForGame 200 177 - 7.592 ms","timestamp":"2022-05-14T18:56:15.697Z"}
{"level":"info","message":"DELETE /test/lookingForGame/updateTestLookingForGame 200 38 - 11.902 ms","timestamp":"2022-05-14T18:56:15.711Z"}
{"level":"info","message":"DELETE /test/userGame/testGame 200 38 - 2.907 ms","timestamp":"2022-05-14T18:56:15.715Z"}
{"level":"info","message":"POST /test/userGame 201 237 - 3.646 ms","timestamp":"2022-05-14T18:56:15.720Z"}
{"level":"info","message":"GET /test/userGame/testGame 200 940 - 4.839 ms","timestamp":"2022-05-14T18:56:15.727Z"}
{"level":"info","message":"PUT /test/userGame/testGame 200 244 - 2.489 ms","timestamp":"2022-05-14T18:56:15.732Z"}
{"level":"info","message":"DELETE /test/userGame/testGameUpdated 200 38 - 5.532 ms","timestamp":"2022-05-14T18:56:15.739Z"}
{"level":"info","message":"POST /test/user 201 476 - 2.683 ms","timestamp":"2022-05-14T18:56:15.743Z"}
{"level":"info","message":"GET /test/user/testUser 200 371 - 6.134 ms","timestamp":"2022-05-14T18:56:15.751Z"}
{"level":"info","message":"PUT /test/user/testUser 200 243 - 3.483 ms","timestamp":"2022-05-14T18:56:15.758Z"}
{"level":"info","message":"DELETE /test/user/testUserUpdated 200 26 - 6.063 ms","timestamp":"2022-05-14T18:56:15.766Z"}
{"level":"info","message":"POST /test/category 201 116 - 14.955 ms","timestamp":"2022-05-14T19:05:58.558Z"}
{"level":"info","message":"GET /test/category/testCategory 200 151 - 15.294 ms","timestamp":"2022-05-14T19:05:58.580Z"}
{"level":"info","message":"PUT /test/category/testCategory 200 123 - 12.405 ms","timestamp":"2022-05-14T19:05:58.596Z"}
{"level":"info","message":"DELETE /test/category/testCategoryUpdated 200 30 - 8.144 ms","timestamp":"2022-05-14T19:05:58.609Z"}
{"level":"info","message":"POST /test/game 201 221 - 2.933 ms","timestamp":"2022-05-14T19:05:58.615Z"}
{"level":"info","message":"GET /test/game/123456789 200 264 - 3.639 ms","timestamp":"2022-05-14T19:05:58.621Z"}
{"level":"info","message":"PUT /test/game/123456789 200 217 - 4.262 ms","timestamp":"2022-05-14T19:05:58.627Z"}
{"level":"info","message":"DELETE /test/game/80247 200 26 - 2.834 ms","timestamp":"2022-05-14T19:05:58.632Z"}
{"level":"info","message":"POST /test/genre 201 114 - 1.562 ms","timestamp":"2022-05-14T19:05:58.635Z"}
{"level":"info","message":"GET /test/genre/testGenre 200 145 - 3.310 ms","timestamp":"2022-05-14T19:05:58.640Z"}
{"level":"info","message":"PUT /test/genre/testGenre 200 121 - 2.355 ms","timestamp":"2022-05-14T19:05:58.645Z"}
{"level":"info","message":"DELETE /test/genre/testGenreUpdated 200 27 - 2.024 ms","timestamp":"2022-05-14T19:05:58.648Z"}
{"level":"info","message":"POST /test/userGame 201 237 - 2.631 ms","timestamp":"2022-05-14T19:05:58.652Z"}
{"level":"info","message":"POST /test/lookingForGame 201 171 - 7.710 ms","timestamp":"2022-05-14T19:05:58.661Z"}
{"level":"info","message":"GET /test/lookingForGame/testLookingForGame 200 442 - 5.697 ms","timestamp":"2022-05-14T19:05:58.668Z"}
{"level":"info","message":"PUT /test/lookingForGame/testLookingForGame 200 177 - 7.588 ms","timestamp":"2022-05-14T19:05:58.678Z"}
{"level":"info","message":"DELETE /test/lookingForGame/updateTestLookingForGame 200 38 - 5.026 ms","timestamp":"2022-05-14T19:05:58.684Z"}
{"level":"info","message":"DELETE /test/userGame/testGame 200 38 - 3.514 ms","timestamp":"2022-05-14T19:05:58.689Z"}
{"level":"info","message":"POST /test/userGame 201 237 - 2.774 ms","timestamp":"2022-05-14T19:05:58.694Z"}
{"level":"info","message":"GET /test/userGame/testGame 200 940 - 4.821 ms","timestamp":"2022-05-14T19:05:58.700Z"}
{"level":"info","message":"PUT /test/userGame/testGame 200 244 - 2.314 ms","timestamp":"2022-05-14T19:05:58.704Z"}
{"level":"info","message":"DELETE /test/userGame/testGameUpdated 200 38 - 2.190 ms","timestamp":"2022-05-14T19:05:58.711Z"}
{"level":"info","message":"POST /test/user 201 480 - 2.670 ms","timestamp":"2022-05-14T19:05:58.716Z"}
{"level":"info","message":"GET /test/user/testUser 200 371 - 6.220 ms","timestamp":"2022-05-14T19:05:58.723Z"}
{"level":"info","message":"PUT /test/user/testUser 200 243 - 2.669 ms","timestamp":"2022-05-14T19:05:58.729Z"}
{"level":"info","message":"DELETE /test/user/testUserUpdated 200 26 - 5.772 ms","timestamp":"2022-05-14T19:05:58.736Z"}
{"level":"info","message":"GET /api/csrf/restore 201 2 - 10.119 ms","timestamp":"2022-05-14T19:06:50.459Z"}
{"level":"info","message":"GET /static/trip_gif.webp 304 - - 4.074 ms","timestamp":"2022-05-14T19:06:50.465Z"}
{"level":"info","message":"GET /api/session 304 - - 56.291 ms","timestamp":"2022-05-14T19:06:50.536Z"}
{"level":"info","message":"GET /api/csrf/restore 201 2 - 4.660 ms","timestamp":"2022-05-14T19:07:04.155Z"}
{"level":"info","message":"GET /static/trip_gif.webp 304 - - 3.655 ms","timestamp":"2022-05-14T19:07:04.170Z"}
{"level":"info","message":"GET /api/session 304 - - 234.613 ms","timestamp":"2022-05-14T19:07:04.417Z"}
{"level":"info","message":"GET /static/trip_gif.webp 304 - - 3.390 ms","timestamp":"2022-05-14T19:08:07.519Z"}
{"level":"info","message":"GET /api/csrf/restore 201 2 - 1.577 ms","timestamp":"2022-05-14T19:08:07.535Z"}
{"level":"info","message":"GET /api/session 304 - - 18.369 ms","timestamp":"2022-05-14T19:08:07.553Z"}
{"level":"info","message":"GET /static/no_profile_pic.jpeg 304 - - 1.019 ms","timestamp":"2022-05-14T19:08:08.802Z"}
{"level":"info","message":"DELETE /api/session 200 21 - 4.975 ms","timestamp":"2022-05-14T19:08:10.569Z"}
{"level":"info","message":"POST /api/session 200 240 - 137.996 ms","timestamp":"2022-05-14T19:11:37.124Z"}
{"level":"info","message":"GET /static/no_profile_pic.jpeg 304 - - 1.333 ms","timestamp":"2022-05-14T19:11:37.134Z"}
{"level":"info","message":"GET /api/csrf/restore 201 2 - 2.039 ms","timestamp":"2022-05-14T19:11:49.034Z"}
{"level":"info","message":"GET /static/trip_gif.webp 304 - - 1.602 ms","timestamp":"2022-05-14T19:11:49.040Z"}
{"level":"info","message":"GET /api/session 200 240 - 12.826 ms","timestamp":"2022-05-14T19:11:49.071Z"}
{"level":"info","message":"GET /static/no_profile_pic.jpeg 304 - - 1.038 ms","timestamp":"2022-05-14T19:11:50.785Z"}
