{"level":"info","message":"GET /api/csrf/restore 201 2 - 8.364 ms","timestamp":"2022-05-10T19:42:26.504Z"}
{"level":"info","message":"GET /api/session 304 - - 81.359 ms","timestamp":"2022-05-10T19:42:26.804Z"}
{"level":"info","message":"GET /api/csrf/restore 201 2 - 9.679 ms","timestamp":"2022-05-10T19:42:29.659Z"}
{"level":"info","message":"GET /api/session 304 - - 8.562 ms","timestamp":"2022-05-10T19:42:29.783Z"}
{"level":"info","message":"DELETE /api/session 200 21 - 24.249 ms","timestamp":"2022-05-10T19:49:27.717Z"}
{"level":"info","message":"POST /api/session 200 1094 - 153.748 ms","timestamp":"2022-05-10T19:49:29.275Z"}
{"level":"info","message":"DELETE /api/session 200 21 - 126.907 ms","timestamp":"2022-05-10T20:25:10.663Z"}
{"level":"info","message":"POST /api/session 200 1094 - 189.508 ms","timestamp":"2022-05-10T20:25:11.755Z"}
{"level":"info","message":"DELETE /api/session 200 21 - 3.188 ms","timestamp":"2022-05-10T20:39:03.935Z"}
{"level":"info","message":"POST /api/session 200 1094 - 131.981 ms","timestamp":"2022-05-10T20:42:55.172Z"}
{"level":"info","message":"GET /api/csrf/restore 201 2 - 1.517 ms","timestamp":"2022-05-10T20:48:00.334Z"}
{"level":"info","message":"GET /api/session 200 1016 - 56.794 ms","timestamp":"2022-05-10T20:48:00.532Z"}
{"level":"info","message":"GET /api/csrf/restore 201 2 - 1.096 ms","timestamp":"2022-05-10T20:48:29.309Z"}
{"level":"info","message":"GET /api/session 304 - - 44.191 ms","timestamp":"2022-05-10T20:48:29.498Z"}
{"level":"info","message":"GET /api/csrf/restore 201 2 - 4.112 ms","timestamp":"2022-05-10T23:10:53.900Z"}
{"level":"info","message":"GET /api/session 304 - - 128.129 ms","timestamp":"2022-05-10T23:10:54.249Z"}
{"level":"info","message":"GET /api/csrf/restore 201 2 - 3.372 ms","timestamp":"2022-05-10T23:11:09.130Z"}
{"level":"info","message":"GET /api/session 304 - - 64.798 ms","timestamp":"2022-05-10T23:11:09.342Z"}
{"level":"info","message":"DELETE /api/session 200 21 - 17.658 ms","timestamp":"2022-05-10T23:11:16.590Z"}
{"level":"info","message":"POST /api/session 200 1094 - 142.319 ms","timestamp":"2022-05-10T23:11:22.722Z"}
{"level":"info","message":"GET /api/csrf/restore 201 2 - 1.207 ms","timestamp":"2022-05-10T23:11:57.088Z"}
{"level":"info","message":"GET /api/session 200 1016 - 28.610 ms","timestamp":"2022-05-10T23:11:57.248Z"}
{"level":"info","message":"GET /api/csrf/restore 201 2 - 0.960 ms","timestamp":"2022-05-10T23:12:57.521Z"}
{"level":"info","message":"GET /api/session 304 - - 26.134 ms","timestamp":"2022-05-10T23:12:57.675Z"}
{"level":"info","message":"GET /api/csrf/restore 201 2 - 1.740 ms","timestamp":"2022-05-10T23:13:00.171Z"}
{"level":"info","message":"GET /api/session 304 - - 6.952 ms","timestamp":"2022-05-10T23:13:00.309Z"}
{"level":"info","message":"GET /test/user 200 1229 - 39.524 ms","timestamp":"2022-05-10T23:14:41.832Z"}
{"level":"info","message":"GET /test/user 200 1220 - 22.785 ms","timestamp":"2022-05-10T23:17:51.763Z"}
{"level":"info","message":"GET /test/user 200 1220 - 13.406 ms","timestamp":"2022-05-10T23:18:04.026Z"}
{"level":"info","message":"POST /user 403 1261 - 9.066 ms","timestamp":"2022-05-10T23:47:18.228Z"}
{"level":"info","message":"GET /test/user/testUser 200 1294 - 11.637 ms","timestamp":"2022-05-10T23:47:18.247Z"}
{"level":"info","message":"PUT /user/testUser 403 1261 - 7.499 ms","timestamp":"2022-05-10T23:47:18.259Z"}
{"level":"info","message":"DELETE /user/testUser 403 1261 - 4.221 ms","timestamp":"2022-05-10T23:47:18.268Z"}
{"level":"info","message":"POST /user 403 1261 - 9.724 ms","timestamp":"2022-05-10T23:48:24.231Z"}
{"level":"info","message":"GET /test/user/testUser 200 1294 - 15.282 ms","timestamp":"2022-05-10T23:48:24.254Z"}
{"level":"info","message":"PUT /user/testUser 403 1261 - 15.553 ms","timestamp":"2022-05-10T23:48:24.287Z"}
{"level":"info","message":"DELETE /user/testUser 403 1261 - 5.408 ms","timestamp":"2022-05-10T23:48:24.304Z"}
{"level":"info","message":"POST /user 403 1261 - 8.939 ms","timestamp":"2022-05-10T23:49:41.259Z"}
{"level":"info","message":"GET /test/user/testUser 200 1294 - 8.090 ms","timestamp":"2022-05-10T23:49:41.274Z"}
{"level":"info","message":"PUT /user/testUser 403 1261 - 6.987 ms","timestamp":"2022-05-10T23:49:41.285Z"}
{"level":"info","message":"DELETE /user/testUserUpdated 403 1261 - 3.866 ms","timestamp":"2022-05-10T23:49:41.293Z"}
{"level":"info","message":"POST /test/user 500 1065 - 10.238 ms","timestamp":"2022-05-10T23:52:33.247Z"}
{"level":"info","message":"GET /test/user/testUser 200 1294 - 9.613 ms","timestamp":"2022-05-10T23:52:33.263Z"}
{"level":"info","message":"PUT /test/user/testUser 403 1261 - 15.088 ms","timestamp":"2022-05-10T23:52:33.283Z"}
{"level":"info","message":"DELETE /test/user/testUserUpdated 403 1261 - 8.999 ms","timestamp":"2022-05-10T23:52:33.296Z"}
{"level":"info","message":"POST /test/user 500 1065 - 11.711 ms","timestamp":"2022-05-10T23:55:50.898Z"}
{"level":"info","message":"GET /test/user/testUser 200 1294 - 9.359 ms","timestamp":"2022-05-10T23:55:50.914Z"}
{"level":"info","message":"PUT /test/user/testUser 404 1294 - 12.081 ms","timestamp":"2022-05-10T23:55:50.930Z"}
{"level":"info","message":"DELETE /test/user/testUserUpdated 404 1294 - 9.773 ms","timestamp":"2022-05-10T23:55:50.944Z"}
{"level":"info","message":"POST /test/user 500 1065 - 10.500 ms","timestamp":"2022-05-10T23:56:32.385Z"}
{"level":"info","message":"GET /test/user/testUser 200 1294 - 8.547 ms","timestamp":"2022-05-10T23:56:32.401Z"}
{"level":"info","message":"PUT /test/user/testUser 404 1294 - 11.170 ms","timestamp":"2022-05-10T23:56:32.422Z"}
{"level":"info","message":"DELETE /test/user/testUserUpdated 404 1294 - 8.002 ms","timestamp":"2022-05-10T23:56:32.434Z"}
{"level":"info","message":"POST /test/user 500 1065 - 2.715 ms","timestamp":"2022-05-10T23:57:16.474Z"}
{"level":"info","message":"GET /test/user/testUser 200 1294 - 13.078 ms","timestamp":"2022-05-10T23:57:16.493Z"}
{"level":"info","message":"PUT /test/user/testUser 404 1294 - 9.641 ms","timestamp":"2022-05-10T23:57:16.511Z"}
{"level":"info","message":"DELETE /test/user/testUserUpdated 404 1294 - 9.248 ms","timestamp":"2022-05-10T23:57:16.528Z"}
{"level":"info","message":"POST /test/user 500 1078 - 10.207 ms","timestamp":"2022-05-10T23:58:25.814Z"}
{"level":"info","message":"GET /test/user/testUser 200 1294 - 8.320 ms","timestamp":"2022-05-10T23:58:25.830Z"}
{"level":"info","message":"PUT /test/user/testUser 404 1294 - 11.767 ms","timestamp":"2022-05-10T23:58:25.846Z"}
{"level":"info","message":"DELETE /test/user/testUserUpdated 404 1294 - 14.392 ms","timestamp":"2022-05-10T23:58:25.864Z"}
{"level":"info","message":"POST /test/user 201 477 - 23.846 ms","timestamp":"2022-05-10T23:59:07.211Z"}
{"level":"info","message":"GET /test/user/testUser 200 235 - 6.744 ms","timestamp":"2022-05-10T23:59:07.224Z"}
{"level":"info","message":"PUT /test/user/testUser 200 242 - 14.558 ms","timestamp":"2022-05-10T23:59:07.243Z"}
{"level":"info","message":"DELETE /test/user/testUserUpdated 200 26 - 14.444 ms","timestamp":"2022-05-10T23:59:07.261Z"}
{"level":"info","message":"POST /test/user 201 481 - 12.776 ms","timestamp":"2022-05-10T23:59:34.241Z"}
{"level":"info","message":"GET /test/user/testUser 200 235 - 6.048 ms","timestamp":"2022-05-10T23:59:34.254Z"}
{"level":"info","message":"PUT /test/user/testUser 200 242 - 14.430 ms","timestamp":"2022-05-10T23:59:34.278Z"}
{"level":"info","message":"DELETE /test/user/testUserUpdated 200 26 - 13.506 ms","timestamp":"2022-05-10T23:59:34.296Z"}
{"level":"info","message":"POST /test/user 201 480 - 13.242 ms","timestamp":"2022-05-10T23:59:55.417Z"}
{"level":"info","message":"GET /test/user/testUser 200 235 - 6.512 ms","timestamp":"2022-05-10T23:59:55.430Z"}
{"level":"info","message":"PUT /test/user/testUser 200 242 - 13.260 ms","timestamp":"2022-05-10T23:59:55.452Z"}
{"level":"info","message":"DELETE /test/user/testUserUpdated 200 26 - 15.335 ms","timestamp":"2022-05-10T23:59:55.472Z"}
{"level":"info","message":"POST /test/user 201 480 - 13.647 ms","timestamp":"2022-05-11T00:00:24.448Z"}
{"level":"info","message":"GET /test/user/testUser 200 370 - 17.950 ms","timestamp":"2022-05-11T00:00:24.473Z"}
{"level":"info","message":"PUT /test/user/testUser 200 242 - 13.076 ms","timestamp":"2022-05-11T00:00:24.491Z"}
{"level":"info","message":"DELETE /test/user/testUserUpdated 200 26 - 13.330 ms","timestamp":"2022-05-11T00:00:24.508Z"}
{"level":"info","message":"POST /test/user 201 482 - 15.987 ms","timestamp":"2022-05-11T00:00:43.045Z"}
{"level":"info","message":"GET /test/user/testUser 200 370 - 15.286 ms","timestamp":"2022-05-11T00:00:43.068Z"}
{"level":"info","message":"PUT /test/user/testUser 200 242 - 14.193 ms","timestamp":"2022-05-11T00:00:43.088Z"}
{"level":"info","message":"DELETE /test/user/testUserUpdated 200 26 - 14.254 ms","timestamp":"2022-05-11T00:00:43.107Z"}
{"level":"info","message":"POST /test/user 201 481 - 25.065 ms","timestamp":"2022-05-11T00:04:04.782Z"}
{"level":"info","message":"GET /test/user/testUser 200 370 - 19.636 ms","timestamp":"2022-05-11T00:04:04.815Z"}
{"level":"info","message":"PUT /test/user/testUser 200 242 - 18.933 ms","timestamp":"2022-05-11T00:04:04.843Z"}
{"level":"info","message":"DELETE /test/user/testUserUpdated 200 26 - 20.887 ms","timestamp":"2022-05-11T00:04:04.870Z"}
{"level":"info","message":"POST /test/user 201 480 - 13.723 ms","timestamp":"2022-05-11T00:15:24.543Z"}
{"level":"info","message":"GET /test/user/testUser 200 370 - 21.865 ms","timestamp":"2022-05-11T00:15:24.571Z"}
{"level":"info","message":"PUT /test/user/testUser 200 242 - 12.913 ms","timestamp":"2022-05-11T00:15:24.588Z"}
{"level":"info","message":"DELETE /test/user/testUserUpdated 200 26 - 13.450 ms","timestamp":"2022-05-11T00:15:24.605Z"}
{"level":"info","message":"POST /test/game 201 223 - 4.682 ms","timestamp":"2022-05-11T00:15:24.611Z"}
{"level":"info","message":"GET /test/game/123456789 200 266 - 33.289 ms","timestamp":"2022-05-11T00:15:24.646Z"}
{"level":"info","message":"PUT /test/game/123456789 200 223 - 12.168 ms","timestamp":"2022-05-11T00:15:24.661Z"}
{"level":"info","message":"DELETE /test/game/123456789 404 1294 - 4.780 ms","timestamp":"2022-05-11T00:15:24.668Z"}
{"level":"info","message":"POST /test/user 201 481 - 17.959 ms","timestamp":"2022-05-11T00:16:08.985Z"}
{"level":"info","message":"GET /test/user/testUser 200 370 - 13.916 ms","timestamp":"2022-05-11T00:16:09.005Z"}
{"level":"info","message":"PUT /test/user/testUser 200 242 - 16.538 ms","timestamp":"2022-05-11T00:16:09.026Z"}
{"level":"info","message":"DELETE /test/user/testUserUpdated 200 26 - 12.849 ms","timestamp":"2022-05-11T00:16:09.043Z"}
{"level":"info","message":"POST /test/game 201 223 - 2.473 ms","timestamp":"2022-05-11T00:16:09.047Z"}
{"level":"info","message":"GET /test/game/123456789 200 266 - 17.474 ms","timestamp":"2022-05-11T00:16:09.066Z"}
{"level":"info","message":"PUT /test/game/123456789 500 891 - 8.904 ms","timestamp":"2022-05-11T00:16:09.078Z"}
{"level":"info","message":"DELETE /test/game/123456789 200 26 - 12.985 ms","timestamp":"2022-05-11T00:16:09.093Z"}
{"level":"info","message":"POST /test/user 201 479 - 12.573 ms","timestamp":"2022-05-11T00:16:31.092Z"}
{"level":"info","message":"GET /test/user/testUser 200 371 - 16.906 ms","timestamp":"2022-05-11T00:16:31.115Z"}
{"level":"info","message":"PUT /test/user/testUser 200 243 - 12.306 ms","timestamp":"2022-05-11T00:16:31.131Z"}
{"level":"info","message":"DELETE /test/user/testUserUpdated 200 26 - 13.331 ms","timestamp":"2022-05-11T00:16:31.148Z"}
{"level":"info","message":"POST /test/game 201 223 - 2.325 ms","timestamp":"2022-05-11T00:16:31.152Z"}
{"level":"info","message":"GET /test/game/123456789 200 266 - 17.503 ms","timestamp":"2022-05-11T00:16:31.171Z"}
{"level":"info","message":"PUT /test/game/123456789 500 891 - 9.695 ms","timestamp":"2022-05-11T00:16:31.185Z"}
{"level":"info","message":"DELETE /test/game/123456789 200 26 - 11.233 ms","timestamp":"2022-05-11T00:16:31.198Z"}
{"level":"info","message":"POST /test/user 201 480 - 14.455 ms","timestamp":"2022-05-11T00:17:39.956Z"}
{"level":"info","message":"GET /test/user/testUser 200 371 - 14.293 ms","timestamp":"2022-05-11T00:17:39.979Z"}
{"level":"info","message":"PUT /test/user/testUser 200 243 - 13.508 ms","timestamp":"2022-05-11T00:17:39.997Z"}
{"level":"info","message":"DELETE /test/user/testUserUpdated 200 26 - 16.872 ms","timestamp":"2022-05-11T00:17:40.019Z"}
{"level":"info","message":"POST /test/game 201 223 - 3.068 ms","timestamp":"2022-05-11T00:17:40.023Z"}
{"level":"info","message":"GET /test/game/123456789 200 266 - 19.066 ms","timestamp":"2022-05-11T00:17:40.045Z"}
{"level":"info","message":"PUT /test/game/123456789 500 891 - 7.769 ms","timestamp":"2022-05-11T00:17:40.056Z"}
{"level":"info","message":"DELETE /test/game/123456789 200 26 - 10.327 ms","timestamp":"2022-05-11T00:17:40.069Z"}
{"level":"info","message":"POST /test/user 201 478 - 12.544 ms","timestamp":"2022-05-11T00:19:19.715Z"}
{"level":"info","message":"GET /test/user/testUser 200 371 - 13.408 ms","timestamp":"2022-05-11T00:19:19.735Z"}
{"level":"info","message":"PUT /test/user/testUser 200 243 - 12.940 ms","timestamp":"2022-05-11T00:19:19.752Z"}
{"level":"info","message":"DELETE /test/user/testUserUpdated 200 26 - 13.090 ms","timestamp":"2022-05-11T00:19:19.770Z"}
{"level":"info","message":"POST /test/game 201 223 - 3.000 ms","timestamp":"2022-05-11T00:19:19.774Z"}
{"level":"info","message":"GET /test/game/123456789 200 266 - 16.793 ms","timestamp":"2022-05-11T00:19:19.793Z"}
{"level":"info","message":"PUT /test/game/123456789 200 223 - 12.952 ms","timestamp":"2022-05-11T00:19:19.808Z"}
{"level":"info","message":"DELETE /test/game/123456789 404 1294 - 3.851 ms","timestamp":"2022-05-11T00:19:19.814Z"}
{"level":"info","message":"POST /test/user 201 479 - 13.706 ms","timestamp":"2022-05-11T00:19:46.827Z"}
{"level":"info","message":"GET /test/user/testUser 200 371 - 13.754 ms","timestamp":"2022-05-11T00:19:46.847Z"}
{"level":"info","message":"PUT /test/user/testUser 200 243 - 12.853 ms","timestamp":"2022-05-11T00:19:46.864Z"}
{"level":"info","message":"DELETE /test/user/testUserUpdated 200 26 - 16.745 ms","timestamp":"2022-05-11T00:19:46.885Z"}
{"level":"info","message":"POST /test/game 201 223 - 2.797 ms","timestamp":"2022-05-11T00:19:46.889Z"}
{"level":"info","message":"GET /test/game/123456789 200 266 - 23.939 ms","timestamp":"2022-05-11T00:19:46.915Z"}
{"level":"info","message":"PUT /test/game/123456789 500 891 - 7.645 ms","timestamp":"2022-05-11T00:19:46.925Z"}
{"level":"info","message":"DELETE /test/game/123456780 200 26 - 13.653 ms","timestamp":"2022-05-11T00:19:46.942Z"}
{"level":"info","message":"POST /test/user 201 477 - 22.571 ms","timestamp":"2022-05-11T00:21:39.846Z"}
{"level":"info","message":"GET /test/user/testUser 200 371 - 17.905 ms","timestamp":"2022-05-11T00:21:39.870Z"}
{"level":"info","message":"PUT /test/user/testUser 200 243 - 22.793 ms","timestamp":"2022-05-11T00:21:39.898Z"}
{"level":"info","message":"DELETE /test/user/testUserUpdated 200 26 - 17.045 ms","timestamp":"2022-05-11T00:21:39.919Z"}
{"level":"info","message":"POST /test/game 500 896 - 7.272 ms","timestamp":"2022-05-11T00:21:39.928Z"}
{"level":"info","message":"GET /test/game/123456789 200 266 - 16.443 ms","timestamp":"2022-05-11T00:21:39.947Z"}
{"level":"info","message":"PUT /test/game/123456789 200 223 - 12.170 ms","timestamp":"2022-05-11T00:21:39.961Z"}
{"level":"info","message":"DELETE /test/game/123456780 200 26 - 11.052 ms","timestamp":"2022-05-11T00:21:39.974Z"}
{"level":"info","message":"POST /test/user 201 481 - 12.697 ms","timestamp":"2022-05-11T00:22:48.761Z"}
{"level":"info","message":"GET /test/user/testUser 200 371 - 15.057 ms","timestamp":"2022-05-11T00:22:48.782Z"}
{"level":"info","message":"PUT /test/user/testUser 200 243 - 19.865 ms","timestamp":"2022-05-11T00:22:48.806Z"}
{"level":"info","message":"DELETE /test/user/testUserUpdated 200 26 - 13.159 ms","timestamp":"2022-05-11T00:22:48.823Z"}
{"level":"info","message":"POST /test/game 201 223 - 2.683 ms","timestamp":"2022-05-11T00:22:48.827Z"}
{"level":"info","message":"GET /test/game/123456789 200 266 - 19.782 ms","timestamp":"2022-05-11T00:22:48.849Z"}
{"level":"info","message":"PUT /test/game/123456789 200 222 - 12.338 ms","timestamp":"2022-05-11T00:22:48.864Z"}
{"level":"info","message":"DELETE /test/game/23456789 200 26 - 10.618 ms","timestamp":"2022-05-11T00:22:48.877Z"}
{"level":"info","message":"POST /test/user 201 478 - 2.612 ms","timestamp":"2022-05-11T00:22:53.994Z"}
{"level":"info","message":"GET /test/user/testUser 200 371 - 5.155 ms","timestamp":"2022-05-11T00:22:54.003Z"}
{"level":"info","message":"PUT /test/user/testUser 200 243 - 2.830 ms","timestamp":"2022-05-11T00:22:54.009Z"}
{"level":"info","message":"DELETE /test/user/testUserUpdated 200 26 - 5.414 ms","timestamp":"2022-05-11T00:22:54.016Z"}
{"level":"info","message":"POST /test/game 201 223 - 1.484 ms","timestamp":"2022-05-11T00:22:54.020Z"}
{"level":"info","message":"GET /test/game/123456789 200 266 - 10.802 ms","timestamp":"2022-05-11T00:22:54.032Z"}
{"level":"info","message":"PUT /test/game/123456789 200 222 - 9.827 ms","timestamp":"2022-05-11T00:22:54.044Z"}
{"level":"info","message":"DELETE /test/game/23456789 200 26 - 8.294 ms","timestamp":"2022-05-11T00:22:54.054Z"}
{"level":"info","message":"POST /test/user 201 482 - 13.100 ms","timestamp":"2022-05-11T00:23:04.838Z"}
{"level":"info","message":"GET /test/user/testUser 200 371 - 18.282 ms","timestamp":"2022-05-11T00:23:04.862Z"}
{"level":"info","message":"PUT /test/user/testUser 200 243 - 13.881 ms","timestamp":"2022-05-11T00:23:04.880Z"}
{"level":"info","message":"DELETE /test/user/testUserUpdated 200 26 - 13.314 ms","timestamp":"2022-05-11T00:23:04.897Z"}
{"level":"info","message":"POST /test/game 201 223 - 2.233 ms","timestamp":"2022-05-11T00:23:04.900Z"}
{"level":"info","message":"GET /test/game/123456789 200 266 - 19.449 ms","timestamp":"2022-05-11T00:23:04.923Z"}
{"level":"info","message":"PUT /test/game/123456789 200 219 - 13.189 ms","timestamp":"2022-05-11T00:23:04.938Z"}
{"level":"info","message":"DELETE /test/game/80247 200 26 - 6.463 ms","timestamp":"2022-05-11T00:23:04.947Z"}
{"level":"info","message":"POST /test/user 201 479 - 14.979 ms","timestamp":"2022-05-11T00:24:27.866Z"}
{"level":"info","message":"GET /test/user/testUser 200 371 - 17.168 ms","timestamp":"2022-05-11T00:24:27.889Z"}
{"level":"info","message":"PUT /test/user/testUser 200 243 - 13.290 ms","timestamp":"2022-05-11T00:24:27.907Z"}
{"level":"info","message":"DELETE /test/user/testUserUpdated 200 26 - 29.064 ms","timestamp":"2022-05-11T00:24:27.940Z"}
{"level":"info","message":"POST /test/game 201 223 - 4.911 ms","timestamp":"2022-05-11T00:24:27.950Z"}
{"level":"info","message":"GET /test/game/123456789 200 266 - 14.642 ms","timestamp":"2022-05-11T00:24:27.968Z"}
{"level":"info","message":"PUT /test/game/123456789 200 219 - 14.204 ms","timestamp":"2022-05-11T00:24:27.985Z"}
{"level":"info","message":"DELETE /test/game/80247 200 26 - 9.182 ms","timestamp":"2022-05-11T00:24:27.996Z"}
{"level":"info","message":"POST /test/user 201 477 - 13.210 ms","timestamp":"2022-05-11T00:32:37.627Z"}
{"level":"info","message":"GET /test/user/testUser 200 371 - 14.962 ms","timestamp":"2022-05-11T00:32:37.651Z"}
{"level":"info","message":"PUT /test/user/testUser 200 243 - 14.640 ms","timestamp":"2022-05-11T00:32:37.672Z"}
{"level":"info","message":"DELETE /test/user/testUserUpdated 200 26 - 12.717 ms","timestamp":"2022-05-11T00:32:37.688Z"}
{"level":"info","message":"POST /test/game 201 223 - 2.244 ms","timestamp":"2022-05-11T00:32:37.692Z"}
{"level":"info","message":"GET /test/game/123456789 200 266 - 14.632 ms","timestamp":"2022-05-11T00:32:37.711Z"}
{"level":"info","message":"PUT /test/game/123456789 200 219 - 11.971 ms","timestamp":"2022-05-11T00:32:37.725Z"}
{"level":"info","message":"DELETE /test/game/80247 200 26 - 10.577 ms","timestamp":"2022-05-11T00:32:37.738Z"}
{"level":"info","message":"POST /test/category 500 949 - 6.375 ms","timestamp":"2022-05-11T00:32:37.748Z"}
{"level":"info","message":"GET /test/category/testCategory 500 891 - 4.599 ms","timestamp":"2022-05-11T00:32:37.755Z"}
{"level":"info","message":"PUT /test/category/testCategory 500 891 - 3.963 ms","timestamp":"2022-05-11T00:32:37.761Z"}
{"level":"info","message":"DELETE /test/category/testCategoryUpdated 500 891 - 3.669 ms","timestamp":"2022-05-11T00:32:37.768Z"}
{"level":"info","message":"POST /test/user 201 479 - 14.075 ms","timestamp":"2022-05-11T00:34:52.219Z"}
{"level":"info","message":"GET /test/user/testUser 200 371 - 13.431 ms","timestamp":"2022-05-11T00:34:52.239Z"}
{"level":"info","message":"PUT /test/user/testUser 200 243 - 12.688 ms","timestamp":"2022-05-11T00:34:52.256Z"}
{"level":"info","message":"DELETE /test/user/testUserUpdated 200 26 - 13.098 ms","timestamp":"2022-05-11T00:34:52.273Z"}
{"level":"info","message":"POST /test/game 201 223 - 2.512 ms","timestamp":"2022-05-11T00:34:52.277Z"}
{"level":"info","message":"GET /test/game/123456789 200 266 - 27.685 ms","timestamp":"2022-05-11T00:34:52.309Z"}
{"level":"info","message":"PUT /test/game/123456789 200 219 - 20.979 ms","timestamp":"2022-05-11T00:34:52.334Z"}
{"level":"info","message":"DELETE /test/game/80247 200 26 - 11.039 ms","timestamp":"2022-05-11T00:34:52.348Z"}
{"level":"info","message":"POST /test/category 500 927 - 5.555 ms","timestamp":"2022-05-11T00:34:52.356Z"}
{"level":"info","message":"GET /test/category/testCategory 200 1294 - 3.286 ms","timestamp":"2022-05-11T00:34:52.362Z"}
{"level":"info","message":"PUT /test/category/testCategory 404 1294 - 3.238 ms","timestamp":"2022-05-11T00:34:52.368Z"}
{"level":"info","message":"DELETE /test/category/testCategoryUpdated 404 1294 - 2.800 ms","timestamp":"2022-05-11T00:34:52.372Z"}
{"level":"info","message":"POST /test/user 201 478 - 26.332 ms","timestamp":"2022-05-11T00:36:32.716Z"}
{"level":"info","message":"GET /test/user/testUser 200 371 - 24.085 ms","timestamp":"2022-05-11T00:36:32.747Z"}
{"level":"info","message":"PUT /test/user/testUser 200 243 - 18.379 ms","timestamp":"2022-05-11T00:36:32.769Z"}
{"level":"info","message":"DELETE /test/user/testUserUpdated 200 26 - 17.129 ms","timestamp":"2022-05-11T00:36:32.790Z"}
{"level":"info","message":"POST /test/game 201 223 - 3.069 ms","timestamp":"2022-05-11T00:36:32.794Z"}
{"level":"info","message":"GET /test/game/123456789 200 266 - 16.871 ms","timestamp":"2022-05-11T00:36:32.814Z"}
{"level":"info","message":"PUT /test/game/123456789 200 219 - 12.159 ms","timestamp":"2022-05-11T00:36:32.829Z"}
{"level":"info","message":"DELETE /test/game/80247 200 26 - 10.546 ms","timestamp":"2022-05-11T00:36:32.841Z"}
{"level":"info","message":"POST /test/category 201 116 - 2.583 ms","timestamp":"2022-05-11T00:36:32.846Z"}
{"level":"info","message":"GET /test/category/testCategory 200 116 - 1.253 ms","timestamp":"2022-05-11T00:36:32.849Z"}
{"level":"info","message":"PUT /test/category/testCategory 200 123 - 2.264 ms","timestamp":"2022-05-11T00:36:32.854Z"}
{"level":"info","message":"DELETE /test/category/testCategoryUpdated 200 30 - 5.825 ms","timestamp":"2022-05-11T00:36:32.861Z"}
{"level":"info","message":"POST /test/user 201 475 - 12.331 ms","timestamp":"2022-05-11T00:36:52.405Z"}
{"level":"info","message":"GET /test/user/testUser 200 371 - 17.446 ms","timestamp":"2022-05-11T00:36:52.429Z"}
{"level":"info","message":"PUT /test/user/testUser 200 243 - 12.790 ms","timestamp":"2022-05-11T00:36:52.446Z"}
{"level":"info","message":"DELETE /test/user/testUserUpdated 200 26 - 12.422 ms","timestamp":"2022-05-11T00:36:52.462Z"}
{"level":"info","message":"POST /test/game 201 223 - 2.694 ms","timestamp":"2022-05-11T00:36:52.466Z"}
{"level":"info","message":"GET /test/game/123456789 200 266 - 15.719 ms","timestamp":"2022-05-11T00:36:52.485Z"}
{"level":"info","message":"PUT /test/game/123456789 200 219 - 11.184 ms","timestamp":"2022-05-11T00:36:52.498Z"}
{"level":"info","message":"DELETE /test/game/80247 200 26 - 11.469 ms","timestamp":"2022-05-11T00:36:52.514Z"}
{"level":"info","message":"POST /test/category 201 116 - 1.660 ms","timestamp":"2022-05-11T00:36:52.517Z"}
{"level":"info","message":"GET /test/category/testCategory 200 116 - 1.174 ms","timestamp":"2022-05-11T00:36:52.520Z"}
{"level":"info","message":"PUT /test/category/testCategory 200 123 - 2.219 ms","timestamp":"2022-05-11T00:36:52.525Z"}
{"level":"info","message":"DELETE /test/category/testCategoryUpdated 200 30 - 5.984 ms","timestamp":"2022-05-11T00:36:52.533Z"}
{"level":"info","message":"POST /test/user 201 481 - 12.870 ms","timestamp":"2022-05-11T00:37:05.897Z"}
{"level":"info","message":"GET /test/user/testUser 200 371 - 19.882 ms","timestamp":"2022-05-11T00:37:05.923Z"}
{"level":"info","message":"PUT /test/user/testUser 200 243 - 12.959 ms","timestamp":"2022-05-11T00:37:05.940Z"}
{"level":"info","message":"DELETE /test/user/testUserUpdated 200 26 - 12.212 ms","timestamp":"2022-05-11T00:37:05.956Z"}
{"level":"info","message":"POST /test/game 201 223 - 2.555 ms","timestamp":"2022-05-11T00:37:05.960Z"}
{"level":"info","message":"GET /test/game/123456789 200 266 - 19.729 ms","timestamp":"2022-05-11T00:37:05.981Z"}
{"level":"info","message":"PUT /test/game/123456789 200 219 - 12.542 ms","timestamp":"2022-05-11T00:37:05.996Z"}
{"level":"info","message":"DELETE /test/game/80247 200 26 - 8.047 ms","timestamp":"2022-05-11T00:37:06.006Z"}
{"level":"info","message":"POST /test/category 201 116 - 1.717 ms","timestamp":"2022-05-11T00:37:06.010Z"}
{"level":"info","message":"GET /test/category/testCategory 200 140 - 1.705 ms","timestamp":"2022-05-11T00:37:06.018Z"}
{"level":"info","message":"PUT /test/category/testCategory 200 123 - 2.588 ms","timestamp":"2022-05-11T00:37:06.024Z"}
{"level":"info","message":"DELETE /test/category/testCategoryUpdated 200 30 - 7.287 ms","timestamp":"2022-05-11T00:37:06.034Z"}
{"level":"info","message":"POST /test/user 201 481 - 13.252 ms","timestamp":"2022-05-11T00:37:56.494Z"}
{"level":"info","message":"GET /test/user/testUser 200 371 - 19.567 ms","timestamp":"2022-05-11T00:37:56.521Z"}
{"level":"info","message":"PUT /test/user/testUser 200 243 - 13.295 ms","timestamp":"2022-05-11T00:37:56.538Z"}
{"level":"info","message":"DELETE /test/user/testUserUpdated 200 26 - 13.748 ms","timestamp":"2022-05-11T00:37:56.556Z"}
{"level":"info","message":"POST /test/game 201 223 - 2.560 ms","timestamp":"2022-05-11T00:37:56.559Z"}
{"level":"info","message":"GET /test/game/123456789 200 266 - 20.407 ms","timestamp":"2022-05-11T00:37:56.582Z"}
{"level":"info","message":"PUT /test/game/123456789 200 219 - 12.613 ms","timestamp":"2022-05-11T00:37:56.596Z"}
{"level":"info","message":"DELETE /test/game/80247 200 26 - 10.390 ms","timestamp":"2022-05-11T00:37:56.609Z"}
{"level":"info","message":"POST /test/category 201 116 - 2.305 ms","timestamp":"2022-05-11T00:37:56.613Z"}
{"level":"info","message":"GET /test/category/testCategory 200 151 - 19.394 ms","timestamp":"2022-05-11T00:37:56.634Z"}
{"level":"info","message":"PUT /test/category/testCategory 200 123 - 2.389 ms","timestamp":"2022-05-11T00:37:56.640Z"}
{"level":"info","message":"DELETE /test/category/testCategoryUpdated 200 30 - 4.213 ms","timestamp":"2022-05-11T00:37:56.645Z"}
{"level":"info","message":"POST /test/user 201 482 - 13.224 ms","timestamp":"2022-05-11T00:38:59.112Z"}
{"level":"info","message":"GET /test/user/testUser 200 371 - 13.552 ms","timestamp":"2022-05-11T00:38:59.132Z"}
{"level":"info","message":"PUT /test/user/testUser 200 243 - 12.491 ms","timestamp":"2022-05-11T00:38:59.148Z"}
{"level":"info","message":"DELETE /test/user/testUserUpdated 200 26 - 15.962 ms","timestamp":"2022-05-11T00:38:59.168Z"}
{"level":"info","message":"POST /test/game 201 223 - 2.983 ms","timestamp":"2022-05-11T00:38:59.171Z"}
{"level":"info","message":"GET /test/game/123456789 200 266 - 16.466 ms","timestamp":"2022-05-11T00:38:59.191Z"}
{"level":"info","message":"PUT /test/game/123456789 200 219 - 11.351 ms","timestamp":"2022-05-11T00:38:59.205Z"}
{"level":"info","message":"DELETE /test/game/80247 200 26 - 6.407 ms","timestamp":"2022-05-11T00:38:59.214Z"}
{"level":"info","message":"POST /test/category 201 116 - 2.030 ms","timestamp":"2022-05-11T00:38:59.218Z"}
{"level":"info","message":"GET /test/category/testCategory 200 151 - 11.318 ms","timestamp":"2022-05-11T00:38:59.230Z"}
{"level":"info","message":"PUT /test/category/testCategory 200 123 - 2.409 ms","timestamp":"2022-05-11T00:38:59.235Z"}
{"level":"info","message":"DELETE /test/category/testCategoryUpdated 200 30 - 3.659 ms","timestamp":"2022-05-11T00:38:59.240Z"}
{"level":"info","message":"DELETE /api/session 200 21 - 4.455 ms","timestamp":"2022-05-11T00:40:11.604Z"}
{"level":"info","message":"POST /api/session 200 1094 - 126.233 ms","timestamp":"2022-05-11T00:40:12.771Z"}
{"level":"info","message":"DELETE /api/session 200 21 - 4.363 ms","timestamp":"2022-05-11T00:40:19.651Z"}
{"level":"info","message":"POST /api/session 200 1094 - 141.588 ms","timestamp":"2022-05-11T00:40:21.133Z"}
{"level":"info","message":"DELETE /api/session 200 21 - 1.466 ms","timestamp":"2022-05-11T00:40:45.310Z"}
{"level":"info","message":"POST /api/session 200 1094 - 129.760 ms","timestamp":"2022-05-11T00:40:46.775Z"}
{"level":"info","message":"POST /test/user 201 480 - 14.942 ms","timestamp":"2022-05-11T00:45:51.414Z"}
{"level":"info","message":"GET /test/user/testUser 200 371 - 14.969 ms","timestamp":"2022-05-11T00:45:51.435Z"}
{"level":"info","message":"PUT /test/user/testUser 200 243 - 12.876 ms","timestamp":"2022-05-11T00:45:51.452Z"}
{"level":"info","message":"DELETE /test/user/testUserUpdated 200 26 - 13.226 ms","timestamp":"2022-05-11T00:45:51.469Z"}
{"level":"info","message":"POST /test/game 201 223 - 2.505 ms","timestamp":"2022-05-11T00:45:51.473Z"}
{"level":"info","message":"GET /test/game/123456789 200 266 - 17.540 ms","timestamp":"2022-05-11T00:45:51.492Z"}
{"level":"info","message":"PUT /test/game/123456789 200 219 - 16.881 ms","timestamp":"2022-05-11T00:45:51.511Z"}
{"level":"info","message":"DELETE /test/game/80247 200 26 - 12.017 ms","timestamp":"2022-05-11T00:45:51.525Z"}
{"level":"info","message":"POST /test/category 201 116 - 2.059 ms","timestamp":"2022-05-11T00:45:51.529Z"}
{"level":"info","message":"GET /test/category/testCategory 200 151 - 13.761 ms","timestamp":"2022-05-11T00:45:51.545Z"}
{"level":"info","message":"PUT /test/category/testCategory 200 123 - 2.766 ms","timestamp":"2022-05-11T00:45:51.553Z"}
{"level":"info","message":"DELETE /test/category/testCategoryUpdated 200 30 - 3.574 ms","timestamp":"2022-05-11T00:45:51.558Z"}
{"level":"info","message":"POST /test/genre 404 1294 - 2.435 ms","timestamp":"2022-05-11T00:45:51.562Z"}
{"level":"info","message":"GET /test/genre/testGenre 404 1294 - 2.114 ms","timestamp":"2022-05-11T00:45:51.567Z"}
{"level":"info","message":"PUT /test/genre/testGenre 404 1294 - 2.205 ms","timestamp":"2022-05-11T00:45:51.571Z"}
{"level":"info","message":"DELETE /test/genre/testGenreUpdated 404 1294 - 1.944 ms","timestamp":"2022-05-11T00:45:51.574Z"}
{"level":"info","message":"POST /test/user 201 477 - 13.415 ms","timestamp":"2022-05-11T00:46:13.856Z"}
{"level":"info","message":"GET /test/user/testUser 200 371 - 16.206 ms","timestamp":"2022-05-11T00:46:13.879Z"}
{"level":"info","message":"PUT /test/user/testUser 200 243 - 12.722 ms","timestamp":"2022-05-11T00:46:13.896Z"}
{"level":"info","message":"DELETE /test/user/testUserUpdated 200 26 - 12.375 ms","timestamp":"2022-05-11T00:46:13.913Z"}
{"level":"info","message":"POST /test/game 201 223 - 2.933 ms","timestamp":"2022-05-11T00:46:13.918Z"}
{"level":"info","message":"GET /test/game/123456789 200 266 - 16.225 ms","timestamp":"2022-05-11T00:46:13.937Z"}
{"level":"info","message":"PUT /test/game/123456789 200 219 - 11.753 ms","timestamp":"2022-05-11T00:46:13.950Z"}
{"level":"info","message":"DELETE /test/game/80247 200 26 - 10.221 ms","timestamp":"2022-05-11T00:46:13.963Z"}
{"level":"info","message":"POST /test/category 201 116 - 1.941 ms","timestamp":"2022-05-11T00:46:13.967Z"}
{"level":"info","message":"GET /test/category/testCategory 200 151 - 12.875 ms","timestamp":"2022-05-11T00:46:13.981Z"}
{"level":"info","message":"PUT /test/category/testCategory 200 123 - 2.237 ms","timestamp":"2022-05-11T00:46:13.985Z"}
{"level":"info","message":"DELETE /test/category/testCategoryUpdated 200 30 - 3.378 ms","timestamp":"2022-05-11T00:46:13.990Z"}
{"level":"info","message":"POST /test/genre 201 107 - 1.992 ms","timestamp":"2022-05-11T00:46:13.994Z"}
{"level":"info","message":"GET /test/genre/testGenre 500 880 - 5.290 ms","timestamp":"2022-05-11T00:46:14.002Z"}
{"level":"info","message":"PUT /test/genre/testGenre 500 880 - 3.917 ms","timestamp":"2022-05-11T00:46:14.008Z"}
{"level":"info","message":"DELETE /test/genre/testGenreUpdated 500 880 - 3.960 ms","timestamp":"2022-05-11T00:46:14.013Z"}
{"level":"info","message":"POST /test/user 201 481 - 13.318 ms","timestamp":"2022-05-11T00:47:03.996Z"}
{"level":"info","message":"GET /test/user/testUser 200 371 - 13.696 ms","timestamp":"2022-05-11T00:47:04.016Z"}
{"level":"info","message":"PUT /test/user/testUser 200 243 - 12.685 ms","timestamp":"2022-05-11T00:47:04.033Z"}
{"level":"info","message":"DELETE /test/user/testUserUpdated 200 26 - 13.838 ms","timestamp":"2022-05-11T00:47:04.050Z"}
{"level":"info","message":"POST /test/game 201 223 - 2.748 ms","timestamp":"2022-05-11T00:47:04.054Z"}
{"level":"info","message":"GET /test/game/123456789 200 266 - 22.796 ms","timestamp":"2022-05-11T00:47:04.078Z"}
{"level":"info","message":"PUT /test/game/123456789 200 219 - 11.984 ms","timestamp":"2022-05-11T00:47:04.092Z"}
{"level":"info","message":"DELETE /test/game/80247 200 26 - 8.670 ms","timestamp":"2022-05-11T00:47:04.103Z"}
{"level":"info","message":"POST /test/category 201 116 - 1.951 ms","timestamp":"2022-05-11T00:47:04.107Z"}
{"level":"info","message":"GET /test/category/testCategory 200 151 - 13.480 ms","timestamp":"2022-05-11T00:47:04.122Z"}
{"level":"info","message":"PUT /test/category/testCategory 200 123 - 2.346 ms","timestamp":"2022-05-11T00:47:04.126Z"}
{"level":"info","message":"DELETE /test/category/testCategoryUpdated 200 30 - 4.213 ms","timestamp":"2022-05-11T00:47:04.132Z"}
{"level":"info","message":"POST /test/genre 500 892 - 6.079 ms","timestamp":"2022-05-11T00:47:04.140Z"}
{"level":"info","message":"GET /test/genre/testGenre 500 880 - 4.532 ms","timestamp":"2022-05-11T00:47:04.147Z"}
{"level":"info","message":"PUT /test/genre/testGenre 500 880 - 3.959 ms","timestamp":"2022-05-11T00:47:04.154Z"}
{"level":"info","message":"DELETE /test/genre/testGenreUpdated 500 880 - 3.506 ms","timestamp":"2022-05-11T00:47:04.159Z"}
{"level":"info","message":"POST /test/user 201 482 - 9.134 ms","timestamp":"2022-05-11T00:47:14.884Z"}
{"level":"info","message":"GET /test/user/testUser 200 371 - 11.689 ms","timestamp":"2022-05-11T00:47:14.900Z"}
{"level":"info","message":"PUT /test/user/testUser 200 243 - 12.628 ms","timestamp":"2022-05-11T00:47:14.915Z"}
{"level":"info","message":"DELETE /test/user/testUserUpdated 200 26 - 14.109 ms","timestamp":"2022-05-11T00:47:14.931Z"}
{"level":"info","message":"POST /test/game 201 223 - 2.359 ms","timestamp":"2022-05-11T00:47:14.937Z"}
{"level":"info","message":"GET /test/game/123456789 200 266 - 14.183 ms","timestamp":"2022-05-11T00:47:14.953Z"}
{"level":"info","message":"PUT /test/game/123456789 200 219 - 11.758 ms","timestamp":"2022-05-11T00:47:14.967Z"}
{"level":"info","message":"DELETE /test/game/80247 200 26 - 10.987 ms","timestamp":"2022-05-11T00:47:14.980Z"}
{"level":"info","message":"POST /test/category 201 116 - 1.636 ms","timestamp":"2022-05-11T00:47:14.984Z"}
{"level":"info","message":"GET /test/category/testCategory 200 151 - 16.979 ms","timestamp":"2022-05-11T00:47:15.002Z"}
{"level":"info","message":"PUT /test/category/testCategory 200 123 - 2.183 ms","timestamp":"2022-05-11T00:47:15.006Z"}
{"level":"info","message":"DELETE /test/category/testCategoryUpdated 200 30 - 3.622 ms","timestamp":"2022-05-11T00:47:15.011Z"}
{"level":"info","message":"POST /test/genre 500 892 - 2.787 ms","timestamp":"2022-05-11T00:47:15.016Z"}
{"level":"info","message":"GET /test/genre/testGenre 500 880 - 2.481 ms","timestamp":"2022-05-11T00:47:15.022Z"}
{"level":"info","message":"PUT /test/genre/testGenre 500 880 - 1.833 ms","timestamp":"2022-05-11T00:47:15.026Z"}
{"level":"info","message":"DELETE /test/genre/testGenreUpdated 500 880 - 2.195 ms","timestamp":"2022-05-11T00:47:15.030Z"}
{"level":"info","message":"POST /test/user 201 483 - 12.552 ms","timestamp":"2022-05-11T00:48:00.657Z"}
{"level":"info","message":"GET /test/user/testUser 200 371 - 13.330 ms","timestamp":"2022-05-11T00:48:00.676Z"}
{"level":"info","message":"PUT /test/user/testUser 200 243 - 12.119 ms","timestamp":"2022-05-11T00:48:00.693Z"}
{"level":"info","message":"DELETE /test/user/testUserUpdated 200 26 - 12.306 ms","timestamp":"2022-05-11T00:48:00.709Z"}
{"level":"info","message":"POST /test/game 201 223 - 4.368 ms","timestamp":"2022-05-11T00:48:00.715Z"}
{"level":"info","message":"GET /test/game/123456789 200 266 - 16.848 ms","timestamp":"2022-05-11T00:48:00.734Z"}
{"level":"info","message":"PUT /test/game/123456789 200 219 - 11.698 ms","timestamp":"2022-05-11T00:48:00.748Z"}
{"level":"info","message":"DELETE /test/game/80247 200 26 - 10.396 ms","timestamp":"2022-05-11T00:48:00.760Z"}
{"level":"info","message":"POST /test/category 201 116 - 2.590 ms","timestamp":"2022-05-11T00:48:00.765Z"}
{"level":"info","message":"GET /test/category/testCategory 200 151 - 15.572 ms","timestamp":"2022-05-11T00:48:00.782Z"}
{"level":"info","message":"PUT /test/category/testCategory 200 123 - 2.418 ms","timestamp":"2022-05-11T00:48:00.787Z"}
{"level":"info","message":"DELETE /test/category/testCategoryUpdated 200 30 - 3.443 ms","timestamp":"2022-05-11T00:48:00.792Z"}
{"level":"info","message":"POST /test/genre 500 892 - 6.214 ms","timestamp":"2022-05-11T00:48:00.800Z"}
{"level":"info","message":"GET /test/genre/testGenre 200 1294 - 3.400 ms","timestamp":"2022-05-11T00:48:00.806Z"}
{"level":"info","message":"PUT /test/genre/testGenre 404 1294 - 3.115 ms","timestamp":"2022-05-11T00:48:00.811Z"}
{"level":"info","message":"DELETE /test/genre/testGenreUpdated 404 1294 - 3.421 ms","timestamp":"2022-05-11T00:48:00.816Z"}
{"level":"info","message":"POST /test/user 201 478 - 11.653 ms","timestamp":"2022-05-11T00:48:59.551Z"}
{"level":"info","message":"GET /test/user/testUser 200 371 - 17.921 ms","timestamp":"2022-05-11T00:48:59.575Z"}
{"level":"info","message":"PUT /test/user/testUser 200 243 - 9.826 ms","timestamp":"2022-05-11T00:48:59.589Z"}
{"level":"info","message":"DELETE /test/user/testUserUpdated 200 26 - 13.614 ms","timestamp":"2022-05-11T00:48:59.605Z"}
{"level":"info","message":"POST /test/game 201 223 - 2.182 ms","timestamp":"2022-05-11T00:48:59.609Z"}
{"level":"info","message":"GET /test/game/123456789 200 266 - 24.074 ms","timestamp":"2022-05-11T00:48:59.635Z"}
{"level":"info","message":"PUT /test/game/123456789 200 219 - 11.715 ms","timestamp":"2022-05-11T00:48:59.649Z"}
{"level":"info","message":"DELETE /test/game/80247 200 26 - 10.104 ms","timestamp":"2022-05-11T00:48:59.661Z"}
{"level":"info","message":"POST /test/category 201 116 - 1.826 ms","timestamp":"2022-05-11T00:48:59.664Z"}
{"level":"info","message":"GET /test/category/testCategory 200 151 - 15.415 ms","timestamp":"2022-05-11T00:48:59.682Z"}
{"level":"info","message":"PUT /test/category/testCategory 200 123 - 2.408 ms","timestamp":"2022-05-11T00:48:59.686Z"}
{"level":"info","message":"DELETE /test/category/testCategoryUpdated 200 30 - 3.630 ms","timestamp":"2022-05-11T00:48:59.691Z"}
{"level":"info","message":"POST /test/genre 201 114 - 1.617 ms","timestamp":"2022-05-11T00:48:59.694Z"}
{"level":"info","message":"GET /test/genre/testGenre 200 145 - 8.678 ms","timestamp":"2022-05-11T00:48:59.705Z"}
{"level":"info","message":"PUT /test/genre/testGenre 200 121 - 4.798 ms","timestamp":"2022-05-11T00:48:59.712Z"}
{"level":"info","message":"DELETE /test/genre/testGenreUpdated 200 31 - 3.629 ms","timestamp":"2022-05-11T00:48:59.718Z"}
{"level":"info","message":"POST /test/user 201 479 - 14.033 ms","timestamp":"2022-05-11T00:49:11.981Z"}
{"level":"info","message":"GET /test/user/testUser 200 371 - 18.571 ms","timestamp":"2022-05-11T00:49:12.006Z"}
{"level":"info","message":"PUT /test/user/testUser 200 243 - 13.327 ms","timestamp":"2022-05-11T00:49:12.023Z"}
{"level":"info","message":"DELETE /test/user/testUserUpdated 200 26 - 13.375 ms","timestamp":"2022-05-11T00:49:12.040Z"}
{"level":"info","message":"POST /test/game 201 223 - 2.059 ms","timestamp":"2022-05-11T00:49:12.043Z"}
{"level":"info","message":"GET /test/game/123456789 200 266 - 16.563 ms","timestamp":"2022-05-11T00:49:12.062Z"}
{"level":"info","message":"PUT /test/game/123456789 200 219 - 12.205 ms","timestamp":"2022-05-11T00:49:12.076Z"}
{"level":"info","message":"DELETE /test/game/80247 200 26 - 12.586 ms","timestamp":"2022-05-11T00:49:12.090Z"}
{"level":"info","message":"POST /test/category 201 116 - 1.611 ms","timestamp":"2022-05-11T00:49:12.094Z"}
{"level":"info","message":"GET /test/category/testCategory 200 151 - 15.304 ms","timestamp":"2022-05-11T00:49:12.111Z"}
{"level":"info","message":"PUT /test/category/testCategory 200 123 - 2.865 ms","timestamp":"2022-05-11T00:49:12.118Z"}
{"level":"info","message":"DELETE /test/category/testCategoryUpdated 200 30 - 3.995 ms","timestamp":"2022-05-11T00:49:12.123Z"}
{"level":"info","message":"POST /test/genre 201 114 - 1.581 ms","timestamp":"2022-05-11T00:49:12.127Z"}
{"level":"info","message":"GET /test/genre/testGenre 200 145 - 8.794 ms","timestamp":"2022-05-11T00:49:12.137Z"}
{"level":"info","message":"PUT /test/genre/testGenre 200 121 - 2.300 ms","timestamp":"2022-05-11T00:49:12.141Z"}
{"level":"info","message":"DELETE /test/genre/testGenreUpdated 200 27 - 3.839 ms","timestamp":"2022-05-11T00:49:12.146Z"}
{"level":"info","message":"POST /test/user 201 474 - 13.672 ms","timestamp":"2022-05-11T00:49:50.354Z"}
{"level":"info","message":"GET /test/user/testUser 200 371 - 13.847 ms","timestamp":"2022-05-11T00:49:50.374Z"}
{"level":"info","message":"PUT /test/user/testUser 200 243 - 15.688 ms","timestamp":"2022-05-11T00:49:50.394Z"}
{"level":"info","message":"DELETE /test/user/testUserUpdated 200 26 - 12.593 ms","timestamp":"2022-05-11T00:49:50.411Z"}
{"level":"info","message":"POST /test/game 201 223 - 3.248 ms","timestamp":"2022-05-11T00:49:50.417Z"}
{"level":"info","message":"GET /test/game/123456789 200 266 - 20.263 ms","timestamp":"2022-05-11T00:49:50.439Z"}
{"level":"info","message":"PUT /test/game/123456789 200 219 - 12.852 ms","timestamp":"2022-05-11T00:49:50.454Z"}
{"level":"info","message":"DELETE /test/game/80247 200 26 - 6.673 ms","timestamp":"2022-05-11T00:49:50.462Z"}
{"level":"info","message":"POST /test/category 201 116 - 1.698 ms","timestamp":"2022-05-11T00:49:50.466Z"}
{"level":"info","message":"GET /test/category/testCategory 200 151 - 11.108 ms","timestamp":"2022-05-11T00:49:50.479Z"}
{"level":"info","message":"PUT /test/category/testCategory 200 123 - 2.864 ms","timestamp":"2022-05-11T00:49:50.484Z"}
{"level":"info","message":"DELETE /test/category/testCategoryUpdated 200 30 - 3.821 ms","timestamp":"2022-05-11T00:49:50.490Z"}
{"level":"info","message":"POST /test/genre 201 114 - 1.889 ms","timestamp":"2022-05-11T00:49:50.494Z"}
{"level":"info","message":"GET /test/genre/testGenre 200 145 - 9.235 ms","timestamp":"2022-05-11T00:49:50.505Z"}
{"level":"info","message":"PUT /test/genre/testGenre 200 121 - 2.452 ms","timestamp":"2022-05-11T00:49:50.509Z"}
{"level":"info","message":"DELETE /test/genre/testGenreUpdated 200 27 - 4.024 ms","timestamp":"2022-05-11T00:49:50.514Z"}
