{"level":"info","message":"GET / 404 884 - 12.656 ms","timestamp":"2022-05-12T02:19:26.658Z"}
{"level":"info","message":"GET /favicon.ico 404 884 - 3.752 ms","timestamp":"2022-05-12T02:19:26.985Z"}
{"level":"info","message":"GET / 404 884 - 13.032 ms","timestamp":"2022-05-12T02:20:48.058Z"}
{"level":"info","message":"GET / 404 884 - 19.986 ms","timestamp":"2022-05-12T02:21:19.345Z"}
{"level":"info","message":"GET / 404 884 - 2.651 ms","timestamp":"2022-05-12T02:21:21.073Z"}
{"level":"info","message":"DELETE /api/session 200 21 - 15.178 ms","timestamp":"2022-05-12T10:52:53.131Z"}
{"level":"info","message":"POST /api/session 200 1094 - 173.031 ms","timestamp":"2022-05-12T10:52:55.739Z"}
{"level":"info","message":"GET /api/csrf/restore 500 1244 - 20.103 ms","timestamp":"2022-05-12T10:55:13.484Z"}
{"level":"info","message":"GET /api/session 200 162 - 90.989 ms","timestamp":"2022-05-12T10:55:13.772Z"}
{"level":"info","message":"GET /static/no_profile_pic.jpeg 200 118324 - 6.927 ms","timestamp":"2022-05-12T10:55:14.441Z"}
{"level":"info","message":"DELETE /api/session 200 21 - 3.462 ms","timestamp":"2022-05-12T10:55:20.127Z"}
{"level":"info","message":"POST /api/session 200 240 - 148.026 ms","timestamp":"2022-05-12T10:55:21.620Z"}
{"level":"info","message":"GET /api/csrf/restore 500 1244 - 13.111 ms","timestamp":"2022-05-12T10:56:12.042Z"}
{"level":"info","message":"GET /api/session 200 162 - 54.396 ms","timestamp":"2022-05-12T10:56:12.243Z"}
{"level":"info","message":"GET /static/no_profile_pic.jpeg 304 - - 5.748 ms","timestamp":"2022-05-12T10:56:23.575Z"}
{"level":"info","message":"GET /api/csrf/restore 500 1244 - 2.937 ms","timestamp":"2022-05-12T11:00:09.955Z"}
{"level":"info","message":"GET /api/session 304 - - 61.741 ms","timestamp":"2022-05-12T11:00:10.147Z"}
{"level":"info","message":"GET /static/no_profile_pic.jpeg 200 118324 - 2.379 ms","timestamp":"2022-05-12T11:00:11.873Z"}
{"level":"info","message":"GET /api/csrf/restore 500 1244 - 15.000 ms","timestamp":"2022-05-12T11:04:28.840Z"}
{"level":"info","message":"GET /api/session 200 162 - 30.892 ms","timestamp":"2022-05-12T11:04:29.015Z"}
{"level":"info","message":"GET /api/csrf/restore 201 2 - 2.933 ms","timestamp":"2022-05-12T11:05:04.661Z"}
{"level":"info","message":"GET /api/session 304 - - 8.168 ms","timestamp":"2022-05-12T11:05:04.814Z"}
{"level":"info","message":"GET /api/csrf/restore 201 2 - 6.522 ms","timestamp":"2022-05-12T11:05:31.877Z"}
{"level":"info","message":"GET /api/session 304 - - 37.265 ms","timestamp":"2022-05-12T11:05:31.920Z"}
{"level":"info","message":"GET /static/no_profile_pic.jpeg 200 118324 - 14.253 ms","timestamp":"2022-05-12T11:05:55.177Z"}
{"level":"info","message":"GET /api/csrf/restore 201 2 - 8.829 ms","timestamp":"2022-05-12T11:08:48.495Z"}
{"level":"info","message":"GET /api/session 304 - - 13.262 ms","timestamp":"2022-05-12T11:08:48.524Z"}
{"level":"info","message":"GET /static/no_profile_pic.jpeg 200 118324 - 8.581 ms","timestamp":"2022-05-12T11:08:51.344Z"}
{"level":"info","message":"GET /static/no_profile_pic.jpeg 404 1295 - 12.747 ms","timestamp":"2022-05-12T11:09:33.804Z"}
{"level":"info","message":"DELETE /api/session 200 21 - 19.428 ms","timestamp":"2022-05-12T11:09:40.660Z"}
{"level":"info","message":"GET /api/csrf/restore 201 2 - 8.000 ms","timestamp":"2022-05-12T11:09:42.583Z"}
{"level":"info","message":"GET /api/session 200 2 - 2.108 ms","timestamp":"2022-05-12T11:09:42.595Z"}
{"level":"info","message":"POST /api/session 200 240 - 153.908 ms","timestamp":"2022-05-12T11:09:46.160Z"}
{"level":"info","message":"GET /static/no_profile_pic.jpeg 404 1295 - 2.891 ms","timestamp":"2022-05-12T11:09:46.169Z"}
{"level":"info","message":"GET /static/no_profile_pic.jpeg 404 1295 - 13.442 ms","timestamp":"2022-05-12T11:10:45.230Z"}
{"level":"info","message":"GET /static/no_profile_pic.jpeg 404 1295 - 21.144 ms","timestamp":"2022-05-12T11:13:15.435Z"}
{"level":"info","message":"GET /static/no_profile_pic.jpeg 200 118324 - 6.808 ms","timestamp":"2022-05-12T11:15:45.551Z"}
{"level":"info","message":"GET /static/no_profile_pic.jpeg 200 118324 - 8.290 ms","timestamp":"2022-05-12T11:16:13.829Z"}
{"level":"info","message":"GET /api/csrf/restore 201 2 - 8.489 ms","timestamp":"2022-05-12T11:16:15.766Z"}
{"level":"info","message":"GET /api/session 200 162 - 16.857 ms","timestamp":"2022-05-12T11:16:15.798Z"}
{"level":"info","message":"GET /static/no_profile_pic.jpeg 200 118324 - 7.509 ms","timestamp":"2022-05-12T11:16:16.802Z"}
{"level":"info","message":"GET /static/no_profile_pic.jpeg 200 118324 - 102.212 ms","timestamp":"2022-05-12T11:16:34.110Z"}
{"level":"info","message":"GET /api/csrf/restore 201 2 - 5.387 ms","timestamp":"2022-05-12T11:18:33.448Z"}
{"level":"info","message":"GET /api/session 304 - - 34.799 ms","timestamp":"2022-05-12T11:18:33.494Z"}
{"level":"info","message":"GET /static/no_profile_pic.jpeg 200 118324 - 8.819 ms","timestamp":"2022-05-12T11:18:34.364Z"}
{"level":"info","message":"GET /api/csrf/restore 201 2 - 5.540 ms","timestamp":"2022-05-12T11:19:08.514Z"}
{"level":"info","message":"GET /api/session 304 - - 17.986 ms","timestamp":"2022-05-12T11:19:08.596Z"}
{"level":"info","message":"GET /static/no_profile_pic.jpeg 304 - - 9.511 ms","timestamp":"2022-05-12T11:19:10.068Z"}
{"level":"info","message":"GET /static/no_profile_pic.jpeg 304 - - 4.981 ms","timestamp":"2022-05-12T11:19:20.993Z"}
{"level":"info","message":"DELETE /api/session 200 21 - 21.588 ms","timestamp":"2022-05-12T11:19:39.697Z"}
{"level":"info","message":"GET /api/csrf/restore 201 2 - 8.611 ms","timestamp":"2022-05-12T11:19:41.844Z"}
{"level":"info","message":"GET /api/session 200 2 - 2.312 ms","timestamp":"2022-05-12T11:19:41.867Z"}
{"level":"info","message":"POST /api/session 200 240 - 118.818 ms","timestamp":"2022-05-12T11:19:45.886Z"}
{"level":"info","message":"GET /static/no_profile_pic.jpeg 304 - - 1.035 ms","timestamp":"2022-05-12T11:19:45.894Z"}
{"level":"info","message":"GET /static/no_profile_pic.jpeg 304 - - 2.855 ms","timestamp":"2022-05-12T11:19:58.710Z"}
{"level":"info","message":"GET /static/no_profile_pic.jpeg 304 - - 13.095 ms","timestamp":"2022-05-12T11:21:01.420Z"}
{"level":"info","message":"GET /favicon.ico 404 1295 - 2.188 ms","timestamp":"2022-05-12T11:21:01.526Z"}
{"level":"info","message":"GET /api/csrf/restore 201 2 - 1.783 ms","timestamp":"2022-05-12T11:21:33.122Z"}
{"level":"info","message":"GET /api/session 200 162 - 68.346 ms","timestamp":"2022-05-12T11:21:33.231Z"}
{"level":"info","message":"GET /api/csrf/restore 201 2 - 2.465 ms","timestamp":"2022-05-12T11:21:41.615Z"}
{"level":"info","message":"GET /api/session 304 - - 63.013 ms","timestamp":"2022-05-12T11:21:41.704Z"}
{"level":"info","message":"GET /static/no_profile_pic.jpeg 304 - - 1.913 ms","timestamp":"2022-05-12T11:22:12.695Z"}
