{"level":"info","message":"GET /api/csrf/restore 201 2 - 6.951 ms","timestamp":"2022-05-21T11:37:00.938Z"}
{"level":"info","message":"GET /static/trip_gif.webp 304 - - 9.122 ms","timestamp":"2022-05-21T11:37:00.959Z"}
{"level":"info","message":"GET /api/session 304 - - 221.752 ms","timestamp":"2022-05-21T11:37:01.203Z"}
{"level":"info","message":"GET /api/csrf/restore 201 2 - 1.487 ms","timestamp":"2022-05-21T11:37:59.135Z"}
{"level":"info","message":"GET /static/trip_gif.webp 304 - - 1.909 ms","timestamp":"2022-05-21T11:37:59.148Z"}
{"level":"info","message":"GET /api/session 304 - - 36.853 ms","timestamp":"2022-05-21T11:37:59.196Z"}
{"level":"info","message":"GET /static/no_profile_pic.jpeg 200 118324 - 6.593 ms","timestamp":"2022-05-21T11:38:07.704Z"}
{"level":"info","message":"DELETE /api/session 200 21 - 31.392 ms","timestamp":"2022-05-21T11:38:16.234Z"}
{"level":"info","message":"POST /api/session 200 240 - 145.791 ms","timestamp":"2022-05-21T11:38:23.040Z"}
{"level":"info","message":"GET /static/trip_gif.webp 304 - - 1.924 ms","timestamp":"2022-05-21T11:46:30.512Z"}
{"level":"info","message":"GET /api/csrf/restore 201 2 - 7.921 ms","timestamp":"2022-05-21T11:46:30.514Z"}
{"level":"info","message":"GET /api/session 200 240 - 49.067 ms","timestamp":"2022-05-21T11:46:30.575Z"}
{"level":"info","message":"GET /api/csrf/restore 201 2 - 1.561 ms","timestamp":"2022-05-21T11:46:49.113Z"}
{"level":"info","message":"GET /static/trip_gif.webp 304 - - 4.019 ms","timestamp":"2022-05-21T11:46:49.119Z"}
{"level":"info","message":"GET /api/session 304 - - 26.222 ms","timestamp":"2022-05-21T11:46:49.178Z"}
{"level":"info","message":"GET /static/trip_gif.webp 304 - - 0.572 ms","timestamp":"2022-05-21T11:46:49.330Z"}
{"level":"info","message":"GET /api/csrf/restore 201 2 - 1.775 ms","timestamp":"2022-05-21T11:46:49.336Z"}
{"level":"info","message":"GET /api/session 304 - - 15.795 ms","timestamp":"2022-05-21T11:46:49.358Z"}
{"level":"info","message":"GET /api/csrf/restore 201 2 - 0.767 ms","timestamp":"2022-05-21T11:49:43.095Z"}
{"level":"info","message":"GET /static/trip_gif.webp 304 - - 0.735 ms","timestamp":"2022-05-21T11:49:43.111Z"}
{"level":"info","message":"GET /api/session 304 - - 70.489 ms","timestamp":"2022-05-21T11:49:43.191Z"}
{"level":"info","message":"GET /api/session 304 - - 19.977 ms","timestamp":"2022-05-21T11:50:41.124Z"}
{"level":"info","message":"GET /api/csrf/restore 201 2 - 2.505 ms","timestamp":"2022-05-21T11:51:40.114Z"}
{"level":"info","message":"GET /static/trip_gif.webp 304 - - 0.595 ms","timestamp":"2022-05-21T11:51:40.118Z"}
{"level":"info","message":"GET /api/session 304 - - 37.680 ms","timestamp":"2022-05-21T11:51:40.174Z"}
{"level":"info","message":"GET /api/csrf/restore 201 2 - 0.687 ms","timestamp":"2022-05-21T11:53:23.786Z"}
{"level":"info","message":"GET /static/trip_gif.webp 304 - - 0.740 ms","timestamp":"2022-05-21T11:53:23.791Z"}
{"level":"info","message":"GET /api/session 304 - - 27.777 ms","timestamp":"2022-05-21T11:53:23.829Z"}
{"level":"info","message":"GET /static/trip_gif.webp 304 - - 1.093 ms","timestamp":"2022-05-21T11:55:47.565Z"}
{"level":"info","message":"GET /api/session 304 - - 34.262 ms","timestamp":"2022-05-21T11:56:03.241Z"}
{"level":"info","message":"GET /api/csrf/restore 201 2 - 1.178 ms","timestamp":"2022-05-21T11:57:54.557Z"}
{"level":"info","message":"GET /static/trip_gif.webp 304 - - 0.921 ms","timestamp":"2022-05-21T11:57:54.565Z"}
{"level":"info","message":"GET /api/session 304 - - 34.436 ms","timestamp":"2022-05-21T11:57:54.610Z"}
{"level":"info","message":"GET /api/csrf/restore 201 2 - 7.614 ms","timestamp":"2022-05-21T12:00:14.580Z"}
{"level":"info","message":"GET /static/trip_gif.webp 304 - - 8.673 ms","timestamp":"2022-05-21T12:00:14.591Z"}
{"level":"info","message":"GET /api/session 304 - - 37.547 ms","timestamp":"2022-05-21T12:00:14.642Z"}
{"level":"info","message":"GET /api/csrf/restore 201 2 - 2.421 ms","timestamp":"2022-05-21T12:16:42.730Z"}
{"level":"info","message":"GET /static/trip_gif.webp 304 - - 2.010 ms","timestamp":"2022-05-21T12:16:42.737Z"}
{"level":"info","message":"GET /api/session 304 - - 33.575 ms","timestamp":"2022-05-21T12:16:42.778Z"}
{"level":"info","message":"GET /api/csrf/restore 201 2 - 0.957 ms","timestamp":"2022-05-21T12:19:44.867Z"}
{"level":"info","message":"GET /static/trip_gif.webp 304 - - 0.686 ms","timestamp":"2022-05-21T12:19:44.873Z"}
{"level":"info","message":"GET /api/session 304 - - 28.224 ms","timestamp":"2022-05-21T12:19:44.915Z"}
{"level":"info","message":"GET /api/csrf/restore 201 2 - 0.848 ms","timestamp":"2022-05-21T12:23:18.647Z"}
{"level":"info","message":"GET /static/trip_gif.webp 304 - - 1.381 ms","timestamp":"2022-05-21T12:23:18.651Z"}
{"level":"info","message":"GET /api/session 304 - - 48.232 ms","timestamp":"2022-05-21T12:23:18.709Z"}
{"level":"info","message":"GET /api/csrf/restore 201 2 - 3.582 ms","timestamp":"2022-05-21T12:23:41.440Z"}
{"level":"info","message":"GET /static/trip_gif.webp 304 - - 0.599 ms","timestamp":"2022-05-21T12:23:41.444Z"}
{"level":"info","message":"GET /api/session 304 - - 13.346 ms","timestamp":"2022-05-21T12:23:41.466Z"}
{"level":"info","message":"GET /api/csrf/restore 201 2 - 1.792 ms","timestamp":"2022-05-21T12:25:18.457Z"}
{"level":"info","message":"GET /static/trip_gif.webp 304 - - 0.936 ms","timestamp":"2022-05-21T12:25:18.464Z"}
{"level":"info","message":"GET /api/session 304 - - 46.743 ms","timestamp":"2022-05-21T12:25:18.533Z"}
{"level":"info","message":"GET /api/csrf/restore 201 2 - 0.816 ms","timestamp":"2022-05-21T12:25:28.072Z"}
{"level":"info","message":"GET /static/trip_gif.webp 304 - - 5.059 ms","timestamp":"2022-05-21T12:25:28.089Z"}
{"level":"info","message":"GET /api/session 304 - - 34.790 ms","timestamp":"2022-05-21T12:25:28.140Z"}
{"level":"info","message":"GET /api/csrf/restore 201 2 - 1.510 ms","timestamp":"2022-05-21T12:27:07.840Z"}
{"level":"info","message":"GET /static/trip_gif.webp 304 - - 1.651 ms","timestamp":"2022-05-21T12:27:07.853Z"}
{"level":"info","message":"GET /api/session 304 - - 19.083 ms","timestamp":"2022-05-21T12:27:07.898Z"}
{"level":"info","message":"GET /api/csrf/restore 201 2 - 3.821 ms","timestamp":"2022-05-21T12:27:38.826Z"}
{"level":"info","message":"GET /static/trip_gif.webp 304 - - 1.079 ms","timestamp":"2022-05-21T12:27:38.837Z"}
{"level":"info","message":"GET /api/session 304 - - 46.046 ms","timestamp":"2022-05-21T12:27:38.903Z"}
