{"level":"info","message":"GET /static/trip_gif.webp 304 - - 1.976 ms","timestamp":"2022-05-15T11:15:48.860Z"}
{"level":"info","message":"GET /api/csrf/restore 201 2 - 3.396 ms","timestamp":"2022-05-15T11:17:44.442Z"}
{"level":"info","message":"GET /static/trip_gif.webp 304 - - 5.582 ms","timestamp":"2022-05-15T11:17:44.447Z"}
{"level":"info","message":"GET /api/session 304 - - 139.123 ms","timestamp":"2022-05-15T11:17:44.610Z"}
{"level":"info","message":"GET /api/csrf/restore 201 2 - 0.981 ms","timestamp":"2022-05-15T11:19:16.911Z"}
{"level":"info","message":"GET /static/trip_gif.webp 304 - - 1.015 ms","timestamp":"2022-05-15T11:19:16.917Z"}
{"level":"info","message":"GET /api/session 304 - - 48.539 ms","timestamp":"2022-05-15T11:19:16.983Z"}
{"level":"info","message":"GET /static/no_profile_pic.jpeg 304 - - 1.896 ms","timestamp":"2022-05-15T11:23:51.754Z"}
{"level":"info","message":"GET /api/csrf/restore 201 2 - 6.315 ms","timestamp":"2022-05-15T11:30:04.955Z"}
{"level":"info","message":"GET /api/session 200 2 - 2.439 ms","timestamp":"2022-05-15T11:30:05.018Z"}
{"level":"info","message":"GET /api/csrf/restore 201 2 - 7.293 ms","timestamp":"2022-05-15T11:30:28.520Z"}
{"level":"info","message":"GET /api/session 304 - - 2.322 ms","timestamp":"2022-05-15T11:30:28.533Z"}
{"level":"info","message":"GET /static/trip_gif.webp 304 - - 0.962 ms","timestamp":"2022-05-15T14:30:16.967Z"}
{"level":"info","message":"GET /api/csrf/restore 201 2 - 5.606 ms","timestamp":"2022-05-15T14:30:16.967Z"}
{"level":"info","message":"GET /api/session 304 - - 72.299 ms","timestamp":"2022-05-15T14:30:17.049Z"}
{"level":"info","message":"GET /api/csrf/restore 201 2 - 1.464 ms","timestamp":"2022-05-15T14:32:57.534Z"}
{"level":"info","message":"GET /static/trip_gif.webp 304 - - 1.752 ms","timestamp":"2022-05-15T14:32:57.543Z"}
{"level":"info","message":"GET /api/session 304 - - 52.354 ms","timestamp":"2022-05-15T14:32:57.609Z"}
{"level":"info","message":"GET /api/csrf/restore 201 2 - 0.963 ms","timestamp":"2022-05-15T14:46:22.938Z"}
{"level":"info","message":"GET /static/trip_gif.webp 304 - - 1.342 ms","timestamp":"2022-05-15T14:46:22.939Z"}
{"level":"info","message":"GET /api/session 304 - - 82.627 ms","timestamp":"2022-05-15T14:46:23.034Z"}
{"level":"info","message":"GET /api/csrf/restore 201 2 - 1.173 ms","timestamp":"2022-05-15T14:46:40.218Z"}
{"level":"info","message":"GET /static/trip_gif.webp 304 - - 1.228 ms","timestamp":"2022-05-15T14:46:40.223Z"}
{"level":"info","message":"GET /api/session 304 - - 20.663 ms","timestamp":"2022-05-15T14:46:40.251Z"}
{"level":"info","message":"GET /api/csrf/restore 201 2 - 1.974 ms","timestamp":"2022-05-15T14:52:52.367Z"}
{"level":"info","message":"GET /static/trip_gif.webp 304 - - 1.681 ms","timestamp":"2022-05-15T14:52:52.369Z"}
{"level":"info","message":"GET /api/session 304 - - 54.273 ms","timestamp":"2022-05-15T14:52:52.432Z"}
{"level":"info","message":"GET /api/csrf/restore 201 2 - 2.661 ms","timestamp":"2022-05-15T15:04:19.303Z"}
{"level":"info","message":"GET /api/session 304 - - 1.865 ms","timestamp":"2022-05-15T15:04:19.503Z"}
{"level":"info","message":"GET /api/csrf/restore 201 2 - 3.241 ms","timestamp":"2022-05-15T15:05:09.976Z"}
{"level":"info","message":"GET /api/session 304 - - 1.091 ms","timestamp":"2022-05-15T15:05:10.012Z"}
{"level":"info","message":"GET /api/csrf/restore 201 2 - 2.659 ms","timestamp":"2022-05-15T15:09:49.438Z"}
{"level":"info","message":"GET /api/session 304 - - 1.271 ms","timestamp":"2022-05-15T15:09:49.481Z"}
{"level":"info","message":"GET /api/csrf/restore 201 2 - 1.524 ms","timestamp":"2022-05-15T15:09:54.868Z"}
{"level":"info","message":"GET /api/session 200 2 - 1.085 ms","timestamp":"2022-05-15T15:09:54.887Z"}
{"level":"info","message":"GET /api/csrf/restore 201 2 - 0.864 ms","timestamp":"2022-05-15T15:13:11.201Z"}
{"level":"info","message":"GET /static/trip_gif.webp 304 - - 1.180 ms","timestamp":"2022-05-15T15:13:11.209Z"}
{"level":"info","message":"GET /api/session 304 - - 66.607 ms","timestamp":"2022-05-15T15:13:11.287Z"}
{"level":"info","message":"GET /api/csrf/restore 201 2 - 1.568 ms","timestamp":"2022-05-15T15:13:16.777Z"}
{"level":"info","message":"GET /api/session 304 - - 0.672 ms","timestamp":"2022-05-15T15:13:16.813Z"}
{"level":"info","message":"GET /api/csrf/restore 201 2 - 2.234 ms","timestamp":"2022-05-15T15:13:26.114Z"}
{"level":"info","message":"GET /api/session 304 - - 0.971 ms","timestamp":"2022-05-15T15:13:26.144Z"}
