{"level":"info","message":"GET /api/csrf/restore 201 2 - 13.854 ms","timestamp":"2022-05-13T23:17:19.290Z"}
{"level":"info","message":"GET /api/session 304 - - 108.197 ms","timestamp":"2022-05-13T23:17:19.390Z"}
{"level":"info","message":"GET /api/csrf/restore 201 2 - 7.004 ms","timestamp":"2022-05-13T23:17:49.761Z"}
{"level":"info","message":"GET /api/session 304 - - 33.552 ms","timestamp":"2022-05-13T23:17:49.812Z"}
{"level":"info","message":"GET /api/csrf/restore 201 2 - 2.261 ms","timestamp":"2022-05-13T23:18:11.243Z"}
{"level":"info","message":"GET /api/session 304 - - 31.297 ms","timestamp":"2022-05-13T23:18:11.294Z"}
{"level":"info","message":"GET /api/csrf/restore 201 2 - 7.267 ms","timestamp":"2022-05-13T23:21:01.340Z"}
{"level":"info","message":"GET /api/session 200 2 - 2.444 ms","timestamp":"2022-05-13T23:21:01.351Z"}
{"level":"info","message":"POST /api/session 500 989 - 62.046 ms","timestamp":"2022-05-13T23:21:04.674Z"}
{"level":"info","message":"GET /api/csrf/restore 201 2 - 9.460 ms","timestamp":"2022-05-13T23:31:36.268Z"}
{"level":"info","message":"GET /api/session 200 162 - 18.033 ms","timestamp":"2022-05-13T23:31:36.291Z"}
{"level":"info","message":"GET /static/no_profile_pic.jpeg 200 118324 - 8.852 ms","timestamp":"2022-05-13T23:31:37.530Z"}
{"level":"info","message":"DELETE /api/session 200 21 - 22.199 ms","timestamp":"2022-05-13T23:31:39.795Z"}
{"level":"info","message":"POST /api/session 200 240 - 147.010 ms","timestamp":"2022-05-13T23:31:41.060Z"}
{"level":"info","message":"GET /api/csrf/restore 201 2 - 10.166 ms","timestamp":"2022-05-13T23:33:12.517Z"}
{"level":"info","message":"GET /api/session 200 162 - 35.678 ms","timestamp":"2022-05-13T23:33:12.564Z"}
{"level":"info","message":"GET /api/csrf/restore 201 2 - 6.940 ms","timestamp":"2022-05-13T23:33:15.821Z"}
{"level":"info","message":"GET /api/session 304 - - 18.559 ms","timestamp":"2022-05-13T23:33:15.848Z"}
{"level":"info","message":"GET /api/csrf/restore 201 2 - 9.781 ms","timestamp":"2022-05-13T23:33:17.116Z"}
{"level":"info","message":"GET /api/session 304 - - 16.091 ms","timestamp":"2022-05-13T23:33:17.137Z"}
{"level":"info","message":"GET /api/csrf/restore 201 2 - 7.329 ms","timestamp":"2022-05-13T23:33:17.919Z"}
{"level":"info","message":"GET /api/session 304 - - 20.321 ms","timestamp":"2022-05-13T23:33:17.950Z"}
{"level":"info","message":"GET /api/csrf/restore 201 2 - 1.028 ms","timestamp":"2022-05-13T23:33:18.794Z"}
{"level":"info","message":"GET /api/session 304 - - 2.412 ms","timestamp":"2022-05-13T23:33:18.813Z"}
{"level":"info","message":"GET /static/no_profile_pic.jpeg 304 - - 2.529 ms","timestamp":"2022-05-13T23:33:20.248Z"}
{"level":"info","message":"DELETE /api/session 200 21 - 19.864 ms","timestamp":"2022-05-13T23:33:22.304Z"}
{"level":"info","message":"POST /api/session 200 240 - 154.438 ms","timestamp":"2022-05-13T23:33:24.310Z"}
{"level":"info","message":"DELETE /api/session 200 21 - 17.719 ms","timestamp":"2022-05-13T23:33:26.561Z"}
{"level":"info","message":"POST /api/session 200 240 - 145.158 ms","timestamp":"2022-05-13T23:33:27.516Z"}
{"level":"info","message":"DELETE /api/session 200 21 - 16.740 ms","timestamp":"2022-05-13T23:33:29.530Z"}
{"level":"info","message":"POST /api/session 200 240 - 155.384 ms","timestamp":"2022-05-13T23:33:31.413Z"}
{"level":"info","message":"GET /static/no_profile_pic.jpeg 304 - - 1.638 ms","timestamp":"2022-05-13T23:33:31.428Z"}
{"level":"info","message":"GET /api/csrf/restore 201 2 - 6.119 ms","timestamp":"2022-05-13T23:35:10.546Z"}
{"level":"info","message":"GET /api/session 200 162 - 25.965 ms","timestamp":"2022-05-13T23:35:10.577Z"}
{"level":"info","message":"GET /static/no_profile_pic.jpeg 304 - - 6.083 ms","timestamp":"2022-05-13T23:35:16.050Z"}
{"level":"info","message":"DELETE /api/session 200 21 - 25.043 ms","timestamp":"2022-05-13T23:35:18.113Z"}
{"level":"info","message":"POST /api/session 200 240 - 145.014 ms","timestamp":"2022-05-13T23:35:20.764Z"}
{"level":"info","message":"GET /api/csrf/restore 201 2 - 7.157 ms","timestamp":"2022-05-13T23:35:27.080Z"}
{"level":"info","message":"GET /api/session 200 162 - 19.124 ms","timestamp":"2022-05-13T23:35:27.100Z"}
{"level":"info","message":"GET /static/no_profile_pic.jpeg 304 - - 6.482 ms","timestamp":"2022-05-13T23:35:30.228Z"}
{"level":"info","message":"DELETE /api/session 200 21 - 18.116 ms","timestamp":"2022-05-13T23:35:32.709Z"}
{"level":"info","message":"POST /api/session 200 240 - 147.419 ms","timestamp":"2022-05-13T23:35:37.614Z"}
{"level":"info","message":"DELETE /api/session 200 21 - 16.302 ms","timestamp":"2022-05-13T23:35:40.478Z"}
{"level":"info","message":"POST /api/session 200 240 - 146.058 ms","timestamp":"2022-05-13T23:35:42.003Z"}
{"level":"info","message":"GET /static/no_profile_pic.jpeg 304 - - 1.499 ms","timestamp":"2022-05-13T23:35:42.010Z"}
{"level":"info","message":"DELETE /api/session 200 21 - 16.623 ms","timestamp":"2022-05-13T23:35:47.660Z"}
{"level":"info","message":"POST /api/session 200 240 - 143.614 ms","timestamp":"2022-05-13T23:35:49.796Z"}
{"level":"info","message":"GET /api/csrf/restore 201 2 - 3.332 ms","timestamp":"2022-05-13T23:37:16.104Z"}
{"level":"info","message":"GET /api/session 200 162 - 27.607 ms","timestamp":"2022-05-13T23:37:16.142Z"}
{"level":"info","message":"GET /static/no_profile_pic.jpeg 304 - - 5.802 ms","timestamp":"2022-05-13T23:37:36.733Z"}
{"level":"info","message":"DELETE /api/session 200 21 - 26.819 ms","timestamp":"2022-05-13T23:37:38.861Z"}
{"level":"info","message":"POST /api/session 200 240 - 164.899 ms","timestamp":"2022-05-13T23:37:51.675Z"}
{"level":"info","message":"GET /api/csrf/restore 201 2 - 5.777 ms","timestamp":"2022-05-13T23:43:44.303Z"}
{"level":"info","message":"GET /api/session 200 162 - 32.206 ms","timestamp":"2022-05-13T23:43:44.338Z"}
{"level":"info","message":"GET /api/csrf/restore 201 2 - 6.649 ms","timestamp":"2022-05-13T23:44:13.851Z"}
{"level":"info","message":"GET /api/session 304 - - 16.190 ms","timestamp":"2022-05-13T23:44:13.877Z"}
{"level":"info","message":"GET /api/csrf/restore 201 2 - 1.914 ms","timestamp":"2022-05-13T23:44:14.815Z"}
{"level":"info","message":"GET /api/session 304 - - 10.470 ms","timestamp":"2022-05-13T23:44:14.829Z"}
{"level":"info","message":"GET /api/csrf/restore 201 2 - 1.574 ms","timestamp":"2022-05-13T23:44:15.636Z"}
{"level":"info","message":"GET /api/session 304 - - 8.960 ms","timestamp":"2022-05-13T23:44:15.651Z"}
{"level":"info","message":"GET /api/csrf/restore 201 2 - 1.775 ms","timestamp":"2022-05-13T23:44:17.536Z"}
{"level":"info","message":"GET /api/session 304 - - 4.413 ms","timestamp":"2022-05-13T23:44:17.552Z"}
{"level":"info","message":"GET /api/csrf/restore 201 2 - 0.538 ms","timestamp":"2022-05-13T23:44:19.270Z"}
{"level":"info","message":"GET /api/session 304 - - 2.971 ms","timestamp":"2022-05-13T23:44:19.286Z"}
{"level":"info","message":"GET /api/csrf/restore 201 2 - 0.932 ms","timestamp":"2022-05-13T23:44:22.029Z"}
{"level":"info","message":"GET /api/session 304 - - 3.423 ms","timestamp":"2022-05-13T23:44:22.039Z"}
{"level":"info","message":"GET /api/csrf/restore 201 2 - 0.786 ms","timestamp":"2022-05-13T23:44:23.947Z"}
{"level":"info","message":"GET /api/session 304 - - 2.542 ms","timestamp":"2022-05-13T23:44:23.956Z"}
{"level":"info","message":"GET /api/csrf/restore 201 2 - 0.532 ms","timestamp":"2022-05-13T23:44:25.536Z"}
{"level":"info","message":"GET /api/session 304 - - 3.891 ms","timestamp":"2022-05-13T23:44:25.546Z"}
{"level":"info","message":"GET /api/csrf/restore 201 2 - 0.549 ms","timestamp":"2022-05-13T23:44:26.611Z"}
{"level":"info","message":"GET /api/session 304 - - 2.473 ms","timestamp":"2022-05-13T23:44:26.622Z"}
{"level":"info","message":"GET /api/csrf/restore 201 2 - 0.564 ms","timestamp":"2022-05-13T23:44:27.358Z"}
{"level":"info","message":"GET /api/session 304 - - 3.869 ms","timestamp":"2022-05-13T23:44:27.368Z"}
{"level":"info","message":"GET /api/csrf/restore 201 2 - 0.580 ms","timestamp":"2022-05-13T23:44:27.986Z"}
{"level":"info","message":"GET /api/session 304 - - 2.662 ms","timestamp":"2022-05-13T23:44:27.999Z"}
{"level":"info","message":"GET /api/csrf/restore 201 2 - 0.543 ms","timestamp":"2022-05-13T23:44:28.510Z"}
{"level":"info","message":"GET /api/session 304 - - 2.748 ms","timestamp":"2022-05-13T23:44:28.520Z"}
{"level":"info","message":"GET /api/csrf/restore 201 2 - 0.624 ms","timestamp":"2022-05-13T23:44:29.114Z"}
{"level":"info","message":"GET /api/session 304 - - 2.894 ms","timestamp":"2022-05-13T23:44:29.116Z"}
{"level":"info","message":"GET /api/csrf/restore 201 2 - 0.571 ms","timestamp":"2022-05-13T23:44:29.549Z"}
{"level":"info","message":"GET /api/session 304 - - 2.961 ms","timestamp":"2022-05-13T23:44:29.561Z"}
{"level":"info","message":"GET /api/csrf/restore 201 2 - 0.532 ms","timestamp":"2022-05-13T23:44:30.003Z"}
{"level":"info","message":"GET /api/session 304 - - 3.505 ms","timestamp":"2022-05-13T23:44:30.013Z"}
{"level":"info","message":"GET /api/csrf/restore 201 2 - 0.739 ms","timestamp":"2022-05-13T23:44:30.418Z"}
{"level":"info","message":"GET /api/session 304 - - 3.875 ms","timestamp":"2022-05-13T23:44:30.432Z"}
{"level":"info","message":"GET /api/csrf/restore 201 2 - 0.611 ms","timestamp":"2022-05-13T23:44:30.854Z"}
{"level":"info","message":"GET /api/session 304 - - 2.656 ms","timestamp":"2022-05-13T23:44:30.865Z"}
{"level":"info","message":"GET /static/no_profile_pic.jpeg 304 - - 2.807 ms","timestamp":"2022-05-13T23:44:32.297Z"}
{"level":"info","message":"DELETE /api/session 200 21 - 18.896 ms","timestamp":"2022-05-13T23:44:34.311Z"}
{"level":"info","message":"POST /api/session 200 240 - 130.650 ms","timestamp":"2022-05-13T23:44:37.536Z"}
{"level":"info","message":"GET /api/csrf/restore 201 2 - 5.464 ms","timestamp":"2022-05-13T23:44:54.776Z"}
{"level":"info","message":"GET /api/session 200 162 - 12.393 ms","timestamp":"2022-05-13T23:44:54.793Z"}
{"level":"info","message":"GET /static/no_profile_pic.jpeg 304 - - 4.529 ms","timestamp":"2022-05-13T23:44:57.319Z"}
{"level":"info","message":"DELETE /api/session 200 21 - 15.889 ms","timestamp":"2022-05-13T23:45:01.164Z"}
{"level":"info","message":"POST /api/session 200 240 - 140.408 ms","timestamp":"2022-05-13T23:45:02.963Z"}
{"level":"info","message":"GET /api/csrf/restore 201 2 - 8.049 ms","timestamp":"2022-05-13T23:46:09.084Z"}
{"level":"info","message":"GET /api/session 200 162 - 32.573 ms","timestamp":"2022-05-13T23:46:09.126Z"}
{"level":"info","message":"POST /test/category 201 116 - 42.743 ms","timestamp":"2022-05-13T23:49:18.496Z"}
{"level":"info","message":"GET /test/category/testCategory 200 151 - 67.718 ms","timestamp":"2022-05-13T23:49:18.580Z"}
{"level":"info","message":"PUT /test/category/testCategory 200 123 - 37.817 ms","timestamp":"2022-05-13T23:49:18.623Z"}
{"level":"info","message":"DELETE /test/category/testCategoryUpdated 200 30 - 16.630 ms","timestamp":"2022-05-13T23:49:18.645Z"}
{"level":"info","message":"POST /test/game 201 223 - 5.128 ms","timestamp":"2022-05-13T23:49:18.653Z"}
{"level":"info","message":"GET /test/game/123456789 200 266 - 29.957 ms","timestamp":"2022-05-13T23:49:18.686Z"}
{"level":"info","message":"PUT /test/game/123456789 200 219 - 11.817 ms","timestamp":"2022-05-13T23:49:18.700Z"}
{"level":"info","message":"DELETE /test/game/80247 200 26 - 11.746 ms","timestamp":"2022-05-13T23:49:18.714Z"}
{"level":"info","message":"POST /test/genre 201 114 - 2.333 ms","timestamp":"2022-05-13T23:49:18.719Z"}
{"level":"info","message":"GET /test/genre/testGenre 200 145 - 20.004 ms","timestamp":"2022-05-13T23:49:18.743Z"}
{"level":"info","message":"PUT /test/genre/testGenre 200 121 - 3.680 ms","timestamp":"2022-05-13T23:49:18.752Z"}
{"level":"info","message":"DELETE /test/genre/testGenreUpdated 200 27 - 5.429 ms","timestamp":"2022-05-13T23:49:18.760Z"}
{"level":"info","message":"POST /test/user_game 201 239 - 4.562 ms","timestamp":"2022-05-13T23:49:18.768Z"}
{"level":"info","message":"POST /test/looking_for_game 201 171 - 6.686 ms","timestamp":"2022-05-13T23:49:18.776Z"}
{"level":"info","message":"GET /test/looking_for_game/testLookingForGame 200 444 - 7.114 ms","timestamp":"2022-05-13T23:49:18.786Z"}
{"level":"info","message":"PUT /test/looking_for_game/testLookingForGame 200 177 - 9.189 ms","timestamp":"2022-05-13T23:49:18.798Z"}
{"level":"info","message":"DELETE /test/looking_for_game/updateTestLookingForGame 200 38 - 6.255 ms","timestamp":"2022-05-13T23:49:18.806Z"}
{"level":"info","message":"DELETE /test/user_game/testGame 200 38 - 4.088 ms","timestamp":"2022-05-13T23:49:18.812Z"}
{"level":"info","message":"POST /test/user_game 201 239 - 3.027 ms","timestamp":"2022-05-13T23:49:18.817Z"}
{"level":"info","message":"GET /test/user_game/testGame 200 1085 - 5.693 ms","timestamp":"2022-05-13T23:49:18.824Z"}
{"level":"info","message":"PUT /test/user_game/testGame 200 246 - 2.941 ms","timestamp":"2022-05-13T23:49:18.830Z"}
{"level":"info","message":"DELETE /test/user_game/testGameUpdated 200 38 - 2.114 ms","timestamp":"2022-05-13T23:49:18.833Z"}
{"level":"info","message":"POST /test/user 201 478 - 4.454 ms","timestamp":"2022-05-13T23:49:18.840Z"}
{"level":"info","message":"GET /test/user/testUser 200 371 - 8.773 ms","timestamp":"2022-05-13T23:49:18.851Z"}
{"level":"info","message":"PUT /test/user/testUser 200 243 - 2.954 ms","timestamp":"2022-05-13T23:49:18.856Z"}
{"level":"info","message":"DELETE /test/user/testUserUpdated 200 26 - 12.920 ms","timestamp":"2022-05-13T23:49:18.871Z"}
