{"level":"info","message":"GET /api/csrf/restore 201 2 - 1.873 ms","timestamp":"2022-05-14T10:32:57.342Z"}
{"level":"info","message":"GET /static/trip_gif.webp 200 427700 - 2.670 ms","timestamp":"2022-05-14T10:32:57.376Z"}
{"level":"info","message":"GET /api/session 200 162 - 99.014 ms","timestamp":"2022-05-14T10:32:57.468Z"}
{"level":"info","message":"GET /api/csrf/restore 201 2 - 1.722 ms","timestamp":"2022-05-14T10:33:00.949Z"}
{"level":"info","message":"GET /static/trip_gif.webp 304 - - 1.569 ms","timestamp":"2022-05-14T10:33:00.962Z"}
{"level":"info","message":"GET /api/session 304 - - 18.790 ms","timestamp":"2022-05-14T10:33:00.999Z"}
{"level":"info","message":"GET /api/csrf/restore 201 2 - 6.205 ms","timestamp":"2022-05-14T10:33:07.977Z"}
{"level":"info","message":"GET /static/trip_gif.webp 304 - - 14.042 ms","timestamp":"2022-05-14T10:33:07.987Z"}
{"level":"info","message":"GET /api/session 304 - - 23.456 ms","timestamp":"2022-05-14T10:33:08.013Z"}
{"level":"info","message":"GET /static/trip_gif.webp 304 - - 1.104 ms","timestamp":"2022-05-14T10:33:11.211Z"}
{"level":"info","message":"GET /api/csrf/restore 201 2 - 1.448 ms","timestamp":"2022-05-14T10:33:11.213Z"}
{"level":"info","message":"GET /api/session 304 - - 22.876 ms","timestamp":"2022-05-14T10:33:11.240Z"}
{"level":"info","message":"GET /api/csrf/restore 201 2 - 1.336 ms","timestamp":"2022-05-14T10:33:13.317Z"}
{"level":"info","message":"GET /static/trip_gif.webp 304 - - 4.139 ms","timestamp":"2022-05-14T10:33:13.320Z"}
{"level":"info","message":"GET /api/session 304 - - 3.974 ms","timestamp":"2022-05-14T10:33:13.324Z"}
{"level":"info","message":"GET /api/csrf/restore 201 2 - 0.510 ms","timestamp":"2022-05-14T10:33:16.178Z"}
{"level":"info","message":"GET /static/trip_gif.webp 304 - - 0.710 ms","timestamp":"2022-05-14T10:33:16.179Z"}
{"level":"info","message":"GET /api/session 304 - - 3.063 ms","timestamp":"2022-05-14T10:33:16.188Z"}
{"level":"info","message":"GET /api/csrf/restore 201 2 - 0.744 ms","timestamp":"2022-05-14T10:34:00.833Z"}
{"level":"info","message":"GET /static/trip_gif.webp 304 - - 9.077 ms","timestamp":"2022-05-14T10:34:00.853Z"}
{"level":"info","message":"GET /api/session 304 - - 15.619 ms","timestamp":"2022-05-14T10:34:00.871Z"}
{"level":"info","message":"GET /api/csrf/restore 201 2 - 1.138 ms","timestamp":"2022-05-14T10:34:08.748Z"}
{"level":"info","message":"GET /static/trip_gif.webp 304 - - 0.853 ms","timestamp":"2022-05-14T10:34:08.769Z"}
{"level":"info","message":"GET /api/session 304 - - 12.851 ms","timestamp":"2022-05-14T10:34:08.792Z"}
{"level":"info","message":"GET /api/csrf/restore 201 2 - 1.008 ms","timestamp":"2022-05-14T10:34:16.697Z"}
{"level":"info","message":"GET /static/trip_gif.webp 304 - - 4.898 ms","timestamp":"2022-05-14T10:34:16.722Z"}
{"level":"info","message":"GET /api/session 304 - - 7.379 ms","timestamp":"2022-05-14T10:34:16.746Z"}
{"level":"info","message":"GET /api/csrf/restore 201 2 - 1.710 ms","timestamp":"2022-05-14T10:34:58.062Z"}
{"level":"info","message":"GET /static/trip_gif.webp 304 - - 4.083 ms","timestamp":"2022-05-14T10:34:58.070Z"}
{"level":"info","message":"GET /api/session 304 - - 36.871 ms","timestamp":"2022-05-14T10:34:58.123Z"}
{"level":"info","message":"GET /api/csrf/restore 201 2 - 1.539 ms","timestamp":"2022-05-14T10:35:00.985Z"}
{"level":"info","message":"GET /static/trip_gif.webp 304 - - 0.711 ms","timestamp":"2022-05-14T10:35:01.071Z"}
{"level":"info","message":"GET /api/session 304 - - 11.400 ms","timestamp":"2022-05-14T10:35:01.095Z"}
{"level":"info","message":"GET /api/csrf/restore 201 2 - 0.709 ms","timestamp":"2022-05-14T10:35:07.991Z"}
{"level":"info","message":"GET /static/trip_gif.webp 304 - - 4.471 ms","timestamp":"2022-05-14T10:35:08.013Z"}
{"level":"info","message":"GET /api/session 304 - - 24.521 ms","timestamp":"2022-05-14T10:35:08.044Z"}
{"level":"info","message":"GET /api/csrf/restore 201 2 - 5.231 ms","timestamp":"2022-05-14T10:35:50.204Z"}
{"level":"info","message":"GET /static/trip_gif.webp 304 - - 1.531 ms","timestamp":"2022-05-14T10:35:50.270Z"}
{"level":"info","message":"GET /api/session 304 - - 25.163 ms","timestamp":"2022-05-14T10:35:50.313Z"}
{"level":"info","message":"GET /api/csrf/restore 201 2 - 0.792 ms","timestamp":"2022-05-14T10:35:51.733Z"}
{"level":"info","message":"GET /static/trip_gif.webp 304 - - 0.339 ms","timestamp":"2022-05-14T10:35:51.775Z"}
{"level":"info","message":"GET /api/session 304 - - 17.212 ms","timestamp":"2022-05-14T10:35:51.811Z"}
{"level":"info","message":"GET /api/csrf/restore 201 2 - 0.733 ms","timestamp":"2022-05-14T10:35:56.185Z"}
{"level":"info","message":"GET /static/trip_gif.webp 304 - - 0.446 ms","timestamp":"2022-05-14T10:35:56.197Z"}
{"level":"info","message":"GET /api/session 304 - - 4.857 ms","timestamp":"2022-05-14T10:35:56.208Z"}
{"level":"info","message":"GET /api/csrf/restore 201 2 - 1.080 ms","timestamp":"2022-05-14T10:35:57.689Z"}
{"level":"info","message":"GET /static/trip_gif.webp 304 - - 0.997 ms","timestamp":"2022-05-14T10:35:57.726Z"}
{"level":"info","message":"GET /api/session 304 - - 18.657 ms","timestamp":"2022-05-14T10:35:57.776Z"}
{"level":"info","message":"GET /api/csrf/restore 201 2 - 1.538 ms","timestamp":"2022-05-14T10:39:46.933Z"}
{"level":"info","message":"GET /static/trip_gif.webp 304 - - 2.517 ms","timestamp":"2022-05-14T10:39:47.019Z"}
{"level":"info","message":"GET /api/session 304 - - 22.238 ms","timestamp":"2022-05-14T10:39:47.053Z"}
{"level":"info","message":"GET /api/csrf/restore 201 2 - 4.435 ms","timestamp":"2022-05-14T10:39:57.916Z"}
{"level":"info","message":"GET /static/trip_gif.webp 304 - - 1.530 ms","timestamp":"2022-05-14T10:39:58.001Z"}
{"level":"info","message":"GET /api/session 304 - - 40.802 ms","timestamp":"2022-05-14T10:39:58.178Z"}
{"level":"info","message":"GET /api/csrf/restore 201 2 - 1.895 ms","timestamp":"2022-05-14T10:40:04.120Z"}
{"level":"info","message":"GET /static/trip_gif.webp 304 - - 1.168 ms","timestamp":"2022-05-14T10:40:04.126Z"}
{"level":"info","message":"GET /api/session 304 - - 10.356 ms","timestamp":"2022-05-14T10:40:04.171Z"}
{"level":"info","message":"GET /api/csrf/restore 201 2 - 0.729 ms","timestamp":"2022-05-14T10:40:06.907Z"}
{"level":"info","message":"GET /static/trip_gif.webp 304 - - 0.812 ms","timestamp":"2022-05-14T10:40:06.908Z"}
{"level":"info","message":"GET /api/session 304 - - 9.229 ms","timestamp":"2022-05-14T10:40:06.922Z"}
{"level":"info","message":"GET /api/csrf/restore 201 2 - 0.813 ms","timestamp":"2022-05-14T10:40:08.892Z"}
{"level":"info","message":"GET /static/trip_gif.webp 304 - - 0.805 ms","timestamp":"2022-05-14T10:40:08.894Z"}
{"level":"info","message":"GET /api/session 304 - - 3.766 ms","timestamp":"2022-05-14T10:40:08.902Z"}
{"level":"info","message":"GET /static/trip_gif.webp 304 - - 0.611 ms","timestamp":"2022-05-14T10:40:10.891Z"}
{"level":"info","message":"GET /api/csrf/restore 201 2 - 1.855 ms","timestamp":"2022-05-14T10:40:10.893Z"}
{"level":"info","message":"GET /api/session 304 - - 4.146 ms","timestamp":"2022-05-14T10:40:10.902Z"}
{"level":"info","message":"GET /api/csrf/restore 201 2 - 0.652 ms","timestamp":"2022-05-14T10:41:40.898Z"}
{"level":"info","message":"GET /static/trip_gif.webp 304 - - 0.861 ms","timestamp":"2022-05-14T10:41:40.923Z"}
{"level":"info","message":"GET /api/session 304 - - 19.104 ms","timestamp":"2022-05-14T10:41:40.950Z"}
{"level":"info","message":"GET /api/csrf/restore 201 2 - 4.809 ms","timestamp":"2022-05-14T10:41:56.849Z"}
{"level":"info","message":"GET /static/trip_gif.webp 304 - - 0.733 ms","timestamp":"2022-05-14T10:41:56.870Z"}
{"level":"info","message":"GET /api/session 304 - - 17.487 ms","timestamp":"2022-05-14T10:41:56.899Z"}
{"level":"info","message":"GET /api/csrf/restore 201 2 - 0.663 ms","timestamp":"2022-05-14T10:41:59.824Z"}
{"level":"info","message":"GET /static/trip_gif.webp 304 - - 0.317 ms","timestamp":"2022-05-14T10:41:59.839Z"}
{"level":"info","message":"GET /api/session 304 - - 10.153 ms","timestamp":"2022-05-14T10:41:59.857Z"}
{"level":"info","message":"GET /api/csrf/restore 201 2 - 0.554 ms","timestamp":"2022-05-14T10:42:02.051Z"}
{"level":"info","message":"GET /static/trip_gif.webp 304 - - 0.333 ms","timestamp":"2022-05-14T10:42:02.066Z"}
{"level":"info","message":"GET /api/session 304 - - 3.099 ms","timestamp":"2022-05-14T10:42:02.080Z"}
{"level":"info","message":"GET /api/csrf/restore 201 2 - 0.687 ms","timestamp":"2022-05-14T10:42:03.668Z"}
{"level":"info","message":"GET /static/trip_gif.webp 304 - - 2.997 ms","timestamp":"2022-05-14T10:42:03.684Z"}
{"level":"info","message":"GET /api/session 304 - - 4.804 ms","timestamp":"2022-05-14T10:42:03.699Z"}
{"level":"info","message":"GET /api/csrf/restore 201 2 - 0.875 ms","timestamp":"2022-05-14T10:42:22.899Z"}
{"level":"info","message":"GET /static/trip_gif.webp 304 - - 6.041 ms","timestamp":"2022-05-14T10:42:22.916Z"}
{"level":"info","message":"GET /api/session 304 - - 19.623 ms","timestamp":"2022-05-14T10:42:22.973Z"}
{"level":"info","message":"GET /static/trip_gif.webp 304 - - 0.673 ms","timestamp":"2022-05-14T10:42:25.650Z"}
{"level":"info","message":"GET /api/csrf/restore 201 2 - 0.762 ms","timestamp":"2022-05-14T10:42:25.652Z"}
{"level":"info","message":"GET /api/session 304 - - 10.642 ms","timestamp":"2022-05-14T10:42:25.670Z"}
{"level":"info","message":"GET /api/csrf/restore 201 2 - 0.290 ms","timestamp":"2022-05-14T10:42:25.800Z"}
{"level":"info","message":"GET /static/trip_gif.webp 304 - - 0.238 ms","timestamp":"2022-05-14T10:42:25.814Z"}
{"level":"info","message":"GET /api/session 304 - - 2.900 ms","timestamp":"2022-05-14T10:42:25.826Z"}
{"level":"info","message":"GET /api/csrf/restore 201 2 - 0.633 ms","timestamp":"2022-05-14T10:42:42.792Z"}
{"level":"info","message":"GET /static/trip_gif.webp 304 - - 0.941 ms","timestamp":"2022-05-14T10:42:42.806Z"}
{"level":"info","message":"GET /api/session 304 - - 43.283 ms","timestamp":"2022-05-14T10:42:42.858Z"}
{"level":"info","message":"GET /api/csrf/restore 201 2 - 0.802 ms","timestamp":"2022-05-14T10:43:34.051Z"}
{"level":"info","message":"GET /static/trip_gif.webp 304 - - 0.730 ms","timestamp":"2022-05-14T10:43:34.057Z"}
{"level":"info","message":"GET /api/session 304 - - 12.857 ms","timestamp":"2022-05-14T10:43:34.081Z"}
{"level":"info","message":"GET /api/csrf/restore 201 2 - 1.153 ms","timestamp":"2022-05-14T10:43:35.644Z"}
{"level":"info","message":"GET /static/trip_gif.webp 304 - - 2.303 ms","timestamp":"2022-05-14T10:43:35.654Z"}
{"level":"info","message":"GET /api/session 304 - - 15.077 ms","timestamp":"2022-05-14T10:43:35.676Z"}
{"level":"info","message":"GET /api/csrf/restore 201 2 - 0.563 ms","timestamp":"2022-05-14T10:45:58.213Z"}
{"level":"info","message":"GET /static/trip_gif.webp 304 - - 1.136 ms","timestamp":"2022-05-14T10:45:58.236Z"}
{"level":"info","message":"GET /api/session 304 - - 19.836 ms","timestamp":"2022-05-14T10:45:58.260Z"}
{"level":"info","message":"GET /api/csrf/restore 201 2 - 0.522 ms","timestamp":"2022-05-14T10:46:04.502Z"}
{"level":"info","message":"GET /static/trip_gif.webp 304 - - 0.752 ms","timestamp":"2022-05-14T10:46:04.534Z"}
{"level":"info","message":"GET /api/session 304 - - 9.240 ms","timestamp":"2022-05-14T10:46:04.547Z"}
{"level":"info","message":"GET /api/csrf/restore 201 2 - 1.157 ms","timestamp":"2022-05-14T10:46:19.916Z"}
{"level":"info","message":"GET /static/trip_gif.webp 304 - - 0.625 ms","timestamp":"2022-05-14T10:46:19.940Z"}
{"level":"info","message":"GET /api/session 304 - - 15.178 ms","timestamp":"2022-05-14T10:46:19.983Z"}
{"level":"info","message":"GET /api/csrf/restore 201 2 - 3.408 ms","timestamp":"2022-05-14T10:46:36.342Z"}
{"level":"info","message":"GET /static/trip_gif.webp 304 - - 0.767 ms","timestamp":"2022-05-14T10:46:36.376Z"}
{"level":"info","message":"GET /api/session 304 - - 19.795 ms","timestamp":"2022-05-14T10:46:36.401Z"}
{"level":"info","message":"GET /api/csrf/restore 201 2 - 0.600 ms","timestamp":"2022-05-14T10:47:12.441Z"}
{"level":"info","message":"GET /static/trip_gif.webp 304 - - 1.035 ms","timestamp":"2022-05-14T10:47:12.462Z"}
{"level":"info","message":"GET /api/session 304 - - 65.318 ms","timestamp":"2022-05-14T10:47:12.541Z"}
{"level":"info","message":"GET /api/csrf/restore 201 2 - 0.801 ms","timestamp":"2022-05-14T10:49:03.273Z"}
{"level":"info","message":"GET /static/trip_gif.webp 304 - - 4.373 ms","timestamp":"2022-05-14T10:49:03.287Z"}
{"level":"info","message":"GET /api/session 304 - - 30.597 ms","timestamp":"2022-05-14T10:49:03.331Z"}
{"level":"info","message":"GET /static/no_profile_pic.jpeg 200 118324 - 12.639 ms","timestamp":"2022-05-14T11:02:37.762Z"}
{"level":"info","message":"GET /api/csrf/restore 201 2 - 4.846 ms","timestamp":"2022-05-14T11:15:27.372Z"}
{"level":"info","message":"GET /static/trip_gif.webp 304 - - 5.436 ms","timestamp":"2022-05-14T11:15:27.379Z"}
{"level":"info","message":"GET /api/session 304 - - 53.406 ms","timestamp":"2022-05-14T11:15:27.438Z"}
{"level":"info","message":"GET /api/csrf/restore 201 2 - 10.308 ms","timestamp":"2022-05-14T12:28:06.016Z"}
{"level":"info","message":"GET /static/trip_gif.webp 304 - - 8.374 ms","timestamp":"2022-05-14T12:28:06.021Z"}
{"level":"info","message":"GET /api/session 200 162 - 95.490 ms","timestamp":"2022-05-14T12:28:06.121Z"}
{"level":"info","message":"GET /static/no_profile_pic.jpeg 304 - - 5.620 ms","timestamp":"2022-05-14T12:28:11.690Z"}
{"level":"info","message":"DELETE /api/session 200 21 - 21.028 ms","timestamp":"2022-05-14T12:28:14.003Z"}
{"level":"info","message":"POST /api/session 200 240 - 146.718 ms","timestamp":"2022-05-14T12:28:16.669Z"}
{"level":"info","message":"GET /api/csrf/restore 201 2 - 3.450 ms","timestamp":"2022-05-14T12:28:19.607Z"}
{"level":"info","message":"GET /static/trip_gif.webp 304 - - 1.780 ms","timestamp":"2022-05-14T12:28:19.618Z"}
{"level":"info","message":"GET /api/session 200 162 - 20.128 ms","timestamp":"2022-05-14T12:28:19.654Z"}
{"level":"info","message":"GET /api/csrf/restore 201 2 - 5.046 ms","timestamp":"2022-05-14T14:37:31.028Z"}
{"level":"info","message":"GET /static/trip_gif.webp 404 159 - 39.868 ms","timestamp":"2022-05-14T14:37:31.098Z"}
{"level":"info","message":"GET /api/session 200 2 - 5.761 ms","timestamp":"2022-05-14T14:37:31.190Z"}
{"level":"info","message":"GET /static/trip_gif.webp 200 427700 - 10.358 ms","timestamp":"2022-05-14T14:38:02.731Z"}
{"level":"info","message":"GET /api/csrf/restore 201 2 - 8.988 ms","timestamp":"2022-05-14T14:38:02.731Z"}
{"level":"info","message":"GET /api/session 304 - - 3.951 ms","timestamp":"2022-05-14T14:38:02.749Z"}
{"level":"info","message":"POST /api/session 404 151 - 18.635 ms","timestamp":"2022-05-14T14:38:07.173Z"}
{"level":"info","message":"GET /api/csrf/restore 201 2 - 1.082 ms","timestamp":"2022-05-14T14:38:09.503Z"}
{"level":"info","message":"GET /static/trip_gif.webp 304 - - 1.293 ms","timestamp":"2022-05-14T14:38:09.513Z"}
{"level":"info","message":"GET /api/session 304 - - 0.354 ms","timestamp":"2022-05-14T14:38:09.536Z"}
{"level":"info","message":"GET /api/csrf/restore 201 2 - 8.063 ms","timestamp":"2022-05-14T14:42:20.241Z"}
{"level":"info","message":"GET /static/trip_gif.webp 304 - - 2.987 ms","timestamp":"2022-05-14T14:42:20.249Z"}
{"level":"info","message":"GET /api/session 304 - - 4.175 ms","timestamp":"2022-05-14T14:42:20.263Z"}
{"level":"info","message":"POST /api/session 404 151 - 32.094 ms","timestamp":"2022-05-14T14:42:23.694Z"}
{"level":"info","message":"GET /static/trip_gif.webp 304 - - 4.139 ms","timestamp":"2022-05-14T14:58:58.769Z"}
{"level":"info","message":"GET /api/csrf/restore 201 2 - 4.857 ms","timestamp":"2022-05-14T14:58:58.771Z"}
{"level":"info","message":"GET /api/session 304 - - 6.023 ms","timestamp":"2022-05-14T14:58:58.798Z"}
{"level":"info","message":"POST /api/session 200 240 - 135.385 ms","timestamp":"2022-05-14T14:59:02.001Z"}
{"level":"info","message":"GET /static/no_profile_pic.jpeg 304 - - 0.461 ms","timestamp":"2022-05-14T14:59:02.011Z"}
{"level":"info","message":"DELETE /api/session 200 21 - 12.664 ms","timestamp":"2022-05-14T14:59:11.569Z"}
{"level":"info","message":"POST /api/session 200 240 - 152.269 ms","timestamp":"2022-05-14T14:59:12.961Z"}
{"level":"info","message":"GET /api/csrf/restore 201 2 - 7.451 ms","timestamp":"2022-05-14T16:00:26.664Z"}
{"level":"info","message":"GET /static/trip_gif.webp 200 427700 - 3.706 ms","timestamp":"2022-05-14T16:00:26.676Z"}
{"level":"info","message":"GET /api/session 200 240 - 44.186 ms","timestamp":"2022-05-14T16:00:26.733Z"}
{"level":"info","message":"GET /api/csrf/restore 201 2 - 6.826 ms","timestamp":"2022-05-14T16:01:05.394Z"}
{"level":"info","message":"GET /static/trip_gif.webp 304 - - 9.268 ms","timestamp":"2022-05-14T16:01:05.410Z"}
{"level":"info","message":"GET /api/session 304 - - 53.254 ms","timestamp":"2022-05-14T16:01:05.475Z"}
{"level":"info","message":"GET /static/no_profile_pic.jpeg 200 118324 - 3.039 ms","timestamp":"2022-05-14T16:01:07.792Z"}
{"level":"info","message":"DELETE /api/session 200 21 - 9.517 ms","timestamp":"2022-05-14T16:01:09.603Z"}
{"level":"info","message":"POST /api/session 200 240 - 134.775 ms","timestamp":"2022-05-14T16:01:10.661Z"}
