{"timeStamp": "2022-04-20T11:19:31.135Z" , "level": "info", "message": "GET /static/resized/acadia_2.png 304 - - 2.015 ms"},
{"timeStamp": "2022-04-20T11:19:31.135Z" , "level": "info", "message": "GET /static/resized/old_fashioned.png 304 - - 2.099 ms"},
{"timeStamp": "2022-04-20T11:19:35.667Z" , "level": "info", "message": "GET /static/resized/zion_4.png 200 84765 - 2.990 ms"},
{"timeStamp": "2022-04-20T11:19:35.702Z" , "level": "info", "message": "GET /api/parks/1 200 1556 - 32.370 ms"},
{"timeStamp": "2022-04-20T11:19:35.705Z" , "level": "info", "message": "GET /api/parks/1 304 - - 0.839 ms"},
{"timeStamp": "2022-04-20T11:20:05.925Z" , "level": "info", "message": "GET /static/resized/dark_n_stormy.png 200 94816 - 4.681 ms"},
{"timeStamp": "2022-04-20T11:20:06.024Z" , "level": "info", "message": "GET /api/cocktails 200 100244 - 107.902 ms"},
{"timeStamp": "2022-04-20T11:20:06.033Z" , "level": "info", "message": "GET /api/cocktails/ingredients 200 6800 - 2.757 ms"},
{"timeStamp": "2022-04-20T11:20:06.077Z" , "level": "info", "message": "GET /api/cocktails/by_ingredients 200 161720 - 41.601 ms"},
{"timeStamp": "2022-04-20T11:20:06.078Z" , "level": "info", "message": "GET /api/cocktails 304 - - 46.821 ms"},
{"timeStamp": "2022-04-20T11:20:06.082Z" , "level": "info", "message": "GET /api/cocktails/ingredients 304 - - 0.302 ms"},
{"timeStamp": "2022-04-20T11:20:06.086Z" , "level": "info", "message": "GET /api/cocktails/by_ingredients 304 - - 1.078 ms"},
{"timeStamp": "2022-04-20T11:20:12.929Z" , "level": "info", "message": "GET /api/cocktails/random_picture 200 36 - 4.269 ms"},
{"timeStamp": "2022-04-20T11:20:12.938Z" , "level": "info", "message": "GET /static/resized/planters_punch.png 200 115005 - 1.293 ms"},
{"timeStamp": "2022-04-20T11:20:14.810Z" , "level": "info", "message": "GET /api/cocktails/random_picture 200 29 - 3.894 ms"},
{"timeStamp": "2022-04-20T11:20:14.819Z" , "level": "info", "message": "GET /static/resized/sidecar.png 200 38277 - 1.574 ms"},
{"timeStamp": "2022-04-20T11:20:15.410Z" , "level": "info", "message": "GET /api/cocktails/random_picture 200 30 - 3.725 ms"},
{"timeStamp": "2022-04-20T11:20:15.426Z" , "level": "info", "message": "GET /static/resized/daiquiri.png 404 1424 - 10.073 ms"},
{"timeStamp": "2022-04-20T11:20:15.882Z" , "level": "info", "message": "GET /api/cocktails/random_picture 200 35 - 3.710 ms"},
{"timeStamp": "2022-04-20T11:20:16.666Z" , "level": "info", "message": "GET /api/cocktails/random_picture 200 34 - 4.099 ms"},
{"timeStamp": "2022-04-20T11:20:16.678Z" , "level": "info", "message": "GET /static/resized/john_collins.png 200 68194 - 4.208 ms"},
{"timeStamp": "2022-04-20T11:20:17.157Z" , "level": "info", "message": "GET /api/cocktails/random_picture 200 39 - 5.810 ms"},
{"timeStamp": "2022-04-20T11:20:17.164Z" , "level": "info", "message": "GET /static/resized/hemingway_special.png 200 59811 - 1.543 ms"},
{"timeStamp": "2022-04-20T11:20:17.652Z" , "level": "info", "message": "GET /api/cocktails/random_picture 200 32 - 3.825 ms"},
{"timeStamp": "2022-04-20T11:20:17.661Z" , "level": "info", "message": "GET /static/resized/pisco_sour.png 200 54117 - 1.486 ms"},
{"timeStamp": "2022-04-20T11:20:18.186Z" , "level": "info", "message": "GET /api/cocktails/random_picture 200 33 - 4.070 ms"},
{"timeStamp": "2022-04-20T11:20:18.195Z" , "level": "info", "message": "GET /static/resized/screwdriver.png 200 63312 - 1.327 ms"},
{"timeStamp": "2022-04-20T11:20:18.699Z" , "level": "info", "message": "GET /api/cocktails/random_picture 200 34 - 4.240 ms"},
{"timeStamp": "2022-04-20T11:20:19.324Z" , "level": "info", "message": "GET /api/cocktails/random_picture 200 33 - 3.906 ms"},
{"timeStamp": "2022-04-20T11:20:19.331Z" , "level": "info", "message": "GET /static/resized/yellow_bird.png 200 58929 - 1.159 ms"},
{"timeStamp": "2022-04-20T11:20:19.789Z" , "level": "info", "message": "GET /api/cocktails/random_picture 200 29 - 4.097 ms"},
{"timeStamp": "2022-04-20T11:20:19.796Z" , "level": "info", "message": "GET /static/resized/vampiro.png 200 31361 - 1.205 ms"},
{"timeStamp": "2022-04-20T11:20:20.203Z" , "level": "info", "message": "GET /api/cocktails/random_picture 200 32 - 3.096 ms"},
{"timeStamp": "2022-04-20T11:20:20.211Z" , "level": "info", "message": "GET /static/resized/rusty_nail.png 200 65678 - 1.223 ms"},
{"timeStamp": "2022-04-20T11:20:20.643Z" , "level": "info", "message": "GET /api/cocktails/random_picture 200 36 - 3.428 ms"},
{"timeStamp": "2022-04-20T11:20:21.084Z" , "level": "info", "message": "GET /api/cocktails/random_picture 200 33 - 3.558 ms"},
{"timeStamp": "2022-04-20T11:20:21.091Z" , "level": "info", "message": "GET /static/resized/clover_club.png 200 61836 - 1.559 ms"},
{"timeStamp": "2022-04-20T11:20:21.484Z" , "level": "info", "message": "GET /api/cocktails/random_picture 200 35 - 3.337 ms"},
{"timeStamp": "2022-04-20T11:20:21.490Z" , "level": "info", "message": "GET /static/resized/dirty_martini.png 200 28925 - 1.078 ms"},
{"timeStamp": "2022-04-20T11:20:21.898Z" , "level": "info", "message": "GET /api/cocktails/random_picture 200 34 - 3.183 ms"},
{"timeStamp": "2022-04-20T11:20:22.333Z" , "level": "info", "message": "GET /api/cocktails/random_picture 200 33 - 4.907 ms"},
{"timeStamp": "2022-04-20T11:20:22.837Z" , "level": "info", "message": "GET /api/cocktails/random_picture 200 31 - 3.352 ms"},
{"timeStamp": "2022-04-20T11:20:22.843Z" , "level": "info", "message": "GET /static/resized/margarita.png 200 52727 - 1.087 ms"},
{"timeStamp": "2022-04-20T11:27:09.814Z" , "level": "info", "message": "GET /static/resized/dark_n_stormy.png 304 - - 2.303 ms"},
{"timeStamp": "2022-04-20T11:27:10.023Z" , "level": "info", "message": "GET /api/cocktails 304 - - 81.210 ms"},
{"timeStamp": "2022-04-20T11:27:10.028Z" , "level": "info", "message": "GET /api/cocktails 304 - - 1.256 ms"},
{"timeStamp": "2022-04-20T11:27:10.051Z" , "level": "info", "message": "GET /api/cocktails/ingredients 304 - - 17.314 ms"},
{"timeStamp": "2022-04-20T11:27:10.053Z" , "level": "info", "message": "GET /api/cocktails/ingredients 304 - - 0.578 ms"},
{"timeStamp": "2022-04-20T11:27:10.089Z" , "level": "info", "message": "GET /api/cocktails/by_ingredients 304 - - 37.201 ms"},
{"timeStamp": "2022-04-20T11:27:10.091Z" , "level": "info", "message": "GET /api/cocktails/by_ingredients 304 - - 1.377 ms"},
{"timeStamp": "2022-04-20T11:27:16.410Z" , "level": "info", "message": "GET /api/cocktails/random_picture 304 - - 22.896 ms"},
{"timeStamp": "2022-04-20T11:27:16.421Z" , "level": "info", "message": "GET /static/resized/margarita.png 304 - - 3.741 ms"},
{"timeStamp": "2022-04-20T11:27:18.632Z" , "level": "info", "message": "GET /api/cocktails/random_picture 200 35 - 7.475 ms"},
{"timeStamp": "2022-04-20T11:27:18.641Z" , "level": "info", "message": "GET /static/resized/dirty_martini.png 304 - - 1.007 ms"},
{"timeStamp": "2022-04-20T11:27:19.151Z" , "level": "info", "message": "GET /api/cocktails/random_picture 200 29 - 5.214 ms"},
{"timeStamp": "2022-04-20T11:27:19.164Z" , "level": "info", "message": "GET /static/resized/mai-tai.png 200 67563 - 3.296 ms"},
{"timeStamp": "2022-04-20T11:27:19.542Z" , "level": "info", "message": "GET /api/cocktails/random_picture 200 32 - 5.407 ms"},
{"timeStamp": "2022-04-20T11:27:19.550Z" , "level": "info", "message": "GET /static/resized/caipirinha.png 200 82086 - 1.346 ms"},
{"timeStamp": "2022-04-20T11:27:19.879Z" , "level": "info", "message": "GET /api/cocktails/random_picture 200 25 - 6.917 ms"},
{"timeStamp": "2022-04-20T11:27:19.888Z" , "level": "info", "message": "GET /static/resized/b52.png 200 83670 - 1.605 ms"},
{"timeStamp": "2022-04-20T11:27:20.096Z" , "level": "info", "message": "GET /api/cocktails/random_picture 200 31 - 5.569 ms"},
{"timeStamp": "2022-04-20T11:27:20.271Z" , "level": "info", "message": "GET /api/cocktails/random_picture 200 39 - 6.320 ms"},
{"timeStamp": "2022-04-20T11:27:20.281Z" , "level": "info", "message": "GET /static/resized/hemingway_special.png 304 - - 0.546 ms"},
{"timeStamp": "2022-04-20T11:27:20.462Z" , "level": "info", "message": "GET /api/cocktails/random_picture 200 38 - 5.418 ms"},
{"timeStamp": "2022-04-20T11:27:20.470Z" , "level": "info", "message": "GET /static/resized/spritz_veneziano.png 200 66127 - 1.220 ms"},
{"timeStamp": "2022-04-20T11:27:20.660Z" , "level": "info", "message": "GET /api/cocktails/random_picture 200 32 - 3.520 ms"},
{"timeStamp": "2022-04-20T11:27:20.667Z" , "level": "info", "message": "GET /static/resized/porto_flip.png 200 16908 - 1.498 ms"},
{"timeStamp": "2022-04-20T11:27:20.829Z" , "level": "info", "message": "GET /api/cocktails/random_picture 200 28 - 4.759 ms"},
{"timeStamp": "2022-04-20T11:27:20.836Z" , "level": "info", "message": "GET /static/resized/tuxedo.png 200 79249 - 0.979 ms"},
{"timeStamp": "2022-04-20T11:27:21.005Z" , "level": "info", "message": "GET /api/cocktails/random_picture 200 35 - 3.442 ms"},
{"timeStamp": "2022-04-20T11:27:21.198Z" , "level": "info", "message": "GET /api/cocktails/random_picture 200 25 - 3.051 ms"},
{"timeStamp": "2022-04-20T11:27:21.208Z" , "level": "info", "message": "GET /static/resized/kir.png 200 26576 - 1.417 ms"},
{"timeStamp": "2022-04-20T11:27:21.357Z" , "level": "info", "message": "GET /api/cocktails/random_picture 200 33 - 3.647 ms"},
{"timeStamp": "2022-04-20T11:27:21.364Z" , "level": "info", "message": "GET /static/resized/dry_martini.png 200 20420 - 1.132 ms"},
{"timeStamp": "2022-04-20T11:27:21.519Z" , "level": "info", "message": "GET /api/cocktails/random_picture 200 30 - 3.317 ms"},
{"timeStamp": "2022-04-20T11:27:21.526Z" , "level": "info", "message": "GET /static/resized/paradise.png 200 29376 - 1.018 ms"},
{"timeStamp": "2022-04-20T11:27:21.694Z" , "level": "info", "message": "GET /api/cocktails/random_picture 200 37 - 4.013 ms"},
{"timeStamp": "2022-04-20T11:27:21.701Z" , "level": "info", "message": "GET /static/resized/tequila_sunrise.png 200 57406 - 1.207 ms"},
{"timeStamp": "2022-04-20T11:27:21.863Z" , "level": "info", "message": "GET /api/cocktails/random_picture 200 33 - 4.393 ms"},
{"timeStamp": "2022-04-20T11:27:21.876Z" , "level": "info", "message": "GET /static/resized/grasshopper.png 200 73303 - 1.075 ms"},
{"timeStamp": "2022-04-20T11:27:22.030Z" , "level": "info", "message": "GET /api/cocktails/random_picture 200 28 - 3.340 ms"},
{"timeStamp": "2022-04-20T11:27:22.036Z" , "level": "info", "message": "GET /static/resized/mojito.png 200 61062 - 1.122 ms"},
{"timeStamp": "2022-04-20T11:27:22.182Z" , "level": "info", "message": "GET /api/cocktails/random_picture 200 32 - 3.477 ms"},
{"timeStamp": "2022-04-20T11:27:22.189Z" , "level": "info", "message": "GET /static/resized/god_mother.png 200 70613 - 1.261 ms"},
{"timeStamp": "2022-04-20T11:27:22.350Z" , "level": "info", "message": "GET /api/cocktails/random_picture 200 32 - 3.608 ms"},
{"timeStamp": "2022-04-20T11:27:22.357Z" , "level": "info", "message": "GET /static/resized/ramos_fizz.png 200 41489 - 1.135 ms"},
{"timeStamp": "2022-04-20T11:27:22.509Z" , "level": "info", "message": "GET /api/cocktails/random_picture 200 37 - 3.517 ms"},
{"timeStamp": "2022-04-20T11:27:22.516Z" , "level": "info", "message": "GET /static/resized/singapore_sling.png 200 67455 - 1.174 ms"},
{"timeStamp": "2022-04-20T11:27:22.685Z" , "level": "info", "message": "GET /api/cocktails/random_picture 200 35 - 3.596 ms"},
{"timeStamp": "2022-04-20T11:27:22.814Z" , "level": "info", "message": "GET /api/cocktails/random_picture 200 30 - 3.288 ms"},
{"timeStamp": "2022-04-20T11:27:22.820Z" , "level": "info", "message": "GET /static/resized/gin_fizz.png 200 62879 - 1.086 ms"},
{"timeStamp": "2022-04-20T11:27:22.985Z" , "level": "info", "message": "GET /api/cocktails/random_picture 200 28 - 4.091 ms"},
{"timeStamp": "2022-04-20T11:27:23.151Z" , "level": "info", "message": "GET /api/cocktails/random_picture 200 38 - 4.089 ms"},
{"timeStamp": "2022-04-20T11:27:23.157Z" , "level": "info", "message": "GET /static/resized/tommys_margarita.png 200 38745 - 1.237 ms"},
{"timeStamp": "2022-04-20T11:27:23.310Z" , "level": "info", "message": "GET /api/cocktails/random_picture 200 30 - 3.572 ms"},
{"timeStamp": "2022-04-20T11:27:23.316Z" , "level": "info", "message": "GET /static/resized/kamikaze.png 200 49179 - 1.140 ms"},
{"timeStamp": "2022-04-20T11:27:23.462Z" , "level": "info", "message": "GET /api/cocktails/random_picture 200 32 - 3.564 ms"},
{"timeStamp": "2022-04-20T11:27:23.470Z" , "level": "info", "message": "GET /static/resized/pisco_sour.png 304 - - 0.592 ms"},
{"timeStamp": "2022-04-20T11:27:23.791Z" , "level": "info", "message": "GET /api/cocktails/random_picture 200 42 - 4.059 ms"},
{"timeStamp": "2022-04-20T11:27:23.798Z" , "level": "info", "message": "GET /static/resized/long_island_iced_tea.png 200 136982 - 1.155 ms"},
{"timeStamp": "2022-04-20T11:27:23.967Z" , "level": "info", "message": "GET /api/cocktails/random_picture 200 33 - 3.881 ms"},
{"timeStamp": "2022-04-20T11:27:23.973Z" , "level": "info", "message": "GET /static/resized/screwdriver.png 304 - - 0.556 ms"},
{"timeStamp": "2022-04-20T11:27:24.136Z" , "level": "info", "message": "GET /api/cocktails/random_picture 200 42 - 4.774 ms"},
{"timeStamp": "2022-04-20T11:27:24.143Z" , "level": "info", "message": "GET /static/resized/russian_spring_punch.png 200 27396 - 1.304 ms"},
{"timeStamp": "2022-04-20T11:27:24.311Z" , "level": "info", "message": "GET /api/cocktails/random_picture 200 34 - 3.602 ms"},
{"timeStamp": "2022-04-20T11:27:24.321Z" , "level": "info", "message": "GET /static/resized/john_collins.png 304 - - 2.141 ms"},
{"timeStamp": "2022-04-20T11:27:24.493Z" , "level": "info", "message": "GET /api/cocktails/random_picture 200 32 - 2.462 ms"},
{"timeStamp": "2022-04-20T11:27:24.498Z" , "level": "info", "message": "GET /static/resized/rusty_nail.png 304 - - 0.553 ms"},
{"timeStamp": "2022-04-20T11:27:24.661Z" , "level": "info", "message": "GET /api/cocktails/random_picture 200 25 - 2.897 ms"},
{"timeStamp": "2022-04-20T11:27:24.830Z" , "level": "info", "message": "GET /api/cocktails/random_picture 200 30 - 2.716 ms"},
{"timeStamp": "2022-04-20T11:27:24.836Z" , "level": "info", "message": "GET /static/resized/aviation.png 200 46485 - 1.232 ms"},
{"timeStamp": "2022-04-20T11:27:25.010Z" , "level": "info", "message": "GET /api/cocktails/random_picture 200 35 - 5.021 ms"},
{"timeStamp": "2022-04-20T11:27:25.164Z" , "level": "info", "message": "GET /api/cocktails/random_picture 200 34 - 2.868 ms"},
{"timeStamp": "2022-04-20T11:27:25.171Z" , "level": "info", "message": "GET /static/resized/whiskey_sour.png 200 87798 - 1.218 ms"},
{"timeStamp": "2022-04-20T11:27:25.527Z" , "level": "info", "message": "GET /api/cocktails/random_picture 200 33 - 3.433 ms"},
{"timeStamp": "2022-04-20T11:27:25.694Z" , "level": "info", "message": "GET /api/cocktails/random_picture 200 31 - 2.668 ms"},
{"timeStamp": "2022-04-20T11:27:25.877Z" , "level": "info", "message": "GET /api/cocktails/random_picture 200 38 - 2.959 ms"},
{"timeStamp": "2022-04-20T11:27:25.882Z" , "level": "info", "message": "GET /static/resized/sex_on_the_beach.png 200 71752 - 0.817 ms"},
{"timeStamp": "2022-04-20T11:27:26.048Z" , "level": "info", "message": "GET /api/cocktails/random_picture 200 29 - 2.692 ms"},
{"timeStamp": "2022-04-20T11:27:26.055Z" , "level": "info", "message": "GET /static/resized/vampiro.png 304 - - 0.584 ms"},
{"timeStamp": "2022-04-20T11:27:26.223Z" , "level": "info", "message": "GET /api/cocktails/random_picture 200 32 - 3.061 ms"},
{"timeStamp": "2022-04-20T11:27:26.228Z" , "level": "info", "message": "GET /static/resized/porto_flip.png 304 - - 0.629 ms"},
{"timeStamp": "2022-04-20T11:27:26.409Z" , "level": "info", "message": "GET /api/cocktails/random_picture 200 31 - 3.133 ms"},
{"timeStamp": "2022-04-20T11:27:26.415Z" , "level": "info", "message": "GET /static/resized/french_75.png 200 21122 - 1.197 ms"},
{"timeStamp": "2022-04-20T11:27:26.607Z" , "level": "info", "message": "GET /api/cocktails/random_picture 200 36 - 2.593 ms"},
{"timeStamp": "2022-04-20T11:27:26.613Z" , "level": "info", "message": "GET /static/resized/planters_punch.png 304 - - 1.038 ms"},
{"timeStamp": "2022-04-20T11:27:26.785Z" , "level": "info", "message": "GET /api/cocktails/random_picture 200 30 - 3.155 ms"},
{"timeStamp": "2022-04-20T11:27:26.791Z" , "level": "info", "message": "GET /static/resized/aviation.png 304 - - 0.575 ms"},
{"timeStamp": "2022-04-20T11:27:26.968Z" , "level": "info", "message": "GET /api/cocktails/random_picture 200 33 - 3.194 ms"},
{"timeStamp": "2022-04-20T11:27:26.974Z" , "level": "info", "message": "GET /static/resized/bloody_mary.png 200 27387 - 1.027 ms"},
{"timeStamp": "2022-04-20T11:27:27.133Z" , "level": "info", "message": "GET /api/cocktails/random_picture 200 30 - 2.324 ms"},
{"timeStamp": "2022-04-20T11:27:27.140Z" , "level": "info", "message": "GET /static/resized/gin_fizz.png 304 - - 0.509 ms"},
{"timeStamp": "2022-04-20T11:27:27.312Z" , "level": "info", "message": "GET /api/cocktails/random_picture 304 - - 3.089 ms"},
{"timeStamp": "2022-04-20T11:27:27.496Z" , "level": "info", "message": "GET /api/cocktails/random_picture 200 35 - 3.375 ms"},
{"timeStamp": "2022-04-20T11:27:27.502Z" , "level": "info", "message": "GET /static/resized/old_fashioned.png 304 - - 0.591 ms"},
{"timeStamp": "2022-04-20T11:27:27.671Z" , "level": "info", "message": "GET /api/cocktails/random_picture 200 32 - 3.312 ms"},
{"timeStamp": "2022-04-20T11:27:27.679Z" , "level": "info", "message": "GET /static/resized/god_father.png 200 120972 - 1.107 ms"},
{"timeStamp": "2022-04-20T11:27:27.846Z" , "level": "info", "message": "GET /api/cocktails/random_picture 200 38 - 2.343 ms"},
{"timeStamp": "2022-04-20T11:27:27.852Z" , "level": "info", "message": "GET /static/resized/spritz_veneziano.png 304 - - 0.559 ms"},
{"timeStamp": "2022-04-20T11:27:28.023Z" , "level": "info", "message": "GET /api/cocktails/random_picture 200 34 - 2.686 ms"},
{"timeStamp": "2022-04-20T11:27:28.029Z" , "level": "info", "message": "GET /static/resized/cosmopolitan.png 200 51203 - 1.113 ms"},
{"timeStamp": "2022-04-20T11:27:28.208Z" , "level": "info", "message": "GET /api/cocktails/random_picture 200 42 - 3.027 ms"},
{"timeStamp": "2022-04-20T11:27:28.213Z" , "level": "info", "message": "GET /static/resized/long_island_iced_tea.png 304 - - 0.480 ms"},
{"timeStamp": "2022-04-20T11:27:28.383Z" , "level": "info", "message": "GET /api/cocktails/random_picture 200 34 - 2.498 ms"},
{"timeStamp": "2022-04-20T11:27:28.566Z" , "level": "info", "message": "GET /api/cocktails/random_picture 304 - - 2.413 ms"},
{"timeStamp": "2022-04-20T11:27:28.735Z" , "level": "info", "message": "GET /api/cocktails/random_picture 200 37 - 3.531 ms"},
{"timeStamp": "2022-04-20T11:27:28.741Z" , "level": "info", "message": "GET /static/resized/singapore_sling.png 304 - - 0.491 ms"},
{"timeStamp": "2022-04-20T11:27:28.920Z" , "level": "info", "message": "GET /api/cocktails/random_picture 200 26 - 3.087 ms"},
{"timeStamp": "2022-04-20T11:27:28.927Z" , "level": "info", "message": "GET /static/resized/rose.png 200 92918 - 1.043 ms"},
{"timeStamp": "2022-04-20T11:27:29.106Z" , "level": "info", "message": "GET /api/cocktails/random_picture 200 34 - 4.461 ms"},
{"timeStamp": "2022-04-20T11:27:29.113Z" , "level": "info", "message": "GET /static/resized/monkey_gland.png 200 63754 - 1.315 ms"},
{"timeStamp": "2022-04-20T11:27:29.311Z" , "level": "info", "message": "GET /api/cocktails/random_picture 200 28 - 2.603 ms"},
{"timeStamp": "2022-04-20T11:27:29.316Z" , "level": "info", "message": "GET /static/resized/mojito.png 304 - - 0.484 ms"},
{"timeStamp": "2022-04-20T11:27:29.521Z" , "level": "info", "message": "GET /api/cocktails/random_picture 200 39 - 3.072 ms"},
{"timeStamp": "2022-04-20T11:27:29.527Z" , "level": "info", "message": "GET /static/resized/harvey_wallbanger.png 200 80005 - 1.144 ms"},
{"timeStamp": "2022-04-20T11:27:29.697Z" , "level": "info", "message": "GET /api/cocktails/random_picture 200 37 - 3.791 ms"},
{"timeStamp": "2022-04-20T11:27:29.703Z" , "level": "info", "message": "GET /static/resized/tequila_sunrise.png 304 - - 0.575 ms"},
{"timeStamp": "2022-04-20T11:27:29.880Z" , "level": "info", "message": "GET /api/cocktails/random_picture 200 35 - 2.993 ms"},
{"timeStamp": "2022-04-20T11:27:29.887Z" , "level": "info", "message": "GET /static/resized/dirty_martini.png 304 - - 1.211 ms"},
{"timeStamp": "2022-04-20T11:27:30.059Z" , "level": "info", "message": "GET /api/cocktails/random_picture 200 38 - 6.212 ms"},
{"timeStamp": "2022-04-20T11:27:30.065Z" , "level": "info", "message": "GET /static/resized/espresso_martini.png 200 57732 - 0.990 ms"},
{"timeStamp": "2022-04-20T11:27:30.209Z" , "level": "info", "message": "GET /api/cocktails/random_picture 200 37 - 3.155 ms"},
{"timeStamp": "2022-04-20T11:27:30.378Z" , "level": "info", "message": "GET /api/cocktails/random_picture 200 26 - 3.518 ms"},
{"timeStamp": "2022-04-20T11:27:30.552Z" , "level": "info", "message": "GET /api/cocktails/random_picture 200 39 - 2.740 ms"},
{"timeStamp": "2022-04-20T11:27:30.557Z" , "level": "info", "message": "GET /static/resized/hemingway_special.png 304 - - 0.506 ms"},
{"timeStamp": "2022-04-20T11:27:30.713Z" , "level": "info", "message": "GET /api/cocktails/random_picture 200 30 - 2.952 ms"},
{"timeStamp": "2022-04-20T11:27:30.718Z" , "level": "info", "message": "GET /static/resized/paradise.png 304 - - 0.554 ms"},
{"timeStamp": "2022-04-20T11:27:30.878Z" , "level": "info", "message": "GET /api/cocktails/random_picture 304 - - 2.304 ms"},
{"timeStamp": "2022-04-20T11:27:31.025Z" , "level": "info", "message": "GET /api/cocktails/random_picture 200 29 - 3.300 ms"},
{"timeStamp": "2022-04-20T11:27:31.031Z" , "level": "info", "message": "GET /static/resized/sidecar.png 304 - - 0.569 ms"},
{"timeStamp": "2022-04-20T11:27:31.192Z" , "level": "info", "message": "GET /api/cocktails/random_picture 200 32 - 2.583 ms"},
{"timeStamp": "2022-04-20T11:27:31.198Z" , "level": "info", "message": "GET /static/resized/lemon_drop.png 200 85720 - 1.174 ms"},
{"timeStamp": "2022-04-20T11:27:31.362Z" , "level": "info", "message": "GET /api/cocktails/random_picture 200 25 - 3.077 ms"},
{"timeStamp": "2022-04-20T11:27:31.368Z" , "level": "info", "message": "GET /static/resized/b52.png 304 - - 0.561 ms"},
{"timeStamp": "2022-04-20T11:27:31.544Z" , "level": "info", "message": "GET /api/cocktails/random_picture 200 32 - 2.325 ms"},
{"timeStamp": "2022-04-20T11:27:31.549Z" , "level": "info", "message": "GET /static/resized/caipirinha.png 304 - - 0.467 ms"},
{"timeStamp": "2022-04-20T11:27:31.729Z" , "level": "info", "message": "GET /api/cocktails/random_picture 200 34 - 3.009 ms"},
{"timeStamp": "2022-04-20T11:27:31.735Z" , "level": "info", "message": "GET /static/resized/irish_coffee.png 200 54381 - 1.092 ms"},
{"timeStamp": "2022-04-20T11:27:31.898Z" , "level": "info", "message": "GET /api/cocktails/random_picture 200 29 - 3.682 ms"},
{"timeStamp": "2022-04-20T11:27:31.905Z" , "level": "info", "message": "GET /static/resized/bramble.png 200 97220 - 1.090 ms"},
{"timeStamp": "2022-04-20T11:27:32.073Z" , "level": "info", "message": "GET /api/cocktails/random_picture 200 29 - 2.729 ms"},
{"timeStamp": "2022-04-20T11:27:32.079Z" , "level": "info", "message": "GET /static/resized/negroni.png 200 59590 - 1.168 ms"},
{"timeStamp": "2022-04-20T11:27:32.249Z" , "level": "info", "message": "GET /api/cocktails/random_picture 200 35 - 2.620 ms"},
{"timeStamp": "2022-04-20T11:27:32.255Z" , "level": "info", "message": "GET /static/resized/black_russian.png 200 46119 - 1.133 ms"},
{"timeStamp": "2022-04-20T11:27:32.440Z" , "level": "info", "message": "GET /api/cocktails/random_picture 200 34 - 2.296 ms"},
{"timeStamp": "2022-04-20T11:27:32.445Z" , "level": "info", "message": "GET /static/resized/john_collins.png 304 - - 0.544 ms"},
{"timeStamp": "2022-04-20T11:27:32.619Z" , "level": "info", "message": "GET /api/cocktails/random_picture 200 32 - 3.345 ms"},
{"timeStamp": "2022-04-20T11:27:32.626Z" , "level": "info", "message": "GET /static/resized/angel_face.png 200 122879 - 1.283 ms"},
{"timeStamp": "2022-04-20T11:27:32.785Z" , "level": "info", "message": "GET /api/cocktails/random_picture 200 32 - 2.778 ms"},
{"timeStamp": "2022-04-20T11:27:32.985Z" , "level": "info", "message": "GET /api/cocktails/random_picture 200 42 - 2.558 ms"},
{"timeStamp": "2022-04-20T11:27:33.146Z" , "level": "info", "message": "GET /api/cocktails/random_picture 200 29 - 2.769 ms"},
{"timeStamp": "2022-04-20T11:27:34.416Z" , "level": "info", "message": "GET /static/resized/acadia_2.png 304 - - 0.790 ms"},
